#
# A fatal error has been detected by the Java Runtime Environment:
#
#  Internal Error (javaCalls.cpp:62), pid=9480, tid=9860
#  guarantee(thread->is_Java_thread()) failed: crucial check - the VM thread cannot and must not escape to Java code
#
# JRE version: 7.0_17-b02
# Java VM: Java HotSpot(TM) 64-Bit Server VM (23.7-b01 mixed mode windows-amd64 compressed oops)
# Failed to write core dump. Minidumps are not enabled by default on client versions of Windows
#
# If you would like to submit a bug report, please visit:
#   http://bugreport.sun.com/bugreport/crash.jsp
#

---------------  T H R E A D  ---------------

Current thread (0x0000000002218000):  GCTaskThread [stack: 0x0000000005c50000,0x0000000005d50000] [id=9860]

Stack: [0x0000000005c50000,0x0000000005d50000]
JavaThread 0x000000001142a800 (nid = 9624) was being processed
Java frames: (J=compiled Java code, j=interpreted, Vv=VM code)
j  com.springsource.loaded.Utils.loadBytesFromStream(Ljava/io/InputStream;)[B+12
j  com.springsource.loaded.MethodInvokerRewriter.rewriteUsingCache(Ljava/lang/String;Lcom/springsource/loaded/TypeRegistry;[B)[B+243
J  com.springsource.loaded.agent.SpringLoadedPreProcessor.preProcess(Ljava/lang/ClassLoader;Ljava/lang/String;Ljava/security/ProtectionDomain;[B)[B
J  sun.instrument.TransformerManager.transform(Ljava/lang/ClassLoader;Ljava/lang/String;Ljava/lang/Class;Ljava/security/ProtectionDomain;[B)[B
j  sun.instrument.InstrumentationImpl.transform(Ljava/lang/ClassLoader;Ljava/lang/String;Ljava/lang/Class;Ljava/security/ProtectionDomain;[BZ)[B+34
v  ~StubRoutines::call_stub
j  java.lang.ClassLoader.defineClass1(Ljava/lang/String;[BIILjava/security/ProtectionDomain;Ljava/lang/String;)Ljava/lang/Class;+0
j  java.lang.ClassLoader.defineClass(Ljava/lang/String;[BIILjava/security/ProtectionDomain;)Ljava/lang/Class;+30
j  java.security.SecureClassLoader.defineClass(Ljava/lang/String;[BIILjava/security/CodeSource;)Ljava/lang/Class;+12
j  java.net.URLClassLoader.defineClass(Ljava/lang/String;Lsun/misc/Resource;)Ljava/lang/Class;+220
J  java.net.URLClassLoader$1.run()Ljava/lang/Object;
v  ~StubRoutines::call_stub
J  java.security.AccessController.doPrivileged(Ljava/security/PrivilegedExceptionAction;Ljava/security/AccessControlContext;)Ljava/lang/Object;
J  org.codehaus.groovy.grails.cli.support.GrailsRootLoader.loadClass(Ljava/lang/String;Z)Ljava/lang/Class;
J  java.lang.ClassLoader.loadClass(Ljava/lang/String;)Ljava/lang/Class;
v  ~StubRoutines::call_stub
j  org.codehaus.groovy.grails.web.binding.DataBindingUtils.createDataBinder(Ljava/lang/Object;Ljava/util/List;Ljava/util/List;Ljavax/servlet/http/HttpServletRequest;)Lorg/codehaus/groovy/grails/web/binding/GrailsDataBinder;+29
j  org.codehaus.groovy.grails.web.binding.DataBindingUtils.bindObjectToDomainInstance(Lorg/codehaus/groovy/grails/commons/GrailsDomainClass;Ljava/lang/Object;Ljava/lang/Object;Ljava/util/List;Ljava/util/List;Ljava/lang/String;)Lorg/springframework/validation/BindingResult;+121
j  org.codehaus.groovy.grails.web.binding.DataBindingUtils.bindObjectToDomainInstance(Lorg/codehaus/groovy/grails/commons/GrailsDomainClass;Ljava/lang/Object;Ljava/lang/Object;)Lorg/springframework/validation/BindingResult;+11
j  org.codehaus.groovy.grails.plugins.web.api.ControllersDomainBindingApi.initialize(Ljava/lang/Object;Ljava/util/Map;)V+12
v  ~StubRoutines::call_stub
j  sun.reflect.NativeMethodAccessorImpl.invoke0(Ljava/lang/reflect/Method;Ljava/lang/Object;[Ljava/lang/Object;)Ljava/lang/Object;+0
j  sun.reflect.NativeMethodAccessorImpl.invoke(Ljava/lang/Object;[Ljava/lang/Object;)Ljava/lang/Object;+87
J  com.springsource.loaded.ri.ReflectiveInterceptor.jlrMethodInvoke(Ljava/lang/reflect/Method;Ljava/lang/Object;[Ljava/lang/Object;)Ljava/lang/Object;
J  com.springsource.loaded.ri.ReflectiveInterceptor.jlrMethodInvoke(Ljava/lang/reflect/Method;Ljava/lang/Object;[Ljava/lang/Object;)Ljava/lang/Object;
j  org.codehaus.groovy.runtime.callsite.PojoMetaMethodSite$PojoCachedMethodSite.invoke(Ljava/lang/Object;[Ljava/lang/Object;)Ljava/lang/Object;+19
j  org.codehaus.groovy.runtime.callsite.PojoMetaMethodSite.call(Ljava/lang/Object;[Ljava/lang/Object;)Ljava/lang/Object;+12
j  org.codehaus.groovy.runtime.callsite.CallSiteArray.defaultCall(Lorg/codehaus/groovy/runtime/callsite/CallSite;Ljava/lang/Object;[Ljava/lang/Object;)Ljava/lang/Object;+8
j  org.codehaus.groovy.runtime.callsite.AbstractCallSite.call(Ljava/lang/Object;[Ljava/lang/Object;)Ljava/lang/Object;+3
j  org.codehaus.groovy.grails.commons.metaclass.MetaClassEnhancer$1.call([Ljava/lang/Object;)Ljava/lang/Object;+82
j  groovy.lang.Closure.call(Ljava/lang/Object;)Ljava/lang/Object;+9
j  sun.reflect.GeneratedMethodAccessor65.invoke(Ljava/lang/Object;[Ljava/lang/Object;)Ljava/lang/Object;+40
J  com.springsource.loaded.ri.ReflectiveInterceptor.jlrMethodInvoke(Ljava/lang/reflect/Method;Ljava/lang/Object;[Ljava/lang/Object;)Ljava/lang/Object;
J  org.codehaus.groovy.reflection.CachedMethod.invoke(Ljava/lang/Object;[Ljava/lang/Object;)Ljava/lang/Object;
j  groovy.lang.MetaMethod.doMethodInvoke(Ljava/lang/Object;[Ljava/lang/Object;)Ljava/lang/Object;+9
j  groovy.lang.MetaClassImpl.invokeMethod(Ljava/lang/Class;Ljava/lang/Object;Ljava/lang/String;[Ljava/lang/Object;ZZ)Ljava/lang/Object;+1036
J  groovy.lang.ExpandoMetaClass.invokeMethod(Ljava/lang/Class;Ljava/lang/Object;Ljava/lang/String;[Ljava/lang/Object;ZZ)Ljava/lang/Object;
j  groovy.lang.MetaClassImpl.invokeMethod(Ljava/lang/Object;Ljava/lang/String;[Ljava/lang/Object;)Ljava/lang/Object;+10
j  org.codehaus.groovy.runtime.InvokerHelper.invokePogoMethod(Ljava/lang/Object;Ljava/lang/String;Ljava/lang/Object;)Ljava/lang/Object;+40
j  org.codehaus.groovy.runtime.InvokerHelper.invokeMethod(Ljava/lang/Object;Ljava/lang/String;Ljava/lang/Object;)Ljava/lang/Object;+62
j  org.codehaus.groovy.runtime.metaclass.ClosureMetaMethod$AnonymousMetaMethod.invoke(Ljava/lang/Object;[Ljava/lang/Object;)Ljava/lang/Object;+26
j  groovy.lang.MetaMethod.doMethodInvoke(Ljava/lang/Object;[Ljava/lang/Object;)Ljava/lang/Object;+9
j  org.codehaus.groovy.runtime.callsite.ConstructorMetaMethodSite.callConstructor(Ljava/lang/Object;[Ljava/lang/Object;)Ljava/lang/Object;+59
j  org.codehaus.groovy.runtime.callsite.CallSiteArray.defaultCallConstructor(Lorg/codehaus/groovy/runtime/callsite/CallSite;Ljava/lang/Object;[Ljava/lang/Object;)Ljava/lang/Object;+11
j  org.codehaus.groovy.runtime.callsite.AbstractCallSite.callConstructor(Ljava/lang/Object;[Ljava/lang/Object;)Ljava/lang/Object;+3
j  org.codehaus.groovy.runtime.callsite.AbstractCallSite.callConstructor(Ljava/lang/Object;Ljava/lang/Object;)Ljava/lang/Object;+6
j  com.van.trieranantes.dechet.BootstrapService.creerCollecte()Ljava/lang/Object;+184
j  com.van.trieranantes.dechet.BootstrapService$creerCollecte.callCurrent(Lgroovy/lang/GroovyObject;[Ljava/lang/Object;)Ljava/lang/Object;+82
j  org.codehaus.groovy.runtime.callsite.CallSiteArray.defaultCallCurrent(Lorg/codehaus/groovy/runtime/callsite/CallSite;Lgroovy/lang/GroovyObject;[Ljava/lang/Object;)Ljava/lang/Object;+17
j  org.codehaus.groovy.runtime.callsite.AbstractCallSite.callCurrent(Lgroovy/lang/GroovyObject;[Ljava/lang/Object;)Ljava/lang/Object;+3
j  org.codehaus.groovy.runtime.callsite.AbstractCallSite.callCurrent(Lgroovy/lang/GroovyObject;)Ljava/lang/Object;+5
j  com.van.trieranantes.dechet.BootstrapService.initDonneesDeveloppement()Ljava/lang/Object;+141
j  com.van.trieranantes.dechet.BootstrapService$$FastClassByCGLIB$$7572f17a.invoke(ILjava/lang/Object;[Ljava/lang/Object;)Ljava/lang/Object;+221
j  net.sf.cglib.proxy.MethodProxy.invoke(Ljava/lang/Object;[Ljava/lang/Object;)Ljava/lang/Object;+19
j  org.springframework.aop.framework.Cglib2AopProxy$CglibMethodInvocation.invokeJoinpoint()Ljava/lang/Object;+24
j  org.springframework.aop.framework.ReflectiveMethodInvocation.proceed()Ljava/lang/Object;+19
j  org.springframework.transaction.interceptor.TransactionInterceptor.invoke(Lorg/aopalliance/intercept/MethodInvocation;)Ljava/lang/Object;+87
j  org.springframework.aop.framework.ReflectiveMethodInvocation.proceed()Ljava/lang/Object;+101
j  org.springframework.aop.framework.Cglib2AopProxy$DynamicAdvisedInterceptor.intercept(Ljava/lang/Object;Ljava/lang/reflect/Method;[Ljava/lang/Object;Lnet/sf/cglib/proxy/MethodProxy;)Ljava/lang/Object;+112
j  com.van.trieranantes.dechet.BootstrapService$$EnhancerByCGLIB$$c4e3dfff.initDonneesDeveloppement()Ljava/lang/Object;+304
j  com.van.trieranantes.dechet.BootstrapService$initDonneesDeveloppement.call(Ljava/lang/Object;[Ljava/lang/Object;)Ljava/lang/Object;+82
j  org.codehaus.groovy.runtime.callsite.CallSiteArray.defaultCall(Lorg/codehaus/groovy/runtime/callsite/CallSite;Ljava/lang/Object;[Ljava/lang/Object;)Ljava/lang/Object;+8
j  org.codehaus.groovy.runtime.callsite.AbstractCallSite.call(Ljava/lang/Object;[Ljava/lang/Object;)Ljava/lang/Object;+3
j  org.codehaus.groovy.runtime.callsite.AbstractCallSite.call(Ljava/lang/Object;)Ljava/lang/Object;+5
j  BootStrap$_closure1.doCall(Ljava/lang/Object;)Ljava/lang/Object;+65
v  ~StubRoutines::call_stub
j  sun.reflect.NativeMethodAccessorImpl.invoke0(Ljava/lang/reflect/Method;Ljava/lang/Object;[Ljava/lang/Object;)Ljava/lang/Object;+0
j  sun.reflect.NativeMethodAccessorImpl.invoke(Ljava/lang/Object;[Ljava/lang/Object;)Ljava/lang/Object;+87
J  com.springsource.loaded.ri.ReflectiveInterceptor.jlrMethodInvoke(Ljava/lang/reflect/Method;Ljava/lang/Object;[Ljava/lang/Object;)Ljava/lang/Object;
J  org.codehaus.groovy.reflection.CachedMethod.invoke(Ljava/lang/Object;[Ljava/lang/Object;)Ljava/lang/Object;
j  groovy.lang.MetaMethod.doMethodInvoke(Ljava/lang/Object;[Ljava/lang/Object;)Ljava/lang/Object;+9
j  groovy.lang.MetaClassImpl.invokeMethod(Ljava/lang/Class;Ljava/lang/Object;Ljava/lang/String;[Ljava/lang/Object;ZZ)Ljava/lang/Object;+1036
J  groovy.lang.ExpandoMetaClass.invokeMethod(Ljava/lang/Class;Ljava/lang/Object;Ljava/lang/String;[Ljava/lang/Object;ZZ)Ljava/lang/Object;
j  groovy.lang.MetaClassImpl.invokeMethod(Ljava/lang/Object;Ljava/lang/String;[Ljava/lang/Object;)Ljava/lang/Object;+10
j  groovy.lang.MetaClassImpl.invokeMethod(Ljava/lang/Class;Ljava/lang/Object;Ljava/lang/String;[Ljava/lang/Object;ZZ)Ljava/lang/Object;+278
J  groovy.lang.ExpandoMetaClass.invokeMethod(Ljava/lang/Class;Ljava/lang/Object;Ljava/lang/String;[Ljava/lang/Object;ZZ)Ljava/lang/Object;
j  groovy.lang.MetaClassImpl.invokeMethod(Ljava/lang/Object;Ljava/lang/String;[Ljava/lang/Object;)Ljava/lang/Object;+10
j  groovy.lang.Closure.call([Ljava/lang/Object;)Ljava/lang/Object;+8
j  groovy.lang.Closure.call()Ljava/lang/Object;+6
j  grails.util.Environment.evaluateEnvironmentSpecificBlock(Lgrails/util/Environment;Lgroovy/lang/Closure;)Lgrails/util/Environment$EnvironmentBlockEvaluator;+16
j  grails.util.Environment.executeForEnvironment(Lgrails/util/Environment;Lgroovy/lang/Closure;)Ljava/lang/Object;+8
j  grails.util.Environment.executeForCurrentEnvironment(Lgroovy/lang/Closure;)Ljava/lang/Object;+6
j  org.codehaus.groovy.grails.commons.DefaultGrailsBootstrapClass.callInit(Ljavax/servlet/ServletContext;)V+23
j  org.codehaus.groovy.grails.web.context.GrailsConfigUtils.executeGrailsBootstraps(Lorg/codehaus/groovy/grails/commons/GrailsApplication;Lorg/springframework/web/context/WebApplicationContext;Ljavax/servlet/ServletContext;)V+113
j  org.codehaus.groovy.grails.web.context.GrailsContextLoader.initWebApplicationContext(Ljavax/servlet/ServletContext;)Lorg/springframework/web/context/WebApplicationContext;+131
j  org.springframework.web.context.ContextLoaderListener.contextInitialized(Ljavax/servlet/ServletContextEvent;)V+28
j  org.apache.catalina.core.StandardContext.listenerStart()Z+530
j  org.apache.catalina.core.StandardContext.startInternal()V+1187
j  org.apache.catalina.util.LifecycleBase.start()V+210
j  org.apache.catalina.core.ContainerBase$StartChild.call()Ljava/lang/Void;+4
j  org.apache.catalina.core.ContainerBase$StartChild.call()Ljava/lang/Object;+1
j  java.util.concurrent.FutureTask$Sync.innerRun()V+29
j  java.util.concurrent.FutureTask.run()V+4
j  java.util.concurrent.ThreadPoolExecutor.runWorker(Ljava/util/concurrent/ThreadPoolExecutor$Worker;)V+95
j  java.util.concurrent.ThreadPoolExecutor$Worker.run()V+5
j  java.lang.Thread.run()V+11
v  ~StubRoutines::call_stub

---------------  P R O C E S S  ---------------

Java Threads: ( => current thread )
  0x000000001142b000 JavaThread "net.sf.ehcache.CacheManager@35537029" daemon [_thread_blocked, id=9612, stack(0x0000000014320000,0x0000000014420000)]
  0x000000001142a800 JavaThread "pool-5-thread-1" [_thread_blocked, id=9624, stack(0x000000000e150000,0x000000000e250000)]
  0x0000000011429800 JavaThread "pool-4-thread-1" [_thread_blocked, id=9764, stack(0x0000000013bd0000,0x0000000013cd0000)]
  0x0000000011428000 JavaThread "pool-2-thread-5" [_thread_blocked, id=10084, stack(0x00000000137f0000,0x00000000138f0000)]
  0x0000000011427800 JavaThread "pool-2-thread-4" [_thread_blocked, id=1508, stack(0x0000000014040000,0x0000000014140000)]
  0x0000000011426800 JavaThread "pool-2-thread-3" [_thread_blocked, id=8352, stack(0x00000000136f0000,0x00000000137f0000)]
  0x0000000011647000 JavaThread "pool-2-thread-2" [_thread_blocked, id=9696, stack(0x0000000013550000,0x0000000013650000)]
  0x0000000011bba800 JavaThread "pool-2-thread-1" [_thread_blocked, id=6924, stack(0x0000000010370000,0x0000000010470000)]
  0x000000000e697000 JavaThread "pool-1-thread-5" [_thread_blocked, id=9592, stack(0x0000000013ed0000,0x0000000013fd0000)]
  0x000000000f7ae800 JavaThread "pool-1-thread-4" [_thread_blocked, id=7880, stack(0x0000000013cd0000,0x0000000013dd0000)]
  0x000000000dd68000 JavaThread "pool-1-thread-3" [_thread_blocked, id=9952, stack(0x0000000013a90000,0x0000000013b90000)]
  0x000000000d7c2800 JavaThread "pool-1-thread-2" [_thread_blocked, id=9844, stack(0x0000000013970000,0x0000000013a70000)]
  0x0000000011fc1000 JavaThread "pool-1-thread-1" [_thread_blocked, id=10040, stack(0x000000000bb80000,0x000000000bc80000)]
  0x0000000010003000 JavaThread "FileSystemWatcher: files=#247 cl=java.net.URLClassLoader@35ac3082" daemon [_thread_blocked, id=9996, stack(0x000000000e030000,0x000000000e130000)]
  0x000000000d940000 JavaThread "FileSystemWatcher: files=#6 cl=groovy.lang.GroovyClassLoader@39c1392b" daemon [_thread_blocked, id=2684, stack(0x000000000bd70000,0x000000000be70000)]
  0x0000000011134000 JavaThread "Synchronizer (Spring UAA/1.0.1)" daemon [_thread_blocked, id=9816, stack(0x000000000cea0000,0x000000000cfa0000)]
  0x0000000008c8f000 JavaThread "Service Thread" daemon [_thread_blocked, id=9948, stack(0x000000000a790000,0x000000000a890000)]
  0x0000000008c8e000 JavaThread "C2 CompilerThread1" daemon [_thread_blocked, id=9264, stack(0x0000000009ae0000,0x0000000009be0000)]
  0x0000000008c68800 JavaThread "C2 CompilerThread0" daemon [_thread_blocked, id=9648, stack(0x000000000a5d0000,0x000000000a6d0000)]
  0x0000000008c27800 JavaThread "Attach Listener" daemon [_thread_blocked, id=7340, stack(0x000000000a070000,0x000000000a170000)]
  0x0000000008c20800 JavaThread "Signal Dispatcher" daemon [_thread_blocked, id=8228, stack(0x0000000009f00000,0x000000000a000000)]
  0x00000000022c6800 JavaThread "Finalizer" daemon [_thread_blocked, id=8992, stack(0x0000000009e00000,0x0000000009f00000)]
  0x0000000008ba3800 JavaThread "Reference Handler" daemon [_thread_blocked, id=9936, stack(0x0000000009c30000,0x0000000009d30000)]
  0x000000000019d000 JavaThread "main" [_thread_blocked, id=10156, stack(0x00000000023d0000,0x00000000024d0000)]

Other Threads:
  0x0000000008ba2800 VMThread [stack: 0x00000000099e0000,0x0000000009ae0000] [id=7668]
  0x0000000008c88800 WatcherThread [stack: 0x000000000aa40000,0x000000000ab40000] [id=7852]

=>0x0000000002218000 (exited) GCTaskThread [stack: 0x0000000005c50000,0x0000000005d50000] [id=9860]

VM state:at safepoint (normal execution)

VM Mutex/Monitor currently owned by a thread:  ([mutex/lock_event])
[0x000000000019b850] Threads_lock - owner thread: 0x0000000008ba2800
[0x000000000019bd50] Heap_lock - owner thread: 0x000000001142a800

Heap
 PSYoungGen      total 214400K, used 182104K [0x00000000f0000000, 0x00000000ffa80000, 0x0000000100000000)
  eden space 175552K, 97% used [0x00000000f0000000,0x00000000fa64f850,0x00000000fab70000)
  from space 38848K, 30% used [0x00000000fab70000,0x00000000fb6f68b8,0x00000000fd160000)
  to   space 36480K, 33% used [0x00000000fd6e0000,0x00000000fe2d9fd0,0x00000000ffa80000)
 ParOldGen       total 185792K, used 119430K [0x00000000d0000000, 0x00000000db570000, 0x00000000f0000000)
  object space 185792K, 64% used [0x00000000d0000000,0x00000000d74a1ac0,0x00000000db570000)
 PSPermGen       total 90112K, used 77745K [0x00000000c0000000, 0x00000000c5800000, 0x00000000d0000000)
  object space 90112K, 86% used [0x00000000c0000000,0x00000000c4bec550,0x00000000c5800000)

Card table byte_map: [0x00000000056b0000,0x00000000058c0000] byte_map_base: 0x00000000050b0000

Polling page: 0x0000000000130000

Code Cache  [0x00000000025f0000, 0x0000000002df0000, 0x00000000055f0000)
 total_blobs=2242 nmethods=1565 adapters=627 free_code_cache=42081Kb largest_free_block=41959424

Compilation events (10 events):
Event: 37.900 Thread 0x0000000008c68800 1728             org.objectweb.asm.ByteVector::putUTF8 (397 bytes)
Event: 37.909 Thread 0x0000000008c8e000 1729             org.objectweb.asm.Type::a (214 bytes)
Event: 37.910 Thread 0x0000000008c68800 nmethod 1728 0x0000000002c4bbd0 code [0x0000000002c4bd60, 0x0000000002c4c4f0]
Event: 37.921 Thread 0x0000000008c8e000 nmethod 1729 0x00000000029ab710 code [0x00000000029ab8e0, 0x00000000029aca70]
Event: 37.947 Thread 0x0000000008c68800 1730             sun.misc.ProxyGenerator$ConstantPool$IndirectEntry::hashCode (15 bytes)
Event: 37.948 Thread 0x0000000008c68800 nmethod 1730 0x0000000002c4b910 code [0x0000000002c4ba40, 0x0000000002c4ba98]
Event: 37.948 Thread 0x0000000008c8e000 1731             sun.misc.ProxyGenerator$ConstantPool$Entry::<init> (5 bytes)
Event: 37.948 Thread 0x0000000008c68800 1732             sun.misc.ProxyGenerator$ConstantPool$Entry::<init> (5 bytes)
Event: 37.948 Thread 0x0000000008c8e000 nmethod 1731 0x00000000029ab510 code [0x00000000029ab640, 0x00000000029ab698]
Event: 37.948 Thread 0x0000000008c68800 nmethod 1732 0x0000000002a3ab50 code [0x0000000002a3ac80, 0x0000000002a3acd8]

GC Heap History (10 events):
Event: 36.554 GC heap after
Heap after GC invocations=68 (full 7):
 PSYoungGen      total 206208K, used 3750K [0x00000000f0000000, 0x00000000ffaa0000, 0x0000000100000000)
  eden space 157248K, 0% used [0x00000000f0000000,0x00000000f0000000,0x00000000f9990000)
  from space 48960K, 7% used [0x00000000f9990000,0x00000000f9d39890,0x00000000fc960000)
  to   space 46784K, 0% used [0x00000000fccf0000,0x00000000fccf0000,0x00000000ffaa0000)
 ParOldGen       total 185792K, used 119430K [0x00000000d0000000, 0x00000000db570000, 0x00000000f0000000)
  object space 185792K, 64% used [0x00000000d0000000,0x00000000d74a1ac0,0x00000000db570000)
 PSPermGen       total 90112K, used 72655K [0x00000000c0000000, 0x00000000c5800000, 0x00000000d0000000)
  object space 90112K, 80% used [0x00000000c0000000,0x00000000c46f3fb8,0x00000000c5800000)
}
Event: 36.842 GC heap before
{Heap before GC invocations=69 (full 7):
 PSYoungGen      total 206208K, used 157384K [0x00000000f0000000, 0x00000000ffaa0000, 0x0000000100000000)
  eden space 157248K, 97% used [0x00000000f0000000,0x00000000f9608af8,0x00000000f9990000)
  from space 48960K, 7% used [0x00000000f9990000,0x00000000f9d39890,0x00000000fc960000)
  to   space 46784K, 0% used [0x00000000fccf0000,0x00000000fccf0000,0x00000000ffaa0000)
 ParOldGen       total 185792K, used 119430K [0x00000000d0000000, 0x00000000db570000, 0x00000000f0000000)
  object space 185792K, 64% used [0x00000000d0000000,0x00000000d74a1ac0,0x00000000db570000)
 PSPermGen       total 90112K, used 73873K [0x00000000c0000000, 0x00000000c5800000, 0x00000000d0000000)
  object space 90112K, 81% used [0x00000000c0000000,0x00000000c48246b0,0x00000000c5800000)
Event: 36.849 GC heap after
Heap after GC invocations=69 (full 7):
 PSYoungGen      total 210624K, used 6134K [0x00000000f0000000, 0x00000000ff8e0000, 0x0000000100000000)
  eden space 165632K, 0% used [0x00000000f0000000,0x00000000f0000000,0x00000000fa1c0000)
  from space 44992K, 13% used [0x00000000fccf0000,0x00000000fd2ed968,0x00000000ff8e0000)
  to   space 44224K, 0% used [0x00000000fa1c0000,0x00000000fa1c0000,0x00000000fccf0000)
 ParOldGen       total 185792K, used 119430K [0x00000000d0000000, 0x00000000db570000, 0x00000000f0000000)
  object space 185792K, 64% used [0x00000000d0000000,0x00000000d74a1ac0,0x00000000db570000)
 PSPermGen       total 90112K, used 73873K [0x00000000c0000000, 0x00000000c5800000, 0x00000000d0000000)
  object space 90112K, 81% used [0x00000000c0000000,0x00000000c48246b0,0x00000000c5800000)
}
Event: 37.248 GC heap before
{Heap before GC invocations=70 (full 7):
 PSYoungGen      total 210624K, used 167116K [0x00000000f0000000, 0x00000000ff8e0000, 0x0000000100000000)
  eden space 165632K, 97% used [0x00000000f0000000,0x00000000f9d35a10,0x00000000fa1c0000)
  from space 44992K, 13% used [0x00000000fccf0000,0x00000000fd2ed968,0x00000000ff8e0000)
  to   space 44224K, 0% used [0x00000000fa1c0000,0x00000000fa1c0000,0x00000000fccf0000)
 ParOldGen       total 185792K, used 119430K [0x00000000d0000000, 0x00000000db570000, 0x00000000f0000000)
  object space 185792K, 64% used [0x00000000d0000000,0x00000000d74a1ac0,0x00000000db570000)
 PSPermGen       total 90112K, used 75272K [0x00000000c0000000, 0x00000000c5800000, 0x00000000d0000000)
  object space 90112K, 83% used [0x00000000c0000000,0x00000000c49823a8,0x00000000c5800000)
Event: 37.259 GC heap after
Heap after GC invocations=70 (full 7):
 PSYoungGen      total 209856K, used 7646K [0x00000000f0000000, 0x00000000ff9e0000, 0x0000000100000000)
  eden space 165632K, 0% used [0x00000000f0000000,0x00000000f0000000,0x00000000fa1c0000)
  from space 44224K, 17% used [0x00000000fa1c0000,0x00000000fa937b58,0x00000000fccf0000)
  to   space 41472K, 0% used [0x00000000fd160000,0x00000000fd160000,0x00000000ff9e0000)
 ParOldGen       total 185792K, used 119430K [0x00000000d0000000, 0x00000000db570000, 0x00000000f0000000)
  object space 185792K, 64% used [0x00000000d0000000,0x00000000d74a1ac0,0x00000000db570000)
 PSPermGen       total 90112K, used 75272K [0x00000000c0000000, 0x00000000c5800000, 0x00000000d0000000)
  object space 90112K, 83% used [0x00000000c0000000,0x00000000c49823a8,0x00000000c5800000)
}
Event: 37.392 GC heap before
{Heap before GC invocations=71 (full 7):
 PSYoungGen      total 209856K, used 173278K [0x00000000f0000000, 0x00000000ff9e0000, 0x0000000100000000)
  eden space 165632K, 100% used [0x00000000f0000000,0x00000000fa1c0000,0x00000000fa1c0000)
  from space 44224K, 17% used [0x00000000fa1c0000,0x00000000fa937b58,0x00000000fccf0000)
  to   space 41472K, 0% used [0x00000000fd160000,0x00000000fd160000,0x00000000ff9e0000)
 ParOldGen       total 185792K, used 119430K [0x00000000d0000000, 0x00000000db570000, 0x00000000f0000000)
  object space 185792K, 64% used [0x00000000d0000000,0x00000000d74a1ac0,0x00000000db570000)
 PSPermGen       total 90112K, used 75494K [0x00000000c0000000, 0x00000000c5800000, 0x00000000d0000000)
  object space 90112K, 83% used [0x00000000c0000000,0x00000000c49b9890,0x00000000c5800000)
Event: 37.406 GC heap after
Heap after GC invocations=71 (full 7):
 PSYoungGen      total 215296K, used 8221K [0x00000000f0000000, 0x00000000ff830000, 0x0000000100000000)
  eden space 175552K, 0% used [0x00000000f0000000,0x00000000f0000000,0x00000000fab70000)
  from space 39744K, 20% used [0x00000000fd160000,0x00000000fd967710,0x00000000ff830000)
  to   space 38848K, 0% used [0x00000000fab70000,0x00000000fab70000,0x00000000fd160000)
 ParOldGen       total 185792K, used 119430K [0x00000000d0000000, 0x00000000db570000, 0x00000000f0000000)
  object space 185792K, 64% used [0x00000000d0000000,0x00000000d74a1ac0,0x00000000db570000)
 PSPermGen       total 90112K, used 75494K [0x00000000c0000000, 0x00000000c5800000, 0x00000000d0000000)
  object space 90112K, 83% used [0x00000000c0000000,0x00000000c49b9890,0x00000000c5800000)
}
Event: 37.832 GC heap before
{Heap before GC invocations=72 (full 7):
 PSYoungGen      total 215296K, used 176207K [0x00000000f0000000, 0x00000000ff830000, 0x0000000100000000)
  eden space 175552K, 95% used [0x00000000f0000000,0x00000000fa40c6b0,0x00000000fab70000)
  from space 39744K, 20% used [0x00000000fd160000,0x00000000fd967710,0x00000000ff830000)
  to   space 38848K, 0% used [0x00000000fab70000,0x00000000fab70000,0x00000000fd160000)
 ParOldGen       total 185792K, used 119430K [0x00000000d0000000, 0x00000000db570000, 0x00000000f0000000)
  object space 185792K, 64% used [0x00000000d0000000,0x00000000d74a1ac0,0x00000000db570000)
 PSPermGen       total 90112K, used 77324K [0x00000000c0000000, 0x00000000c5800000, 0x00000000d0000000)
  object space 90112K, 85% used [0x00000000c0000000,0x00000000c4b83238,0x00000000c5800000)
Event: 37.844 GC heap after
Heap after GC invocations=72 (full 7):
 PSYoungGen      total 214400K, used 11802K [0x00000000f0000000, 0x00000000ffa80000, 0x0000000100000000)
  eden space 175552K, 0% used [0x00000000f0000000,0x00000000f0000000,0x00000000fab70000)
  from space 38848K, 30% used [0x00000000fab70000,0x00000000fb6f68b8,0x00000000fd160000)
  to   space 36480K, 0% used [0x00000000fd6e0000,0x00000000fd6e0000,0x00000000ffa80000)
 ParOldGen       total 185792K, used 119430K [0x00000000d0000000, 0x00000000db570000, 0x00000000f0000000)
  object space 185792K, 64% used [0x00000000d0000000,0x00000000d74a1ac0,0x00000000db570000)
 PSPermGen       total 90112K, used 77324K [0x00000000c0000000, 0x00000000c5800000, 0x00000000d0000000)
  object space 90112K, 85% used [0x00000000c0000000,0x00000000c4b83238,0x00000000c5800000)
}
Event: 37.979 GC heap before
{Heap before GC invocations=73 (full 7):
 PSYoungGen      total 214400K, used 182104K [0x00000000f0000000, 0x00000000ffa80000, 0x0000000100000000)
  eden space 175552K, 97% used [0x00000000f0000000,0x00000000fa64f758,0x00000000fab70000)
  from space 38848K, 30% used [0x00000000fab70000,0x00000000fb6f68b8,0x00000000fd160000)
  to   space 36480K, 0% used [0x00000000fd6e0000,0x00000000fd6e0000,0x00000000ffa80000)
 ParOldGen       total 185792K, used 119430K [0x00000000d0000000, 0x00000000db570000, 0x00000000f0000000)
  object space 185792K, 64% used [0x00000000d0000000,0x00000000d74a1ac0,0x00000000db570000)
 PSPermGen       total 90112K, used 77745K [0x00000000c0000000, 0x00000000c5800000, 0x00000000d0000000)
  object space 90112K, 86% used [0x00000000c0000000,0x00000000c4bec550,0x00000000c5800000)

Deoptimization events (10 events):
Event: 36.606 Thread 0x000000001142a800 Uncommon trap -34 fr.pc 0x000000000265f9c4
Event: 36.606 Thread 0x000000001142a800 Uncommon trap -34 fr.pc 0x000000000265f9c4
Event: 36.606 Thread 0x000000001142a800 Uncommon trap -34 fr.pc 0x000000000265f9c4
Event: 36.608 Thread 0x000000001142a800 Uncommon trap -34 fr.pc 0x0000000002b01068
Event: 36.628 Thread 0x000000001142a800 Uncommon trap -34 fr.pc 0x0000000002b01068
Event: 37.180 Thread 0x000000001142a800 Uncommon trap -83 fr.pc 0x0000000002927034
Event: 37.605 Thread 0x000000001142a800 Uncommon trap -58 fr.pc 0x0000000002b68e20
Event: 37.605 Thread 0x000000001142a800 Uncommon trap -58 fr.pc 0x0000000002b68e20
Event: 37.873 Thread 0x000000001142a800 Uncommon trap -58 fr.pc 0x0000000002991a40
Event: 37.942 Thread 0x000000001142a800 Uncommon trap -34 fr.pc 0x0000000002b01068

Internal exceptions (10 events):
Event: 37.972 Thread 0x000000001142a800 Threw 0x00000000f9b817a8 at C:\jdk7u2_64p\jdk7u17\hotspot\src\share\vm\prims\jvm.cpp:1166
Event: 37.972 Thread 0x000000001142a800 Threw 0x00000000f9b838f0 at C:\jdk7u2_64p\jdk7u17\hotspot\src\share\vm\prims\jvm.cpp:1166
Event: 37.972 Thread 0x000000001142a800 Threw 0x00000000f9b83d18 at C:\jdk7u2_64p\jdk7u17\hotspot\src\share\vm\prims\jvm.cpp:1166
Event: 37.972 Thread 0x000000001142a800 Threw 0x00000000f9b88520 at C:\jdk7u2_64p\jdk7u17\hotspot\src\share\vm\prims\jvm.cpp:1166
Event: 37.972 Thread 0x000000001142a800 Threw 0x00000000f9b89058 at C:\jdk7u2_64p\jdk7u17\hotspot\src\share\vm\prims\jvm.cpp:1166
Event: 37.972 Thread 0x000000001142a800 Threw 0x00000000f9b89f98 at C:\jdk7u2_64p\jdk7u17\hotspot\src\share\vm\prims\jvm.cpp:1166
Event: 37.972 Thread 0x000000001142a800 Threw 0x00000000f9b8f2b8 at C:\jdk7u2_64p\jdk7u17\hotspot\src\share\vm\prims\jvm.cpp:1166
Event: 37.972 Thread 0x000000001142a800 Threw 0x00000000f9b941c8 at C:\jdk7u2_64p\jdk7u17\hotspot\src\share\vm\prims\jvm.cpp:1166
Event: 37.972 Thread 0x000000001142a800 Threw 0x00000000f9b95398 at C:\jdk7u2_64p\jdk7u17\hotspot\src\share\vm\prims\jvm.cpp:1166
Event: 37.972 Thread 0x000000001142a800 Threw 0x00000000f9b95ae0 at C:\jdk7u2_64p\jdk7u17\hotspot\src\share\vm\classfile\systemDictionary.cpp:179

Events (10 events):
Event: 37.971 loading class 0x000000000d573580 done
Event: 37.971 loading class 0x000000000d573580
Event: 37.971 loading class 0x000000000d573580 done
Event: 37.971 loading class 0x0000000012fc7490
Event: 37.971 loading class 0x0000000012fc7490 done
Event: 37.972 loading class 0x0000000012fc7490
Event: 37.972 loading class 0x0000000012fc7490 done
Event: 37.972 loading class 0x0000000012fc7490
Event: 37.972 loading class 0x0000000012fc7490 done
Event: 37.979 Executing VM operation: ParallelGCFailedAllocation


Dynamic libraries:
0x000000013f910000 - 0x000000013f943000 	C:\Program Files\Java\jdk1.7.0_17\bin\javaw.exe
0x0000000076d20000 - 0x0000000076ec9000 	C:\Windows\SYSTEM32\ntdll.dll
0x0000000076c00000 - 0x0000000076d1f000 	C:\Windows\system32\kernel32.dll
0x000007fefc0e0000 - 0x000007fefc14b000 	C:\Windows\system32\KERNELBASE.dll
0x000007fefd980000 - 0x000007fefda5b000 	C:\Windows\system32\ADVAPI32.dll
0x000007fefe170000 - 0x000007fefe20f000 	C:\Windows\system32\msvcrt.dll
0x000007fefc3c0000 - 0x000007fefc3df000 	C:\Windows\SYSTEM32\sechost.dll
0x000007fefc9f0000 - 0x000007fefcb1d000 	C:\Windows\system32\RPCRT4.dll
0x0000000076b00000 - 0x0000000076bfa000 	C:\Windows\system32\USER32.dll
0x000007fefdbe0000 - 0x000007fefdc47000 	C:\Windows\system32\GDI32.dll
0x000007fefdc50000 - 0x000007fefdc5e000 	C:\Windows\system32\LPK.dll
0x000007fefd8b0000 - 0x000007fefd979000 	C:\Windows\system32\USP10.dll
0x000007fefaa50000 - 0x000007fefac44000 	C:\Windows\WinSxS\amd64_microsoft.windows.common-controls_6595b64144ccf1df_6.0.7601.17514_none_fa396087175ac9ac\COMCTL32.dll
0x000007fefdb00000 - 0x000007fefdb71000 	C:\Windows\system32\SHLWAPI.dll
0x000007fefc970000 - 0x000007fefc99e000 	C:\Windows\system32\IMM32.DLL
0x000007fefc460000 - 0x000007fefc569000 	C:\Windows\system32\MSCTF.dll
0x00000000697a0000 - 0x0000000069871000 	C:\Program Files\Java\jdk1.7.0_17\jre\bin\msvcr100.dll
0x0000000069080000 - 0x000000006979f000 	C:\Program Files\Java\jdk1.7.0_17\jre\bin\server\jvm.dll
0x000007fef9850000 - 0x000007fef9859000 	C:\Windows\system32\WSOCK32.dll
0x000007fefc9a0000 - 0x000007fefc9ed000 	C:\Windows\system32\WS2_32.dll
0x000007fefc570000 - 0x000007fefc578000 	C:\Windows\system32\NSI.dll
0x000007fef9fc0000 - 0x000007fef9ffb000 	C:\Windows\system32\WINMM.dll
0x0000000076ee0000 - 0x0000000076ee7000 	C:\Windows\system32\PSAPI.DLL
0x0000000070250000 - 0x000000007025f000 	C:\Program Files\Java\jdk1.7.0_17\jre\bin\verify.dll
0x0000000069050000 - 0x0000000069078000 	C:\Program Files\Java\jdk1.7.0_17\jre\bin\java.dll
0x00000000712f0000 - 0x0000000071313000 	C:\Program Files\Java\jdk1.7.0_17\jre\bin\instrument.dll
0x0000000069030000 - 0x0000000069045000 	C:\Program Files\Java\jdk1.7.0_17\jre\bin\zip.dll
0x000007fefb8a0000 - 0x000007fefb8b7000 	C:\Windows\system32\CRYPTSP.dll
0x000007fefb5a0000 - 0x000007fefb5e7000 	C:\Windows\system32\rsaenh.dll
0x000007fefb310000 - 0x000007fefb32e000 	C:\Windows\system32\USERENV.dll
0x000007fefbfd0000 - 0x000007fefbfdf000 	C:\Windows\system32\profapi.dll
0x000007fefbf00000 - 0x000007fefbf0f000 	C:\Windows\system32\CRYPTBASE.dll
0x0000000069010000 - 0x0000000069029000 	C:\Program Files\Java\jdk1.7.0_17\jre\bin\net.dll
0x000007fefb840000 - 0x000007fefb895000 	C:\Windows\system32\mswsock.dll
0x000007fefb830000 - 0x000007fefb837000 	C:\Windows\System32\wship6.dll
0x000007fef9fa0000 - 0x000007fef9fb5000 	C:\Windows\system32\NLAapi.dll
0x000007fef75f0000 - 0x000007fef7605000 	C:\Windows\system32\napinsp.dll
0x000007fef75d0000 - 0x000007fef75e9000 	C:\Windows\system32\pnrpnsp.dll
0x000007fefb6c0000 - 0x000007fefb71b000 	C:\Windows\system32\DNSAPI.dll
0x000007fef75c0000 - 0x000007fef75cb000 	C:\Windows\System32\winrnr.dll
0x000007fefb200000 - 0x000007fefb207000 	C:\Windows\System32\wshtcpip.dll
0x000007fef9b80000 - 0x000007fef9ba7000 	C:\Windows\system32\IPHLPAPI.DLL
0x000007fef9b70000 - 0x000007fef9b7b000 	C:\Windows\system32\WINNSI.DLL
0x000007fef81d0000 - 0x000007fef81d8000 	C:\Windows\system32\rasadhlp.dll
0x000007fef9970000 - 0x000007fef99c3000 	C:\Windows\System32\fwpuclnt.dll
0x0000000068ff0000 - 0x0000000069001000 	C:\Program Files\Java\jdk1.7.0_17\jre\bin\nio.dll
0x0000000180000000 - 0x0000000180037000 	C:\Users\romeo\AppData\Local\Temp\jna8139379891543775064.dll
0x0000000000180000 - 0x0000000000190000 	C:\Users\romeo\AppData\Local\Temp\jline_.dll
0x0000000068fc0000 - 0x0000000068fe4000 	C:\Program Files\Java\jdk1.7.0_17\jre\bin\sunec.dll
0x0000000068820000 - 0x000000006882b000 	C:\Program Files\Java\jdk1.7.0_17\jre\bin\sunmscapi.dll
0x000007fefc1f0000 - 0x000007fefc35a000 	C:\Windows\system32\CRYPT32.dll
0x000007fefc070000 - 0x000007fefc07f000 	C:\Windows\system32\MSASN1.dll
0x0000000071360000 - 0x000000007136b000 	C:\Program Files\Java\jdk1.7.0_17\jre\bin\management.dll

VM Arguments:
jvm_args: -Xmx768M -XX:MaxPermSize=256m -Dbase.dir=F:\DEV\git\grails\trieranantes -Djline.terminal=jline.UnsupportedTerminal -Dgrails.home=F:\DEV\resources\grails\grails-2.1.0 -javaagent:F:\DEV\resources\grails\grails-2.1.0\lib\com.springsource.springloaded\springloaded-core\jars\springloaded-core-1.0.6.jar -Xverify:none -Dspringloaded=profile=grails;cacheDir=F:\DEV\workspace_ggts\.metadata\.plugins\org.grails.ide.eclipse.core\2.1.0 -Dfile.encoding=Cp1252 
java_command: org.codehaus.groovy.grails.cli.support.GrailsStarter --conf F:\DEV\resources\grails\grails-2.1.0\conf\groovy-starter.conf --main org.codehaus.groovy.grails.cli.GrailsScriptRunner run-app
Launcher Type: SUN_STANDARD

Environment Variables:
JAVA_HOME=C:\Program Files\Java\jdk1.7.0_17
PATH=C:\Program Files (x86)\NVIDIA Corporation\PhysX\Common;C:\Program Files (x86)\AMD APP\bin\x86_64;C:\Program Files (x86)\AMD APP\bin\x86;C:\Windows\system32;C:\Windows;C:\Windows\System32\Wbem;C:\Windows\System32\WindowsPowerShell\v1.0\;C:\Program Files (x86)\ATI Technologies\ATI.ACE\Core-Static;C:\Program Files\TortoiseGit\bin
USERNAME=romeo
OS=Windows_NT
PROCESSOR_IDENTIFIER=Intel64 Family 6 Model 30 Stepping 5, GenuineIntel



---------------  S Y S T E M  ---------------

OS: Windows 7 , 64 bit Build 7601 Service Pack 1

CPU:total 4 (4 cores per cpu, 1 threads per core) family 6 model 30 stepping 5, cmov, cx8, fxsr, mmx, sse, sse2, sse3, ssse3, sse4.1, sse4.2, popcnt, tsc, tscinvbit

Memory: 4k page, physical 2095156k(163904k free), swap 4408944k(411328k free)

vm_info: Java HotSpot(TM) 64-Bit Server VM (23.7-b01) for windows-amd64 JRE (1.7.0_17-b02), built on Mar  1 2013 03:38:30 by "java_re" with unknown MS VC++:1600

time: Fri May 17 19:07:39 2013
elapsed time: 38 seconds

