#
# A fatal error has been detected by the Java Runtime Environment:
#
#  Internal Error (signature.cpp:53), pid=5808, tid=5404
#  fatal error: expecting (
#
# JRE version: 7.0_17-b02
# Java VM: Java HotSpot(TM) 64-Bit Server VM (23.7-b01 mixed mode windows-amd64 compressed oops)
# Failed to write core dump. Minidumps are not enabled by default on client versions of Windows
#
# If you would like to submit a bug report, please visit:
#   http://bugreport.sun.com/bugreport/crash.jsp
#

---------------  T H R E A D  ---------------

Current thread (0x0000000002069800):  GCTaskThread [stack: 0x0000000005e70000,0x0000000005f70000] [id=5404]

Stack: [0x0000000005e70000,0x0000000005f70000]
JavaThread 0x000000000a312000 (nid = 3636) was being processed
Java frames: (J=compiled Java code, j=interpreted, Vv=VM code)
j  com.springsource.loaded.Utils.loadBytesFromStream(Ljava/io/InputStream;)[B+12
j  com.springsource.loaded.Utils.loadClassAsBytes2(Ljava/lang/ClassLoader;Ljava/lang/String;)[B+39
j  com.springsource.loaded.TypeRegistry.getDescriptorFor(Ljava/lang/String;)Lcom/springsource/loaded/TypeDescriptor;+23
j  com.springsource.loaded.TypeDescriptorExtractor$ExtractionVisitor.getTypeDescriptorFor(Ljava/lang/String;)Lcom/springsource/loaded/TypeDescriptor;+8
j  com.springsource.loaded.TypeDescriptorExtractor$ExtractionVisitor.findTypeDescriptor(Lcom/springsource/loaded/TypeRegistry;Ljava/lang/String;)Lcom/springsource/loaded/TypeDescriptor;+43
j  com.springsource.loaded.TypeDescriptorExtractor$ExtractionVisitor.computeFieldsRequiringAccessors()V+17
j  com.springsource.loaded.TypeDescriptorExtractor$ExtractionVisitor.getTypeDescriptor()Lcom/springsource/loaded/TypeDescriptor;+12
j  com.springsource.loaded.TypeDescriptorExtractor.extract([BZ)Lcom/springsource/loaded/TypeDescriptor;+29
j  com.springsource.loaded.TypeRegistry.getDescriptorFor(Ljava/lang/String;)Lcom/springsource/loaded/TypeDescriptor;+41
j  com.springsource.loaded.TypeDescriptorExtractor$ExtractionVisitor.getTypeDescriptorFor(Ljava/lang/String;)Lcom/springsource/loaded/TypeDescriptor;+8
j  com.springsource.loaded.TypeDescriptorExtractor$ExtractionVisitor.findTypeDescriptor(Lcom/springsource/loaded/TypeRegistry;Ljava/lang/String;)Lcom/springsource/loaded/TypeDescriptor;+43
j  com.springsource.loaded.TypeDescriptorExtractor$ExtractionVisitor.computeFieldsRequiringAccessors()V+17
j  com.springsource.loaded.TypeDescriptorExtractor$ExtractionVisitor.getTypeDescriptor()Lcom/springsource/loaded/TypeDescriptor;+12
j  com.springsource.loaded.TypeDescriptorExtractor.extract([BZ)Lcom/springsource/loaded/TypeDescriptor;+29
j  com.springsource.loaded.TypeRegistry.getDescriptorFor(Ljava/lang/String;)Lcom/springsource/loaded/TypeDescriptor;+41
j  com.springsource.loaded.TypeDescriptorExtractor$ExtractionVisitor.getTypeDescriptorFor(Ljava/lang/String;)Lcom/springsource/loaded/TypeDescriptor;+8
j  com.springsource.loaded.TypeDescriptorExtractor$ExtractionVisitor.findTypeDescriptor(Lcom/springsource/loaded/TypeRegistry;Ljava/lang/String;)Lcom/springsource/loaded/TypeDescriptor;+43
j  com.springsource.loaded.TypeDescriptorExtractor$ExtractionVisitor.computeFieldsRequiringAccessors()V+17
j  com.springsource.loaded.TypeDescriptorExtractor$ExtractionVisitor.getTypeDescriptor()Lcom/springsource/loaded/TypeDescriptor;+12
j  com.springsource.loaded.TypeDescriptorExtractor.extract([BZ)Lcom/springsource/loaded/TypeDescriptor;+29
j  com.springsource.loaded.TypeRegistry.getDescriptorFor(Ljava/lang/String;)Lcom/springsource/loaded/TypeDescriptor;+41
j  com.springsource.loaded.TypeDescriptorExtractor$ExtractionVisitor.getTypeDescriptorFor(Ljava/lang/String;)Lcom/springsource/loaded/TypeDescriptor;+8
j  com.springsource.loaded.TypeDescriptorExtractor$ExtractionVisitor.findTypeDescriptor(Lcom/springsource/loaded/TypeRegistry;Ljava/lang/String;)Lcom/springsource/loaded/TypeDescriptor;+43
j  com.springsource.loaded.TypeDescriptorExtractor$ExtractionVisitor.computeFieldsRequiringAccessors()V+17
j  com.springsource.loaded.TypeDescriptorExtractor$ExtractionVisitor.getTypeDescriptor()Lcom/springsource/loaded/TypeDescriptor;+12
j  com.springsource.loaded.TypeDescriptorExtractor.extract([BZ)Lcom/springsource/loaded/TypeDescriptor;+29
j  com.springsource.loaded.TypeRegistry.getDescriptorFor(Ljava/lang/String;)Lcom/springsource/loaded/TypeDescriptor;+41
j  com.springsource.loaded.TypeDescriptorExtractor$ExtractionVisitor.getTypeDescriptorFor(Ljava/lang/String;)Lcom/springsource/loaded/TypeDescriptor;+8
j  com.springsource.loaded.TypeDescriptorExtractor$ExtractionVisitor.findTypeDescriptor(Lcom/springsource/loaded/TypeRegistry;Ljava/lang/String;)Lcom/springsource/loaded/TypeDescriptor;+43
J  com.springsource.loaded.TypeDescriptorExtractor$ExtractionVisitor.computeCatchers()V
j  com.springsource.loaded.TypeDescriptorExtractor$ExtractionVisitor.getTypeDescriptor()Lcom/springsource/loaded/TypeDescriptor;+8
j  com.springsource.loaded.TypeDescriptorExtractor.extract([BZ)Lcom/springsource/loaded/TypeDescriptor;+29
j  com.springsource.loaded.TypeRegistry.addType(Ljava/lang/String;[B)Lcom/springsource/loaded/ReloadableType;+50
J  com.springsource.loaded.agent.SpringLoadedPreProcessor.preProcess(Ljava/lang/ClassLoader;Ljava/lang/String;Ljava/security/ProtectionDomain;[B)[B
J  sun.instrument.TransformerManager.transform(Ljava/lang/ClassLoader;Ljava/lang/String;Ljava/lang/Class;Ljava/security/ProtectionDomain;[B)[B
j  sun.instrument.InstrumentationImpl.transform(Ljava/lang/ClassLoader;Ljava/lang/String;Ljava/lang/Class;Ljava/security/ProtectionDomain;[BZ)[B+34
v  ~StubRoutines::call_stub
j  java.lang.ClassLoader.defineClass1(Ljava/lang/String;[BIILjava/security/ProtectionDomain;Ljava/lang/String;)Ljava/lang/Class;+0
j  java.lang.ClassLoader.defineClass(Ljava/lang/String;[BIILjava/security/ProtectionDomain;)Ljava/lang/Class;+30
j  org.codehaus.groovy.reflection.ClassLoaderForClassArtifacts.define(Ljava/lang/String;[B)Ljava/lang/Class;+26
j  org.codehaus.groovy.reflection.ClassLoaderForClassArtifacts$1.run()Ljava/lang/Class;+12
j  org.codehaus.groovy.reflection.ClassLoaderForClassArtifacts$1.run()Ljava/lang/Object;+1
v  ~StubRoutines::call_stub
j  java.security.AccessController.doPrivileged(Ljava/security/PrivilegedAction;)Ljava/lang/Object;+0
j  org.codehaus.groovy.reflection.ClassLoaderForClassArtifacts.defineClassAndGetConstructor(Ljava/lang/String;[B)Ljava/lang/reflect/Constructor;+10
j  org.codehaus.groovy.runtime.callsite.CallSiteGenerator.compilePogoMethod(Lorg/codehaus/groovy/reflection/CachedMethod;)Ljava/lang/reflect/Constructor;+43
j  org.codehaus.groovy.reflection.CachedMethod.createPogoMetaMethodSite(Lorg/codehaus/groovy/runtime/callsite/CallSite;Lgroovy/lang/MetaClassImpl;[Ljava/lang/Class;)Lorg/codehaus/groovy/runtime/callsite/CallSite;+30
j  org.codehaus.groovy.runtime.callsite.PogoMetaMethodSite.createCachedMethodSite(Lorg/codehaus/groovy/runtime/callsite/CallSite;Lgroovy/lang/MetaClassImpl;Lorg/codehaus/groovy/reflection/CachedMethod;[Ljava/lang/Class;[Ljava/lang/Object;)Lorg/codehaus/groovy/runtime/callsite/CallSite;+44
j  org.codehaus.groovy.runtime.callsite.PogoMetaMethodSite.createPogoMetaMethodSite(Lorg/codehaus/groovy/runtime/callsite/CallSite;Lgroovy/lang/MetaClassImpl;Lgroovy/lang/MetaMethod;[Ljava/lang/Class;[Ljava/lang/Object;)Lorg/codehaus/groovy/runtime/callsite/CallSite;+18
j  groovy.lang.MetaClassImpl.createPogoCallSite(Lorg/codehaus/groovy/runtime/callsite/CallSite;[Ljava/lang/Object;)Lorg/codehaus/groovy/runtime/callsite/CallSite;+41
j  groovy.lang.ExpandoMetaClass.createPogoCallSite(Lorg/codehaus/groovy/runtime/callsite/CallSite;[Ljava/lang/Object;)Lorg/codehaus/groovy/runtime/callsite/CallSite;+20
j  org.codehaus.groovy.runtime.callsite.CallSiteArray.createPogoSite(Lorg/codehaus/groovy/runtime/callsite/CallSite;Ljava/lang/Object;[Ljava/lang/Object;)Lorg/codehaus/groovy/runtime/callsite/CallSite;+39
j  org.codehaus.groovy.runtime.callsite.CallSiteArray.createCallSite(Lorg/codehaus/groovy/runtime/callsite/CallSite;Ljava/lang/Object;[Ljava/lang/Object;)Lorg/codehaus/groovy/runtime/callsite/CallSite;+43
j  org.codehaus.groovy.runtime.callsite.CallSiteArray.defaultCall(Lorg/codehaus/groovy/runtime/callsite/CallSite;Ljava/lang/Object;[Ljava/lang/Object;)Ljava/lang/Object;+3
j  org.codehaus.groovy.runtime.callsite.AbstractCallSite.call(Ljava/lang/Object;[Ljava/lang/Object;)Ljava/lang/Object;+3
j  org.codehaus.groovy.runtime.callsite.AbstractCallSite.call(Ljava/lang/Object;)Ljava/lang/Object;+5
j  com.van.trieranantes.dechet.BootstrapService.creerCollecte()Ljava/lang/Object;+242
j  com.van.trieranantes.dechet.BootstrapService$creerCollecte.callCurrent(Lgroovy/lang/GroovyObject;[Ljava/lang/Object;)Ljava/lang/Object;+82
j  org.codehaus.groovy.runtime.callsite.CallSiteArray.defaultCallCurrent(Lorg/codehaus/groovy/runtime/callsite/CallSite;Lgroovy/lang/GroovyObject;[Ljava/lang/Object;)Ljava/lang/Object;+17
j  org.codehaus.groovy.runtime.callsite.AbstractCallSite.callCurrent(Lgroovy/lang/GroovyObject;[Ljava/lang/Object;)Ljava/lang/Object;+3
j  org.codehaus.groovy.runtime.callsite.AbstractCallSite.callCurrent(Lgroovy/lang/GroovyObject;)Ljava/lang/Object;+5
j  com.van.trieranantes.dechet.BootstrapService.initDonneesDeveloppement()Ljava/lang/Object;+141
j  com.van.trieranantes.dechet.BootstrapService$$FastClassByCGLIB$$7572f17a.invoke(ILjava/lang/Object;[Ljava/lang/Object;)Ljava/lang/Object;+221
j  net.sf.cglib.proxy.MethodProxy.invoke(Ljava/lang/Object;[Ljava/lang/Object;)Ljava/lang/Object;+19
j  org.springframework.aop.framework.Cglib2AopProxy$CglibMethodInvocation.invokeJoinpoint()Ljava/lang/Object;+24
j  org.springframework.aop.framework.ReflectiveMethodInvocation.proceed()Ljava/lang/Object;+19
j  org.springframework.transaction.interceptor.TransactionInterceptor.invoke(Lorg/aopalliance/intercept/MethodInvocation;)Ljava/lang/Object;+87
j  org.springframework.aop.framework.ReflectiveMethodInvocation.proceed()Ljava/lang/Object;+101
j  org.springframework.aop.framework.Cglib2AopProxy$DynamicAdvisedInterceptor.intercept(Ljava/lang/Object;Ljava/lang/reflect/Method;[Ljava/lang/Object;Lnet/sf/cglib/proxy/MethodProxy;)Ljava/lang/Object;+112
j  com.van.trieranantes.dechet.BootstrapService$$EnhancerByCGLIB$$9e4868ab.initDonneesDeveloppement()Ljava/lang/Object;+304
j  com.van.trieranantes.dechet.BootstrapService$initDonneesDeveloppement.call(Ljava/lang/Object;[Ljava/lang/Object;)Ljava/lang/Object;+82
j  org.codehaus.groovy.runtime.callsite.CallSiteArray.defaultCall(Lorg/codehaus/groovy/runtime/callsite/CallSite;Ljava/lang/Object;[Ljava/lang/Object;)Ljava/lang/Object;+8
j  org.codehaus.groovy.runtime.callsite.AbstractCallSite.call(Ljava/lang/Object;[Ljava/lang/Object;)Ljava/lang/Object;+3
j  org.codehaus.groovy.runtime.callsite.AbstractCallSite.call(Ljava/lang/Object;)Ljava/lang/Object;+5
j  BootStrap$_closure1.doCall(Ljava/lang/Object;)Ljava/lang/Object;+65
v  ~StubRoutines::call_stub
j  sun.reflect.NativeMethodAccessorImpl.invoke0(Ljava/lang/reflect/Method;Ljava/lang/Object;[Ljava/lang/Object;)Ljava/lang/Object;+0
j  sun.reflect.NativeMethodAccessorImpl.invoke(Ljava/lang/Object;[Ljava/lang/Object;)Ljava/lang/Object;+87
J  com.springsource.loaded.ri.ReflectiveInterceptor.jlrMethodInvoke(Ljava/lang/reflect/Method;Ljava/lang/Object;[Ljava/lang/Object;)Ljava/lang/Object;
J  org.codehaus.groovy.reflection.CachedMethod.invoke(Ljava/lang/Object;[Ljava/lang/Object;)Ljava/lang/Object;
j  groovy.lang.MetaMethod.doMethodInvoke(Ljava/lang/Object;[Ljava/lang/Object;)Ljava/lang/Object;+9
j  groovy.lang.MetaClassImpl.invokeMethod(Ljava/lang/Class;Ljava/lang/Object;Ljava/lang/String;[Ljava/lang/Object;ZZ)Ljava/lang/Object;+1036
J  groovy.lang.ExpandoMetaClass.invokeMethod(Ljava/lang/Class;Ljava/lang/Object;Ljava/lang/String;[Ljava/lang/Object;ZZ)Ljava/lang/Object;
j  groovy.lang.MetaClassImpl.invokeMethod(Ljava/lang/Object;Ljava/lang/String;[Ljava/lang/Object;)Ljava/lang/Object;+10
j  groovy.lang.MetaClassImpl.invokeMethod(Ljava/lang/Class;Ljava/lang/Object;Ljava/lang/String;[Ljava/lang/Object;ZZ)Ljava/lang/Object;+278
J  groovy.lang.ExpandoMetaClass.invokeMethod(Ljava/lang/Class;Ljava/lang/Object;Ljava/lang/String;[Ljava/lang/Object;ZZ)Ljava/lang/Object;
j  groovy.lang.MetaClassImpl.invokeMethod(Ljava/lang/Object;Ljava/lang/String;[Ljava/lang/Object;)Ljava/lang/Object;+10
j  groovy.lang.Closure.call([Ljava/lang/Object;)Ljava/lang/Object;+8
j  groovy.lang.Closure.call()Ljava/lang/Object;+6
j  grails.util.Environment.evaluateEnvironmentSpecificBlock(Lgrails/util/Environment;Lgroovy/lang/Closure;)Lgrails/util/Environment$EnvironmentBlockEvaluator;+16
j  grails.util.Environment.executeForEnvironment(Lgrails/util/Environment;Lgroovy/lang/Closure;)Ljava/lang/Object;+8
j  grails.util.Environment.executeForCurrentEnvironment(Lgroovy/lang/Closure;)Ljava/lang/Object;+6
j  org.codehaus.groovy.grails.commons.DefaultGrailsBootstrapClass.callInit(Ljavax/servlet/ServletContext;)V+23
j  org.codehaus.groovy.grails.web.context.GrailsConfigUtils.executeGrailsBootstraps(Lorg/codehaus/groovy/grails/commons/GrailsApplication;Lorg/springframework/web/context/WebApplicationContext;Ljavax/servlet/ServletContext;)V+113
j  org.codehaus.groovy.grails.web.context.GrailsContextLoader.initWebApplicationContext(Ljavax/servlet/ServletContext;)Lorg/springframework/web/context/WebApplicationContext;+131
j  org.springframework.web.context.ContextLoaderListener.contextInitialized(Ljavax/servlet/ServletContextEvent;)V+28
j  org.apache.catalina.core.StandardContext.listenerStart()Z+530
j  org.apache.catalina.core.StandardContext.startInternal()V+1187
j  org.apache.catalina.util.LifecycleBase.start()V+210
j  org.apache.catalina.core.ContainerBase$StartChild.call()Ljava/lang/Void;+4
j  org.apache.catalina.core.ContainerBase$StartChild.call()Ljava/lang/Object;+1
j  java.util.concurrent.FutureTask$Sync.innerRun()V+29
j  java.util.concurrent.FutureTask.run()V+4
j  java.util.concurrent.ThreadPoolExecutor.runWorker(Ljava/util/concurrent/ThreadPoolExecutor$Worker;)V+95
j  java.util.concurrent.ThreadPoolExecutor$Worker.run()V+5
j  java.lang.Thread.run()V+11
v  ~StubRoutines::call_stub

---------------  P R O C E S S  ---------------

Java Threads: ( => current thread )
  0x000000000a313000 JavaThread "net.sf.ehcache.CacheManager@5dad3c28" daemon [_thread_blocked, id=3356, stack(0x00000000152d0000,0x00000000153d0000)]
  0x000000000a312000 JavaThread "pool-5-thread-1" [_thread_blocked, id=3636, stack(0x00000000111f0000,0x00000000112f0000)]
  0x000000000a30d800 JavaThread "pool-4-thread-1" [_thread_blocked, id=2492, stack(0x0000000015060000,0x0000000015160000)]
  0x000000000a311800 JavaThread "pool-2-thread-5" [_thread_blocked, id=1292, stack(0x0000000014f40000,0x0000000015040000)]
  0x000000000a310800 JavaThread "pool-2-thread-4" [_thread_blocked, id=1528, stack(0x0000000014930000,0x0000000014a30000)]
  0x000000000a310000 JavaThread "pool-2-thread-3" [_thread_blocked, id=1964, stack(0x0000000014e20000,0x0000000014f20000)]
  0x000000000a30f000 JavaThread "pool-2-thread-2" [_thread_blocked, id=3484, stack(0x0000000014c80000,0x0000000014d80000)]
  0x000000000a30e800 JavaThread "pool-2-thread-1" [_thread_blocked, id=4012, stack(0x000000000e0b0000,0x000000000e1b0000)]
  0x000000000a30d000 JavaThread "pool-1-thread-5" [_thread_blocked, id=2252, stack(0x0000000014a70000,0x0000000014b70000)]
  0x000000000a30c000 JavaThread "pool-1-thread-4" [_thread_blocked, id=4772, stack(0x0000000014810000,0x0000000014910000)]
  0x000000000a30b800 JavaThread "pool-1-thread-3" [_thread_blocked, id=5064, stack(0x00000000123e0000,0x00000000124e0000)]
  0x000000000a30a800 JavaThread "pool-1-thread-2" [_thread_blocked, id=5200, stack(0x00000000145e0000,0x00000000146e0000)]
  0x000000000a30a000 JavaThread "pool-1-thread-1" [_thread_blocked, id=3208, stack(0x000000000de60000,0x000000000df60000)]
  0x000000000a309000 JavaThread "FileSystemWatcher: files=#250 cl=java.net.URLClassLoader@1b83f0f1" daemon [_thread_blocked, id=1368, stack(0x000000000df90000,0x000000000e090000)]
  0x000000000a308800 JavaThread "FileSystemWatcher: files=#4 cl=groovy.lang.GroovyClassLoader@14a7d27d" daemon [_thread_blocked, id=5240, stack(0x000000000cbb0000,0x000000000ccb0000)]
  0x000000000a307800 JavaThread "Synchronizer (Spring UAA/1.0.1)" daemon [_thread_blocked, id=4216, stack(0x000000000cd40000,0x000000000ce40000)]
  0x000000000a305800 JavaThread "Service Thread" daemon [_thread_blocked, id=2256, stack(0x000000000a8e0000,0x000000000a9e0000)]
  0x000000000a3b3800 JavaThread "C2 CompilerThread1" daemon [_thread_blocked, id=4352, stack(0x0000000009c70000,0x0000000009d70000)]
  0x000000000a38e000 JavaThread "C2 CompilerThread0" daemon [_thread_blocked, id=4524, stack(0x000000000a750000,0x000000000a850000)]
  0x0000000008ac7800 JavaThread "Attach Listener" daemon [_thread_blocked, id=3160, stack(0x000000000a1f0000,0x000000000a2f0000)]
  0x0000000008ac0800 JavaThread "Signal Dispatcher" daemon [_thread_blocked, id=5788, stack(0x000000000a0f0000,0x000000000a1f0000)]
  0x0000000002116800 JavaThread "Finalizer" daemon [_thread_blocked, id=2344, stack(0x0000000009f20000,0x000000000a020000)]
  0x0000000008a43800 JavaThread "Reference Handler" daemon [_thread_blocked, id=3360, stack(0x0000000009db0000,0x0000000009eb0000)]
  0x000000000201d000 JavaThread "main" [_thread_blocked, id=1272, stack(0x00000000022e0000,0x00000000023e0000)]

Other Threads:
  0x0000000008a42800 VMThread [stack: 0x0000000009b10000,0x0000000009c10000] [id=4936]
  0x000000000a3ae000 WatcherThread [stack: 0x000000000aa90000,0x000000000ab90000] [id=5260]

=>0x0000000002069800 (exited) GCTaskThread [stack: 0x0000000005e70000,0x0000000005f70000] [id=5404]

VM state:at safepoint (normal execution)

VM Mutex/Monitor currently owned by a thread:  ([mutex/lock_event])
[0x000000000201b850] Threads_lock - owner thread: 0x0000000008a42800
[0x000000000201bd50] Heap_lock - owner thread: 0x000000000a312000

Heap
 PSYoungGen      total 231680K, used 218094K [0x00000000f0000000, 0x0000000100000000, 0x0000000100000000)
  eden space 201216K, 99% used [0x00000000f0000000,0x00000000fc2c6390,0x00000000fc480000)
  from space 30464K, 61% used [0x00000000fc480000,0x00000000fd6b5738,0x00000000fe240000)
  to   space 30464K, 52% used [0x00000000fe240000,0x00000000ff1e5f98,0x0000000100000000)
 ParOldGen       total 150720K, used 115492K [0x00000000d0000000, 0x00000000d9330000, 0x00000000f0000000)
  object space 150720K, 76% used [0x00000000d0000000,0x00000000d70c90b0,0x00000000d9330000)
 PSPermGen       total 88064K, used 77710K [0x00000000c0000000, 0x00000000c5600000, 0x00000000d0000000)
  object space 88064K, 88% used [0x00000000c0000000,0x00000000c4be3b48,0x00000000c5600000)

Card table byte_map: [0x0000000005560000,0x0000000005770000] byte_map_base: 0x0000000004f60000

Polling page: 0x0000000000320000

Code Cache  [0x0000000002560000, 0x0000000002d60000, 0x0000000005560000)
 total_blobs=2271 nmethods=1594 adapters=627 free_code_cache=42462Kb largest_free_block=41980224

Compilation events (10 events):
Event: 20.943 Thread 0x000000000a38e000 nmethod 1757 0x000000000271e990 code [0x000000000271eae0, 0x000000000271eb58]
Event: 20.945 Thread 0x000000000a38e000 1758             org.objectweb.asm.Type::a (214 bytes)
Event: 20.945 Thread 0x000000000a3b3800 nmethod 1756 0x000000000272af90 code [0x000000000272b120, 0x000000000272b8b0]
Event: 20.956 Thread 0x000000000a38e000 nmethod 1758 0x000000000272bfd0 code [0x000000000272c1a0, 0x000000000272d330]
Event: 20.978 Thread 0x000000000a3b3800 1759             sun.misc.ProxyGenerator$ConstantPool$IndirectEntry::hashCode (15 bytes)
Event: 20.978 Thread 0x000000000a38e000 1760             sun.misc.ProxyGenerator$ConstantPool$Entry::<init> (5 bytes)
Event: 20.978 Thread 0x000000000a3b3800 nmethod 1759 0x00000000029a5450 code [0x00000000029a5580, 0x00000000029a55d8]
Event: 20.978 Thread 0x000000000a38e000 nmethod 1760 0x00000000029a5190 code [0x00000000029a52c0, 0x00000000029a5318]
Event: 20.978 Thread 0x000000000a38e000 1761             sun.misc.ProxyGenerator$ConstantPool$Entry::<init> (5 bytes)
Event: 20.978 Thread 0x000000000a38e000 nmethod 1761 0x0000000002726390 code [0x00000000027264c0, 0x0000000002726518]

GC Heap History (10 events):
Event: 19.872 GC heap after
Heap after GC invocations=46 (full 5):
 PSYoungGen      total 227136K, used 13980K [0x00000000f0000000, 0x00000000fff40000, 0x0000000100000000)
  eden space 195584K, 0% used [0x00000000f0000000,0x00000000f0000000,0x00000000fbf00000)
  from space 31552K, 44% used [0x00000000fbf00000,0x00000000fcca7098,0x00000000fddd0000)
  to   space 30144K, 0% used [0x00000000fe1d0000,0x00000000fe1d0000,0x00000000fff40000)
 ParOldGen       total 150720K, used 108498K [0x00000000d0000000, 0x00000000d9330000, 0x00000000f0000000)
  object space 150720K, 71% used [0x00000000d0000000,0x00000000d69f4b40,0x00000000d9330000)
 PSPermGen       total 88064K, used 72058K [0x00000000c0000000, 0x00000000c5600000, 0x00000000d0000000)
  object space 88064K, 81% used [0x00000000c0000000,0x00000000c465e810,0x00000000c5600000)
}
Event: 20.148 GC heap before
{Heap before GC invocations=47 (full 5):
 PSYoungGen      total 227136K, used 206608K [0x00000000f0000000, 0x00000000fff40000, 0x0000000100000000)
  eden space 195584K, 98% used [0x00000000f0000000,0x00000000fbc1cf90,0x00000000fbf00000)
  from space 31552K, 44% used [0x00000000fbf00000,0x00000000fcca7098,0x00000000fddd0000)
  to   space 30144K, 0% used [0x00000000fe1d0000,0x00000000fe1d0000,0x00000000fff40000)
 ParOldGen       total 150720K, used 108498K [0x00000000d0000000, 0x00000000d9330000, 0x00000000f0000000)
  object space 150720K, 71% used [0x00000000d0000000,0x00000000d69f4b40,0x00000000d9330000)
 PSPermGen       total 88064K, used 73307K [0x00000000c0000000, 0x00000000c5600000, 0x00000000d0000000)
  object space 88064K, 83% used [0x00000000c0000000,0x00000000c4796d08,0x00000000c5600000)
Event: 20.162 GC heap after
Heap after GC invocations=47 (full 5):
 PSYoungGen      total 229440K, used 16815K [0x00000000f0000000, 0x00000000ffe20000, 0x0000000100000000)
  eden space 200448K, 0% used [0x00000000f0000000,0x00000000f0000000,0x00000000fc3c0000)
  from space 28992K, 57% used [0x00000000fe1d0000,0x00000000ff23bcd0,0x00000000ffe20000)
  to   space 29888K, 0% used [0x00000000fc3c0000,0x00000000fc3c0000,0x00000000fe0f0000)
 ParOldGen       total 150720K, used 108498K [0x00000000d0000000, 0x00000000d9330000, 0x00000000f0000000)
  object space 150720K, 71% used [0x00000000d0000000,0x00000000d69f4b40,0x00000000d9330000)
 PSPermGen       total 88064K, used 73307K [0x00000000c0000000, 0x00000000c5600000, 0x00000000d0000000)
  object space 88064K, 83% used [0x00000000c0000000,0x00000000c4796d08,0x00000000c5600000)
}
Event: 20.447 GC heap before
{Heap before GC invocations=48 (full 5):
 PSYoungGen      total 229440K, used 213776K [0x00000000f0000000, 0x00000000ffe20000, 0x0000000100000000)
  eden space 200448K, 98% used [0x00000000f0000000,0x00000000fc058450,0x00000000fc3c0000)
  from space 28992K, 57% used [0x00000000fe1d0000,0x00000000ff23bcd0,0x00000000ffe20000)
  to   space 29888K, 0% used [0x00000000fc3c0000,0x00000000fc3c0000,0x00000000fe0f0000)
 ParOldGen       total 150720K, used 108498K [0x00000000d0000000, 0x00000000d9330000, 0x00000000f0000000)
  object space 150720K, 71% used [0x00000000d0000000,0x00000000d69f4b40,0x00000000d9330000)
 PSPermGen       total 88064K, used 74859K [0x00000000c0000000, 0x00000000c5600000, 0x00000000d0000000)
  object space 88064K, 85% used [0x00000000c0000000,0x00000000c491ae60,0x00000000c5600000)
Event: 20.463 GC heap after
Heap after GC invocations=48 (full 5):
 PSYoungGen      total 230336K, used 18225K [0x00000000f0000000, 0x0000000100000000, 0x0000000100000000)
  eden space 200448K, 0% used [0x00000000f0000000,0x00000000f0000000,0x00000000fc3c0000)
  from space 29888K, 60% used [0x00000000fc3c0000,0x00000000fd58c730,0x00000000fe0f0000)
  to   space 30080K, 0% used [0x00000000fe2a0000,0x00000000fe2a0000,0x0000000100000000)
 ParOldGen       total 150720K, used 108506K [0x00000000d0000000, 0x00000000d9330000, 0x00000000f0000000)
  object space 150720K, 71% used [0x00000000d0000000,0x00000000d69f6b40,0x00000000d9330000)
 PSPermGen       total 88064K, used 74859K [0x00000000c0000000, 0x00000000c5600000, 0x00000000d0000000)
  object space 88064K, 85% used [0x00000000c0000000,0x00000000c491ae60,0x00000000c5600000)
}
Event: 20.608 GC heap before
{Heap before GC invocations=49 (full 5):
 PSYoungGen      total 230336K, used 214205K [0x00000000f0000000, 0x0000000100000000, 0x0000000100000000)
  eden space 200448K, 97% used [0x00000000f0000000,0x00000000fbf62fc8,0x00000000fc3c0000)
  from space 29888K, 60% used [0x00000000fc3c0000,0x00000000fd58c730,0x00000000fe0f0000)
  to   space 30080K, 0% used [0x00000000fe2a0000,0x00000000fe2a0000,0x0000000100000000)
 ParOldGen       total 150720K, used 108506K [0x00000000d0000000, 0x00000000d9330000, 0x00000000f0000000)
  object space 150720K, 71% used [0x00000000d0000000,0x00000000d69f6b40,0x00000000d9330000)
 PSPermGen       total 88064K, used 75277K [0x00000000c0000000, 0x00000000c5600000, 0x00000000d0000000)
  object space 88064K, 85% used [0x00000000c0000000,0x00000000c49836f0,0x00000000c5600000)
Event: 20.624 GC heap after
Heap after GC invocations=49 (full 5):
 PSYoungGen      total 231296K, used 19223K [0x00000000f0000000, 0x0000000100000000, 0x0000000100000000)
  eden space 201216K, 0% used [0x00000000f0000000,0x00000000f0000000,0x00000000fc480000)
  from space 30080K, 63% used [0x00000000fe2a0000,0x00000000ff565db0,0x0000000100000000)
  to   space 30464K, 0% used [0x00000000fc480000,0x00000000fc480000,0x00000000fe240000)
 ParOldGen       total 150720K, used 108506K [0x00000000d0000000, 0x00000000d9330000, 0x00000000f0000000)
  object space 150720K, 71% used [0x00000000d0000000,0x00000000d69f6b40,0x00000000d9330000)
 PSPermGen       total 88064K, used 75277K [0x00000000c0000000, 0x00000000c5600000, 0x00000000d0000000)
  object space 88064K, 85% used [0x00000000c0000000,0x00000000c49836f0,0x00000000c5600000)
}
Event: 20.903 GC heap before
{Heap before GC invocations=50 (full 5):
 PSYoungGen      total 231296K, used 218532K [0x00000000f0000000, 0x0000000100000000, 0x0000000100000000)
  eden space 201216K, 99% used [0x00000000f0000000,0x00000000fc2a34c0,0x00000000fc480000)
  from space 30080K, 63% used [0x00000000fe2a0000,0x00000000ff565db0,0x0000000100000000)
  to   space 30464K, 0% used [0x00000000fc480000,0x00000000fc480000,0x00000000fe240000)
 ParOldGen       total 150720K, used 108506K [0x00000000d0000000, 0x00000000d9330000, 0x00000000f0000000)
  object space 150720K, 71% used [0x00000000d0000000,0x00000000d69f6b40,0x00000000d9330000)
 PSPermGen       total 88064K, used 77175K [0x00000000c0000000, 0x00000000c5600000, 0x00000000d0000000)
  object space 88064K, 87% used [0x00000000c0000000,0x00000000c4b5dfd0,0x00000000c5600000)
Event: 20.922 GC heap after
Heap after GC invocations=50 (full 5):
 PSYoungGen      total 231680K, used 18645K [0x00000000f0000000, 0x0000000100000000, 0x0000000100000000)
  eden space 201216K, 0% used [0x00000000f0000000,0x00000000f0000000,0x00000000fc480000)
  from space 30464K, 61% used [0x00000000fc480000,0x00000000fd6b5738,0x00000000fe240000)
  to   space 30464K, 0% used [0x00000000fe240000,0x00000000fe240000,0x0000000100000000)
 ParOldGen       total 150720K, used 112638K [0x00000000d0000000, 0x00000000d9330000, 0x00000000f0000000)
  object space 150720K, 74% used [0x00000000d0000000,0x00000000d6dff900,0x00000000d9330000)
 PSPermGen       total 88064K, used 77175K [0x00000000c0000000, 0x00000000c5600000, 0x00000000d0000000)
  object space 88064K, 87% used [0x00000000c0000000,0x00000000c4b5dfd0,0x00000000c5600000)
}
Event: 21.028 GC heap before
{Heap before GC invocations=51 (full 5):
 PSYoungGen      total 231680K, used 218094K [0x00000000f0000000, 0x0000000100000000, 0x0000000100000000)
  eden space 201216K, 99% used [0x00000000f0000000,0x00000000fc2c6390,0x00000000fc480000)
  from space 30464K, 61% used [0x00000000fc480000,0x00000000fd6b5738,0x00000000fe240000)
  to   space 30464K, 0% used [0x00000000fe240000,0x00000000fe240000,0x0000000100000000)
 ParOldGen       total 150720K, used 112638K [0x00000000d0000000, 0x00000000d9330000, 0x00000000f0000000)
  object space 150720K, 74% used [0x00000000d0000000,0x00000000d6dff900,0x00000000d9330000)
 PSPermGen       total 88064K, used 77710K [0x00000000c0000000, 0x00000000c5600000, 0x00000000d0000000)
  object space 88064K, 88% used [0x00000000c0000000,0x00000000c4be3b48,0x00000000c5600000)

Deoptimization events (10 events):
Event: 19.990 Thread 0x000000000a312000 Uncommon trap -34 fr.pc 0x00000000027df504
Event: 19.990 Thread 0x000000000a312000 Uncommon trap -34 fr.pc 0x00000000027df504
Event: 19.991 Thread 0x000000000a312000 Uncommon trap -34 fr.pc 0x00000000027df504
Event: 19.992 Thread 0x000000000a312000 Uncommon trap -34 fr.pc 0x0000000002cef8d8
Event: 20.008 Thread 0x000000000a312000 Uncommon trap -34 fr.pc 0x0000000002cef8d8
Event: 20.445 Thread 0x000000000a312000 Uncommon trap -83 fr.pc 0x00000000028b9434
Event: 20.731 Thread 0x000000000a312000 Uncommon trap -58 fr.pc 0x0000000002aff534
Event: 20.731 Thread 0x000000000a312000 Uncommon trap -58 fr.pc 0x0000000002aff534
Event: 20.893 Thread 0x000000000a312000 Uncommon trap -58 fr.pc 0x00000000028824b0
Event: 20.974 Thread 0x000000000a312000 Uncommon trap -34 fr.pc 0x0000000002cef8d8

Internal exceptions (10 events):
Event: 21.020 Thread 0x000000000a312000 Threw 0x00000000f9b22570 at C:\jdk7u2_64p\jdk7u17\hotspot\src\share\vm\prims\jvm.cpp:1166
Event: 21.020 Thread 0x000000000a312000 Threw 0x00000000f9b230c8 at C:\jdk7u2_64p\jdk7u17\hotspot\src\share\vm\prims\jvm.cpp:1166
Event: 21.021 Thread 0x000000000a312000 Threw 0x00000000f9b23fe0 at C:\jdk7u2_64p\jdk7u17\hotspot\src\share\vm\prims\jvm.cpp:1166
Event: 21.021 Thread 0x000000000a312000 Threw 0x00000000f9b31558 at C:\jdk7u2_64p\jdk7u17\hotspot\src\share\vm\prims\jvm.cpp:1166
Event: 21.021 Thread 0x000000000a312000 Threw 0x00000000f9b32070 at C:\jdk7u2_64p\jdk7u17\hotspot\src\share\vm\prims\jvm.cpp:1166
Event: 21.021 Thread 0x000000000a312000 Threw 0x00000000f9b32f88 at C:\jdk7u2_64p\jdk7u17\hotspot\src\share\vm\prims\jvm.cpp:1166
Event: 21.021 Thread 0x000000000a312000 Threw 0x00000000f9b38248 at C:\jdk7u2_64p\jdk7u17\hotspot\src\share\vm\prims\jvm.cpp:1166
Event: 21.021 Thread 0x000000000a312000 Threw 0x00000000f9b3d0f8 at C:\jdk7u2_64p\jdk7u17\hotspot\src\share\vm\prims\jvm.cpp:1166
Event: 21.021 Thread 0x000000000a312000 Threw 0x00000000f9b3e2c0 at C:\jdk7u2_64p\jdk7u17\hotspot\src\share\vm\prims\jvm.cpp:1166
Event: 21.021 Thread 0x000000000a312000 Threw 0x00000000f9b3e9f0 at C:\jdk7u2_64p\jdk7u17\hotspot\src\share\vm\classfile\systemDictionary.cpp:179

Events (10 events):
Event: 21.020 loading class 0x0000000013f731f0 done
Event: 21.020 loading class 0x0000000013f731f0
Event: 21.020 loading class 0x0000000013f731f0 done
Event: 21.020 loading class 0x0000000013f73230
Event: 21.020 loading class 0x0000000013f73230 done
Event: 21.021 loading class 0x0000000013f73230
Event: 21.021 loading class 0x0000000013f73230 done
Event: 21.021 loading class 0x0000000013f73230
Event: 21.021 loading class 0x0000000013f73230 done
Event: 21.028 Executing VM operation: ParallelGCFailedAllocation


Dynamic libraries:
0x000000013fd50000 - 0x000000013fd83000 	C:\Program Files\Java\jdk1.7.0_17\bin\javaw.exe
0x0000000076d10000 - 0x0000000076eb9000 	C:\Windows\SYSTEM32\ntdll.dll
0x0000000076af0000 - 0x0000000076c0f000 	C:\Windows\system32\kernel32.dll
0x000007fefc320000 - 0x000007fefc38b000 	C:\Windows\system32\KERNELBASE.dll
0x000007fefdd60000 - 0x000007fefde3b000 	C:\Windows\system32\ADVAPI32.dll
0x000007fefccd0000 - 0x000007fefcd6f000 	C:\Windows\system32\msvcrt.dll
0x000007fefe120000 - 0x000007fefe13f000 	C:\Windows\SYSTEM32\sechost.dll
0x000007fefc6d0000 - 0x000007fefc7fd000 	C:\Windows\system32\RPCRT4.dll
0x0000000076c10000 - 0x0000000076d0a000 	C:\Windows\system32\USER32.dll
0x000007fefdcf0000 - 0x000007fefdd57000 	C:\Windows\system32\GDI32.dll
0x000007fefe140000 - 0x000007fefe14e000 	C:\Windows\system32\LPK.dll
0x000007fefe150000 - 0x000007fefe219000 	C:\Windows\system32\USP10.dll
0x000007fefa760000 - 0x000007fefa954000 	C:\Windows\WinSxS\amd64_microsoft.windows.common-controls_6595b64144ccf1df_6.0.7601.17514_none_fa396087175ac9ac\COMCTL32.dll
0x000007fefde40000 - 0x000007fefdeb1000 	C:\Windows\system32\SHLWAPI.dll
0x000007fefcba0000 - 0x000007fefcbce000 	C:\Windows\system32\IMM32.DLL
0x000007fefc5c0000 - 0x000007fefc6c9000 	C:\Windows\system32\MSCTF.dll
0x0000000067bd0000 - 0x0000000067ca1000 	C:\Program Files\Java\jdk1.7.0_17\jre\bin\msvcr100.dll
0x00000000674b0000 - 0x0000000067bcf000 	C:\Program Files\Java\jdk1.7.0_17\jre\bin\server\jvm.dll
0x000007feea4b0000 - 0x000007feea4b9000 	C:\Windows\system32\WSOCK32.dll
0x000007fefc570000 - 0x000007fefc5bd000 	C:\Windows\system32\WS2_32.dll
0x000007fefcb90000 - 0x000007fefcb98000 	C:\Windows\system32\NSI.dll
0x000007fef9f80000 - 0x000007fef9fbb000 	C:\Windows\system32\WINMM.dll
0x0000000076ed0000 - 0x0000000076ed7000 	C:\Windows\system32\PSAPI.DLL
0x00000000674a0000 - 0x00000000674af000 	C:\Program Files\Java\jdk1.7.0_17\jre\bin\verify.dll
0x0000000067470000 - 0x0000000067498000 	C:\Program Files\Java\jdk1.7.0_17\jre\bin\java.dll
0x0000000071b90000 - 0x0000000071bb3000 	C:\Program Files\Java\jdk1.7.0_17\jre\bin\instrument.dll
0x0000000067450000 - 0x0000000067465000 	C:\Program Files\Java\jdk1.7.0_17\jre\bin\zip.dll
0x000007fefb890000 - 0x000007fefb8a7000 	C:\Windows\system32\CRYPTSP.dll
0x000007fefb590000 - 0x000007fefb5d7000 	C:\Windows\system32\rsaenh.dll
0x000007fefb300000 - 0x000007fefb31e000 	C:\Windows\system32\USERENV.dll
0x000007fefbfc0000 - 0x000007fefbfcf000 	C:\Windows\system32\profapi.dll
0x000007fefbef0000 - 0x000007fefbeff000 	C:\Windows\system32\CRYPTBASE.dll
0x0000000067430000 - 0x0000000067449000 	C:\Program Files\Java\jdk1.7.0_17\jre\bin\net.dll
0x000007fefb830000 - 0x000007fefb885000 	C:\Windows\system32\mswsock.dll
0x000007fefb820000 - 0x000007fefb827000 	C:\Windows\System32\wship6.dll
0x000007fef9f60000 - 0x000007fef9f75000 	C:\Windows\system32\NLAapi.dll
0x000007fef75e0000 - 0x000007fef75f5000 	C:\Windows\system32\napinsp.dll
0x000007fef75c0000 - 0x000007fef75d9000 	C:\Windows\system32\pnrpnsp.dll
0x000007fefb6b0000 - 0x000007fefb70b000 	C:\Windows\system32\DNSAPI.dll
0x000007fef75b0000 - 0x000007fef75bb000 	C:\Windows\System32\winrnr.dll
0x000007fefb1f0000 - 0x000007fefb1f7000 	C:\Windows\System32\wshtcpip.dll
0x000007fef9be0000 - 0x000007fef9c07000 	C:\Windows\system32\IPHLPAPI.DLL
0x000007fef9bd0000 - 0x000007fef9bdb000 	C:\Windows\system32\WINNSI.DLL
0x000007fef81c0000 - 0x000007fef81c8000 	C:\Windows\system32\rasadhlp.dll
0x000007fef9a90000 - 0x000007fef9ae3000 	C:\Windows\System32\fwpuclnt.dll
0x0000000067410000 - 0x0000000067421000 	C:\Program Files\Java\jdk1.7.0_17\jre\bin\nio.dll
0x0000000180000000 - 0x0000000180037000 	C:\Users\romeo\AppData\Local\Temp\jna5932865249590336378.dll
0x0000000001ff0000 - 0x0000000002000000 	C:\Users\romeo\AppData\Local\Temp\jline_.dll
0x00000000673e0000 - 0x0000000067404000 	C:\Program Files\Java\jdk1.7.0_17\jre\bin\sunec.dll
0x00000000673d0000 - 0x00000000673db000 	C:\Program Files\Java\jdk1.7.0_17\jre\bin\sunmscapi.dll
0x000007fefc0b0000 - 0x000007fefc21a000 	C:\Windows\system32\CRYPT32.dll
0x000007fefc060000 - 0x000007fefc06f000 	C:\Windows\system32\MSASN1.dll
0x0000000071b80000 - 0x0000000071b8b000 	C:\Program Files\Java\jdk1.7.0_17\jre\bin\management.dll

VM Arguments:
jvm_args: -Xmx768M -XX:MaxPermSize=256m -Dbase.dir=F:\DEV\git\grails\trieranantes -Djline.terminal=jline.UnsupportedTerminal -Dgrails.home=F:\DEV\resources\grails\grails-2.1.0 -javaagent:F:\DEV\resources\grails\grails-2.1.0\lib\com.springsource.springloaded\springloaded-core\jars\springloaded-core-1.0.6.jar -Xverify:none -Dspringloaded=profile=grails;cacheDir=F:\DEV\workspace_ggts\.metadata\.plugins\org.grails.ide.eclipse.core\2.1.0 -Dfile.encoding=Cp1252 
java_command: org.codehaus.groovy.grails.cli.support.GrailsStarter --conf F:\DEV\resources\grails\grails-2.1.0\conf\groovy-starter.conf --main org.codehaus.groovy.grails.cli.GrailsScriptRunner run-app
Launcher Type: SUN_STANDARD

Environment Variables:
JAVA_HOME=C:\Program Files\Java\jdk1.7.0_17
PATH=C:\Program Files (x86)\NVIDIA Corporation\PhysX\Common;C:\Program Files (x86)\AMD APP\bin\x86_64;C:\Program Files (x86)\AMD APP\bin\x86;C:\Windows\system32;C:\Windows;C:\Windows\System32\Wbem;C:\Windows\System32\WindowsPowerShell\v1.0\;C:\Program Files (x86)\ATI Technologies\ATI.ACE\Core-Static;C:\Program Files\TortoiseGit\bin
USERNAME=romeo
OS=Windows_NT
PROCESSOR_IDENTIFIER=Intel64 Family 6 Model 30 Stepping 5, GenuineIntel



---------------  S Y S T E M  ---------------

OS: Windows 7 , 64 bit Build 7601 Service Pack 1

CPU:total 4 (4 cores per cpu, 1 threads per core) family 6 model 30 stepping 5, cmov, cx8, fxsr, mmx, sse, sse2, sse3, ssse3, sse4.1, sse4.2, popcnt, tsc, tscinvbit

Memory: 4k page, physical 2095156k(227876k free), swap 4143156k(1163456k free)

vm_info: Java HotSpot(TM) 64-Bit Server VM (23.7-b01) for windows-amd64 JRE (1.7.0_17-b02), built on Mar  1 2013 03:38:30 by "java_re" with unknown MS VC++:1600

time: Fri May 17 19:26:42 2013
elapsed time: 21 seconds

