#
# A fatal error has been detected by the Java Runtime Environment:
#
#  Internal Error (constantTag.cpp:59), pid=6112, tid=4372
#  Error: ShouldNotReachHere()
#
# JRE version: 7.0_17-b02
# Java VM: Java HotSpot(TM) 64-Bit Server VM (23.7-b01 mixed mode windows-amd64 compressed oops)
# Failed to write core dump. Minidumps are not enabled by default on client versions of Windows
#
# If you would like to submit a bug report, please visit:
#   http://bugreport.sun.com/bugreport/crash.jsp
#

---------------  T H R E A D  ---------------

Current thread (0x0000000002178000):  GCTaskThread [stack: 0x0000000005e60000,0x0000000005f60000] [id=4372]

Stack: [0x0000000005e60000,0x0000000005f60000]
JavaThread 0x00000000119a1000 (nid = 4224) was being processed
Java frames: (J=compiled Java code, j=interpreted, Vv=VM code)
j  com.springsource.loaded.Utils.loadBytesFromStream(Ljava/io/InputStream;)[B+12
j  com.springsource.loaded.Utils.loadClassAsBytes2(Ljava/lang/ClassLoader;Ljava/lang/String;)[B+39
j  com.springsource.loaded.TypeRegistry.getDescriptorFor(Ljava/lang/String;)Lcom/springsource/loaded/TypeDescriptor;+23
j  com.springsource.loaded.TypeDescriptorExtractor$ExtractionVisitor.getTypeDescriptorFor(Ljava/lang/String;)Lcom/springsource/loaded/TypeDescriptor;+8
j  com.springsource.loaded.TypeDescriptorExtractor$ExtractionVisitor.findTypeDescriptor(Lcom/springsource/loaded/TypeRegistry;Ljava/lang/String;)Lcom/springsource/loaded/TypeDescriptor;+43
j  com.springsource.loaded.TypeDescriptorExtractor$ExtractionVisitor.computeFieldsRequiringAccessors()V+17
j  com.springsource.loaded.TypeDescriptorExtractor$ExtractionVisitor.getTypeDescriptor()Lcom/springsource/loaded/TypeDescriptor;+12
j  com.springsource.loaded.TypeDescriptorExtractor.extract([BZ)Lcom/springsource/loaded/TypeDescriptor;+29
j  com.springsource.loaded.TypeRegistry.getDescriptorFor(Ljava/lang/String;)Lcom/springsource/loaded/TypeDescriptor;+41
j  com.springsource.loaded.TypeDescriptorExtractor$ExtractionVisitor.getTypeDescriptorFor(Ljava/lang/String;)Lcom/springsource/loaded/TypeDescriptor;+8
j  com.springsource.loaded.TypeDescriptorExtractor$ExtractionVisitor.findTypeDescriptor(Lcom/springsource/loaded/TypeRegistry;Ljava/lang/String;)Lcom/springsource/loaded/TypeDescriptor;+43
J  com.springsource.loaded.TypeDescriptorExtractor$ExtractionVisitor.computeCatchers()V
j  com.springsource.loaded.TypeDescriptorExtractor$ExtractionVisitor.getTypeDescriptor()Lcom/springsource/loaded/TypeDescriptor;+8
j  com.springsource.loaded.TypeDescriptorExtractor.extract([BZ)Lcom/springsource/loaded/TypeDescriptor;+29
j  com.springsource.loaded.TypeRegistry.addType(Ljava/lang/String;[B)Lcom/springsource/loaded/ReloadableType;+50
J  com.springsource.loaded.agent.SpringLoadedPreProcessor.preProcess(Ljava/lang/ClassLoader;Ljava/lang/String;Ljava/security/ProtectionDomain;[B)[B
J  sun.instrument.TransformerManager.transform(Ljava/lang/ClassLoader;Ljava/lang/String;Ljava/lang/Class;Ljava/security/ProtectionDomain;[B)[B
j  sun.instrument.InstrumentationImpl.transform(Ljava/lang/ClassLoader;Ljava/lang/String;Ljava/lang/Class;Ljava/security/ProtectionDomain;[BZ)[B+34
v  ~StubRoutines::call_stub
j  java.lang.ClassLoader.defineClass1(Ljava/lang/String;[BIILjava/security/ProtectionDomain;Ljava/lang/String;)Ljava/lang/Class;+0
j  java.lang.ClassLoader.defineClass(Ljava/lang/String;[BIILjava/security/ProtectionDomain;)Ljava/lang/Class;+30
j  org.codehaus.groovy.reflection.ClassLoaderForClassArtifacts.define(Ljava/lang/String;[B)Ljava/lang/Class;+26
j  org.codehaus.groovy.reflection.ClassLoaderForClassArtifacts$1.run()Ljava/lang/Class;+12
j  org.codehaus.groovy.reflection.ClassLoaderForClassArtifacts$1.run()Ljava/lang/Object;+1
v  ~StubRoutines::call_stub
J  java.security.AccessController.doPrivileged(Ljava/security/PrivilegedAction;)Ljava/lang/Object;
j  org.codehaus.groovy.reflection.ClassLoaderForClassArtifacts.defineClassAndGetConstructor(Ljava/lang/String;[B)Ljava/lang/reflect/Constructor;+10
j  org.codehaus.groovy.runtime.callsite.CallSiteGenerator.compilePogoMethod(Lorg/codehaus/groovy/reflection/CachedMethod;)Ljava/lang/reflect/Constructor;+43
j  org.codehaus.groovy.reflection.CachedMethod.createPogoMetaMethodSite(Lorg/codehaus/groovy/runtime/callsite/CallSite;Lgroovy/lang/MetaClassImpl;[Ljava/lang/Class;)Lorg/codehaus/groovy/runtime/callsite/CallSite;+30
j  org.codehaus.groovy.runtime.callsite.PogoMetaMethodSite.createCachedMethodSite(Lorg/codehaus/groovy/runtime/callsite/CallSite;Lgroovy/lang/MetaClassImpl;Lorg/codehaus/groovy/reflection/CachedMethod;[Ljava/lang/Class;[Ljava/lang/Object;)Lorg/codehaus/groovy/runtime/callsite/CallSite;+44
j  org.codehaus.groovy.runtime.callsite.PogoMetaMethodSite.createPogoMetaMethodSite(Lorg/codehaus/groovy/runtime/callsite/CallSite;Lgroovy/lang/MetaClassImpl;Lgroovy/lang/MetaMethod;[Ljava/lang/Class;[Ljava/lang/Object;)Lorg/codehaus/groovy/runtime/callsite/CallSite;+18
j  groovy.lang.MetaClassImpl.createPogoCallSite(Lorg/codehaus/groovy/runtime/callsite/CallSite;[Ljava/lang/Object;)Lorg/codehaus/groovy/runtime/callsite/CallSite;+41
j  groovy.lang.ExpandoMetaClass.createPogoCallSite(Lorg/codehaus/groovy/runtime/callsite/CallSite;[Ljava/lang/Object;)Lorg/codehaus/groovy/runtime/callsite/CallSite;+20
j  org.codehaus.groovy.runtime.callsite.CallSiteArray.createPogoSite(Lorg/codehaus/groovy/runtime/callsite/CallSite;Ljava/lang/Object;[Ljava/lang/Object;)Lorg/codehaus/groovy/runtime/callsite/CallSite;+39
j  org.codehaus.groovy.runtime.callsite.CallSiteArray.createCallSite(Lorg/codehaus/groovy/runtime/callsite/CallSite;Ljava/lang/Object;[Ljava/lang/Object;)Lorg/codehaus/groovy/runtime/callsite/CallSite;+43
j  org.codehaus.groovy.runtime.callsite.CallSiteArray.defaultCall(Lorg/codehaus/groovy/runtime/callsite/CallSite;Ljava/lang/Object;[Ljava/lang/Object;)Ljava/lang/Object;+3
j  org.codehaus.groovy.runtime.callsite.AbstractCallSite.call(Ljava/lang/Object;[Ljava/lang/Object;)Ljava/lang/Object;+3
j  org.codehaus.groovy.runtime.callsite.AbstractCallSite.call(Ljava/lang/Object;)Ljava/lang/Object;+5
j  com.van.trieranantes.dechet.BootstrapService.creerCollecte()Ljava/lang/Object;+9495
j  com.van.trieranantes.dechet.BootstrapService$creerCollecte.callCurrent(Lgroovy/lang/GroovyObject;[Ljava/lang/Object;)Ljava/lang/Object;+82
j  org.codehaus.groovy.runtime.callsite.CallSiteArray.defaultCallCurrent(Lorg/codehaus/groovy/runtime/callsite/CallSite;Lgroovy/lang/GroovyObject;[Ljava/lang/Object;)Ljava/lang/Object;+17
j  org.codehaus.groovy.runtime.callsite.AbstractCallSite.callCurrent(Lgroovy/lang/GroovyObject;[Ljava/lang/Object;)Ljava/lang/Object;+3
j  org.codehaus.groovy.runtime.callsite.AbstractCallSite.callCurrent(Lgroovy/lang/GroovyObject;)Ljava/lang/Object;+5
j  com.van.trieranantes.dechet.BootstrapService.initDonneesDeveloppement()Ljava/lang/Object;+141
j  com.van.trieranantes.dechet.BootstrapService$$FastClassByCGLIB$$7572f17a.invoke(ILjava/lang/Object;[Ljava/lang/Object;)Ljava/lang/Object;+221
j  net.sf.cglib.proxy.MethodProxy.invoke(Ljava/lang/Object;[Ljava/lang/Object;)Ljava/lang/Object;+19
j  org.springframework.aop.framework.Cglib2AopProxy$CglibMethodInvocation.invokeJoinpoint()Ljava/lang/Object;+24
j  org.springframework.aop.framework.ReflectiveMethodInvocation.proceed()Ljava/lang/Object;+19
j  org.springframework.transaction.interceptor.TransactionInterceptor.invoke(Lorg/aopalliance/intercept/MethodInvocation;)Ljava/lang/Object;+87
j  org.springframework.aop.framework.ReflectiveMethodInvocation.proceed()Ljava/lang/Object;+101
j  org.springframework.aop.framework.Cglib2AopProxy$DynamicAdvisedInterceptor.intercept(Ljava/lang/Object;Ljava/lang/reflect/Method;[Ljava/lang/Object;Lnet/sf/cglib/proxy/MethodProxy;)Ljava/lang/Object;+112
j  com.van.trieranantes.dechet.BootstrapService$$EnhancerByCGLIB$$639624c.initDonneesDeveloppement()Ljava/lang/Object;+304
j  com.van.trieranantes.dechet.BootstrapService$initDonneesDeveloppement.call(Ljava/lang/Object;[Ljava/lang/Object;)Ljava/lang/Object;+82
j  org.codehaus.groovy.runtime.callsite.CallSiteArray.defaultCall(Lorg/codehaus/groovy/runtime/callsite/CallSite;Ljava/lang/Object;[Ljava/lang/Object;)Ljava/lang/Object;+8
j  org.codehaus.groovy.runtime.callsite.AbstractCallSite.call(Ljava/lang/Object;[Ljava/lang/Object;)Ljava/lang/Object;+3
j  org.codehaus.groovy.runtime.callsite.AbstractCallSite.call(Ljava/lang/Object;)Ljava/lang/Object;+5
j  BootStrap$_closure1.doCall(Ljava/lang/Object;)Ljava/lang/Object;+65
v  ~StubRoutines::call_stub
j  sun.reflect.NativeMethodAccessorImpl.invoke0(Ljava/lang/reflect/Method;Ljava/lang/Object;[Ljava/lang/Object;)Ljava/lang/Object;+0
j  sun.reflect.NativeMethodAccessorImpl.invoke(Ljava/lang/Object;[Ljava/lang/Object;)Ljava/lang/Object;+87
J  com.springsource.loaded.ri.ReflectiveInterceptor.jlrMethodInvoke(Ljava/lang/reflect/Method;Ljava/lang/Object;[Ljava/lang/Object;)Ljava/lang/Object;
J  org.codehaus.groovy.reflection.CachedMethod.invoke(Ljava/lang/Object;[Ljava/lang/Object;)Ljava/lang/Object;
j  groovy.lang.MetaMethod.doMethodInvoke(Ljava/lang/Object;[Ljava/lang/Object;)Ljava/lang/Object;+9
j  groovy.lang.MetaClassImpl.invokeMethod(Ljava/lang/Class;Ljava/lang/Object;Ljava/lang/String;[Ljava/lang/Object;ZZ)Ljava/lang/Object;+1036
J  groovy.lang.ExpandoMetaClass.invokeMethod(Ljava/lang/Class;Ljava/lang/Object;Ljava/lang/String;[Ljava/lang/Object;ZZ)Ljava/lang/Object;
j  groovy.lang.MetaClassImpl.invokeMethod(Ljava/lang/Object;Ljava/lang/String;[Ljava/lang/Object;)Ljava/lang/Object;+10
j  groovy.lang.MetaClassImpl.invokeMethod(Ljava/lang/Class;Ljava/lang/Object;Ljava/lang/String;[Ljava/lang/Object;ZZ)Ljava/lang/Object;+278
J  groovy.lang.ExpandoMetaClass.invokeMethod(Ljava/lang/Class;Ljava/lang/Object;Ljava/lang/String;[Ljava/lang/Object;ZZ)Ljava/lang/Object;
j  groovy.lang.MetaClassImpl.invokeMethod(Ljava/lang/Object;Ljava/lang/String;[Ljava/lang/Object;)Ljava/lang/Object;+10
j  groovy.lang.Closure.call([Ljava/lang/Object;)Ljava/lang/Object;+8
j  groovy.lang.Closure.call()Ljava/lang/Object;+6
j  grails.util.Environment.evaluateEnvironmentSpecificBlock(Lgrails/util/Environment;Lgroovy/lang/Closure;)Lgrails/util/Environment$EnvironmentBlockEvaluator;+16
j  grails.util.Environment.executeForEnvironment(Lgrails/util/Environment;Lgroovy/lang/Closure;)Ljava/lang/Object;+8
j  grails.util.Environment.executeForCurrentEnvironment(Lgroovy/lang/Closure;)Ljava/lang/Object;+6
j  org.codehaus.groovy.grails.commons.DefaultGrailsBootstrapClass.callInit(Ljavax/servlet/ServletContext;)V+23
j  org.codehaus.groovy.grails.web.context.GrailsConfigUtils.executeGrailsBootstraps(Lorg/codehaus/groovy/grails/commons/GrailsApplication;Lorg/springframework/web/context/WebApplicationContext;Ljavax/servlet/ServletContext;)V+113
j  org.codehaus.groovy.grails.web.context.GrailsContextLoader.initWebApplicationContext(Ljavax/servlet/ServletContext;)Lorg/springframework/web/context/WebApplicationContext;+131
j  org.springframework.web.context.ContextLoaderListener.contextInitialized(Ljavax/servlet/ServletContextEvent;)V+28
j  org.apache.catalina.core.StandardContext.listenerStart()Z+530
j  org.apache.catalina.core.StandardContext.startInternal()V+1187
j  org.apache.catalina.util.LifecycleBase.start()V+210
j  org.apache.catalina.core.ContainerBase$StartChild.call()Ljava/lang/Void;+4
j  org.apache.catalina.core.ContainerBase$StartChild.call()Ljava/lang/Object;+1
j  java.util.concurrent.FutureTask$Sync.innerRun()V+29
j  java.util.concurrent.FutureTask.run()V+4
j  java.util.concurrent.ThreadPoolExecutor.runWorker(Ljava/util/concurrent/ThreadPoolExecutor$Worker;)V+95
j  java.util.concurrent.ThreadPoolExecutor$Worker.run()V+5
j  java.lang.Thread.run()V+11
v  ~StubRoutines::call_stub

---------------  P R O C E S S  ---------------

Java Threads: ( => current thread )
  0x00000000119a2800 JavaThread "net.sf.ehcache.CacheManager@49c5e4c4" daemon [_thread_blocked, id=5092, stack(0x0000000012e10000,0x0000000012f10000)]
  0x00000000119a1000 JavaThread "pool-5-thread-1" [_thread_blocked, id=4224, stack(0x000000000dfe0000,0x000000000e0e0000)]
  0x00000000119a0000 JavaThread "pool-4-thread-1" [_thread_blocked, id=5056, stack(0x000000000de80000,0x000000000df80000)]
  0x000000000b287800 JavaThread "pool-2-thread-5" [_thread_blocked, id=5624, stack(0x0000000013440000,0x0000000013540000)]
  0x000000000b287000 JavaThread "pool-2-thread-4" [_thread_blocked, id=3048, stack(0x0000000013220000,0x0000000013320000)]
  0x000000000b286000 JavaThread "pool-2-thread-3" [_thread_blocked, id=5276, stack(0x000000000abd0000,0x000000000acd0000)]
  0x000000000b285000 JavaThread "pool-2-thread-2" [_thread_blocked, id=1584, stack(0x0000000012cc0000,0x0000000012dc0000)]
  0x0000000010525800 JavaThread "pool-2-thread-1" [_thread_blocked, id=2948, stack(0x0000000013000000,0x0000000013100000)]
  0x00000000118ed800 JavaThread "pool-1-thread-5" [_thread_blocked, id=5620, stack(0x0000000012960000,0x0000000012a60000)]
  0x000000000f664000 JavaThread "pool-1-thread-4" [_thread_blocked, id=6120, stack(0x0000000012850000,0x0000000012950000)]
  0x0000000010c06000 JavaThread "pool-1-thread-3" [_thread_blocked, id=4084, stack(0x00000000125a0000,0x00000000126a0000)]
  0x00000000110b2800 JavaThread "pool-1-thread-2" [_thread_blocked, id=2428, stack(0x0000000010260000,0x0000000010360000)]
  0x000000000f785000 JavaThread "pool-1-thread-1" [_thread_blocked, id=5188, stack(0x0000000010150000,0x0000000010250000)]
  0x000000001201c000 JavaThread "FileSystemWatcher: files=#248 cl=java.net.URLClassLoader@766c5616" daemon [_thread_blocked, id=2976, stack(0x0000000012450000,0x0000000012550000)]
  0x0000000011b0a000 JavaThread "FileSystemWatcher: files=#6 cl=groovy.lang.GroovyClassLoader@2aab85c1" daemon [_thread_blocked, id=5108, stack(0x000000000bb00000,0x000000000bc00000)]
  0x0000000011b45800 JavaThread "Synchronizer (Spring UAA/1.0.1)" daemon [_thread_blocked, id=5104, stack(0x000000000bd30000,0x000000000be30000)]
  0x000000000a33e000 JavaThread "Service Thread" daemon [_thread_blocked, id=4580, stack(0x000000000aad0000,0x000000000abd0000)]
  0x000000000a343800 JavaThread "C2 CompilerThread1" daemon [_thread_blocked, id=2584, stack(0x000000000a900000,0x000000000aa00000)]
  0x000000000a31e000 JavaThread "C2 CompilerThread0" daemon [_thread_blocked, id=4404, stack(0x000000000a6e0000,0x000000000a7e0000)]
  0x0000000008ad7800 JavaThread "Attach Listener" daemon [_thread_blocked, id=5216, stack(0x000000000a180000,0x000000000a280000)]
  0x0000000008ad0800 JavaThread "Signal Dispatcher" daemon [_thread_blocked, id=5208, stack(0x0000000009fd0000,0x000000000a0d0000)]
  0x0000000002226800 JavaThread "Finalizer" daemon [_thread_blocked, id=1352, stack(0x0000000009e60000,0x0000000009f60000)]
  0x0000000008a53800 JavaThread "Reference Handler" daemon [_thread_blocked, id=5520, stack(0x0000000009d30000,0x0000000009e30000)]
  0x000000000036d000 JavaThread "main" [_thread_blocked, id=4656, stack(0x0000000002400000,0x0000000002500000)]

Other Threads:
  0x0000000008a52800 VMThread [stack: 0x0000000009ad0000,0x0000000009bd0000] [id=1172]
  0x000000000a33e800 WatcherThread [stack: 0x000000000ace0000,0x000000000ade0000] [id=4208]

=>0x0000000002178000 (exited) GCTaskThread [stack: 0x0000000005e60000,0x0000000005f60000] [id=4372]

VM state:at safepoint (normal execution)

VM Mutex/Monitor currently owned by a thread:  ([mutex/lock_event])
[0x000000000036b850] Threads_lock - owner thread: 0x0000000008a52800
[0x000000000036bd50] Heap_lock - owner thread: 0x00000000119a1000

Heap
 PSYoungGen      total 238656K, used 224661K [0x00000000f0000000, 0x00000000ffeb0000, 0x0000000100000000)
  eden space 217216K, 99% used [0x00000000f0000000,0x00000000fd37fcd0,0x00000000fd420000)
  from space 21440K, 37% used [0x00000000fd420000,0x00000000fdc058e8,0x00000000fe910000)
  to   space 20160K, 41% used [0x00000000feb00000,0x00000000ff32d128,0x00000000ffeb0000)
 ParOldGen       total 172864K, used 123186K [0x00000000d0000000, 0x00000000da8d0000, 0x00000000f0000000)
  object space 172864K, 71% used [0x00000000d0000000,0x00000000d784c878,0x00000000da8d0000)
 PSPermGen       total 94016K, used 78958K [0x00000000c0000000, 0x00000000c5bd0000, 0x00000000d0000000)
  object space 94016K, 83% used [0x00000000c0000000,0x00000000c4d1b800,0x00000000c5bd0000)

Card table byte_map: [0x0000000005500000,0x0000000005710000] byte_map_base: 0x0000000004f00000

Polling page: 0x0000000000330000

Code Cache  [0x0000000002500000, 0x0000000002cd0000, 0x0000000005500000)
 total_blobs=2202 nmethods=1518 adapters=633 free_code_cache=42342Kb largest_free_block=42186112

Compilation events (10 events):
Event: 27.463 Thread 0x000000000a31e000 nmethod 1678 0x0000000002a56490 code [0x0000000002a565e0, 0x0000000002a56688]
Event: 27.470 Thread 0x000000000a343800 1679             java.util.HashMap$EntrySet::iterator (8 bytes)
Event: 27.470 Thread 0x000000000a343800 nmethod 1679 0x0000000002a56190 code [0x0000000002a562e0, 0x0000000002a56358]
Event: 27.474 Thread 0x000000000a31e000 1680             org.h2.table.TableFilter::isOk (21 bytes)
Event: 27.474 Thread 0x000000000a31e000 nmethod 1680 0x000000000271a390 code [0x000000000271a4c0, 0x000000000271a538]
Event: 27.532 Thread 0x000000000a343800 1681   !         org.h2.table.MetaTable::generateRows (7899 bytes)
Event: 27.538 Thread 0x000000000a31e000 1682             org.h2.value.Value::getHigherOrder (75 bytes)
Event: 27.539 Thread 0x000000000a31e000 nmethod 1682 0x0000000002719e90 code [0x000000000271a020, 0x000000000271a1a0]
Event: 27.541 Thread 0x000000000a31e000 1683             java.net.URLStreamHandler::toExternalForm (219 bytes)
Event: 27.545 Thread 0x000000000a31e000 nmethod 1683 0x0000000002c05e90 code [0x0000000002c06040, 0x0000000002c06430]

GC Heap History (10 events):
Event: 25.925 GC heap after
Heap after GC invocations=47 (full 6):
 PSYoungGen      total 235072K, used 0K [0x00000000f0000000, 0x00000000ffff0000, 0x0000000100000000)
  eden space 211136K, 0% used [0x00000000f0000000,0x00000000f0000000,0x00000000fce30000)
  from space 23936K, 0% used [0x00000000fce30000,0x00000000fce30000,0x00000000fe590000)
  to   space 23040K, 0% used [0x00000000fe970000,0x00000000fe970000,0x00000000ffff0000)
 ParOldGen       total 172864K, used 120941K [0x00000000d0000000, 0x00000000da8d0000, 0x00000000f0000000)
  object space 172864K, 69% used [0x00000000d0000000,0x00000000d761b510,0x00000000da8d0000)
 PSPermGen       total 94016K, used 72059K [0x00000000c0000000, 0x00000000c5bd0000, 0x00000000d0000000)
  object space 94016K, 76% used [0x00000000c0000000,0x00000000c465ee28,0x00000000c5bd0000)
}
Event: 26.267 GC heap before
{Heap before GC invocations=48 (full 6):
 PSYoungGen      total 235072K, used 211136K [0x00000000f0000000, 0x00000000ffff0000, 0x0000000100000000)
  eden space 211136K, 100% used [0x00000000f0000000,0x00000000fce30000,0x00000000fce30000)
  from space 23936K, 0% used [0x00000000fce30000,0x00000000fce30000,0x00000000fe590000)
  to   space 23040K, 0% used [0x00000000fe970000,0x00000000fe970000,0x00000000ffff0000)
 ParOldGen       total 172864K, used 120941K [0x00000000d0000000, 0x00000000da8d0000, 0x00000000f0000000)
  object space 172864K, 69% used [0x00000000d0000000,0x00000000d761b510,0x00000000da8d0000)
 PSPermGen       total 94016K, used 73433K [0x00000000c0000000, 0x00000000c5bd0000, 0x00000000d0000000)
  object space 94016K, 78% used [0x00000000c0000000,0x00000000c47b6530,0x00000000c5bd0000)
Event: 26.272 GC heap after
Heap after GC invocations=48 (full 6):
 PSYoungGen      total 236608K, used 3788K [0x00000000f0000000, 0x00000000ffe60000, 0x0000000100000000)
  eden space 215168K, 0% used [0x00000000f0000000,0x00000000f0000000,0x00000000fd220000)
  from space 21440K, 17% used [0x00000000fe970000,0x00000000fed231c8,0x00000000ffe60000)
  to   space 22656K, 0% used [0x00000000fd220000,0x00000000fd220000,0x00000000fe840000)
 ParOldGen       total 172864K, used 120941K [0x00000000d0000000, 0x00000000da8d0000, 0x00000000f0000000)
  object space 172864K, 69% used [0x00000000d0000000,0x00000000d761b510,0x00000000da8d0000)
 PSPermGen       total 94016K, used 73433K [0x00000000c0000000, 0x00000000c5bd0000, 0x00000000d0000000)
  object space 94016K, 78% used [0x00000000c0000000,0x00000000c47b6530,0x00000000c5bd0000)
}
Event: 26.561 GC heap before
{Heap before GC invocations=49 (full 6):
 PSYoungGen      total 236608K, used 215353K [0x00000000f0000000, 0x00000000ffe60000, 0x0000000100000000)
  eden space 215168K, 98% used [0x00000000f0000000,0x00000000fce9b618,0x00000000fd220000)
  from space 21440K, 17% used [0x00000000fe970000,0x00000000fed231c8,0x00000000ffe60000)
  to   space 22656K, 0% used [0x00000000fd220000,0x00000000fd220000,0x00000000fe840000)
 ParOldGen       total 172864K, used 120941K [0x00000000d0000000, 0x00000000da8d0000, 0x00000000f0000000)
  object space 172864K, 69% used [0x00000000d0000000,0x00000000d761b510,0x00000000da8d0000)
 PSPermGen       total 94016K, used 74896K [0x00000000c0000000, 0x00000000c5bd0000, 0x00000000d0000000)
  object space 94016K, 79% used [0x00000000c0000000,0x00000000c4924138,0x00000000c5bd0000)
Event: 26.567 GC heap after
Heap after GC invocations=49 (full 6):
 PSYoungGen      total 237824K, used 3277K [0x00000000f0000000, 0x0000000100000000, 0x0000000100000000)
  eden space 215168K, 0% used [0x00000000f0000000,0x00000000f0000000,0x00000000fd220000)
  from space 22656K, 14% used [0x00000000fd220000,0x00000000fd553590,0x00000000fe840000)
  to   space 22272K, 0% used [0x00000000fea40000,0x00000000fea40000,0x0000000100000000)
 ParOldGen       total 172864K, used 123186K [0x00000000d0000000, 0x00000000da8d0000, 0x00000000f0000000)
  object space 172864K, 71% used [0x00000000d0000000,0x00000000d784c878,0x00000000da8d0000)
 PSPermGen       total 94016K, used 74896K [0x00000000c0000000, 0x00000000c5bd0000, 0x00000000d0000000)
  object space 94016K, 79% used [0x00000000c0000000,0x00000000c4924138,0x00000000c5bd0000)
}
Event: 26.749 GC heap before
{Heap before GC invocations=50 (full 6):
 PSYoungGen      total 237824K, used 218445K [0x00000000f0000000, 0x0000000100000000, 0x0000000100000000)
  eden space 215168K, 100% used [0x00000000f0000000,0x00000000fd220000,0x00000000fd220000)
  from space 22656K, 14% used [0x00000000fd220000,0x00000000fd553590,0x00000000fe840000)
  to   space 22272K, 0% used [0x00000000fea40000,0x00000000fea40000,0x0000000100000000)
 ParOldGen       total 172864K, used 123186K [0x00000000d0000000, 0x00000000da8d0000, 0x00000000f0000000)
  object space 172864K, 71% used [0x00000000d0000000,0x00000000d784c878,0x00000000da8d0000)
 PSPermGen       total 94016K, used 75476K [0x00000000c0000000, 0x00000000c5bd0000, 0x00000000d0000000)
  object space 94016K, 80% used [0x00000000c0000000,0x00000000c49b5330,0x00000000c5bd0000)
Event: 26.755 GC heap after
Heap after GC invocations=50 (full 6):
 PSYoungGen      total 237440K, used 4812K [0x00000000f0000000, 0x00000000ffe00000, 0x0000000100000000)
  eden space 217216K, 0% used [0x00000000f0000000,0x00000000f0000000,0x00000000fd420000)
  from space 20224K, 23% used [0x00000000fea40000,0x00000000feef3120,0x00000000ffe00000)
  to   space 21440K, 0% used [0x00000000fd420000,0x00000000fd420000,0x00000000fe910000)
 ParOldGen       total 172864K, used 123186K [0x00000000d0000000, 0x00000000da8d0000, 0x00000000f0000000)
  object space 172864K, 71% used [0x00000000d0000000,0x00000000d784c878,0x00000000da8d0000)
 PSPermGen       total 94016K, used 75476K [0x00000000c0000000, 0x00000000c5bd0000, 0x00000000d0000000)
  object space 94016K, 80% used [0x00000000c0000000,0x00000000c49b5330,0x00000000c5bd0000)
}
Event: 27.093 GC heap before
{Heap before GC invocations=51 (full 6):
 PSYoungGen      total 237440K, used 219173K [0x00000000f0000000, 0x00000000ffe00000, 0x0000000100000000)
  eden space 217216K, 98% used [0x00000000f0000000,0x00000000fd156328,0x00000000fd420000)
  from space 20224K, 23% used [0x00000000fea40000,0x00000000feef3120,0x00000000ffe00000)
  to   space 21440K, 0% used [0x00000000fd420000,0x00000000fd420000,0x00000000fe910000)
 ParOldGen       total 172864K, used 123186K [0x00000000d0000000, 0x00000000da8d0000, 0x00000000f0000000)
  object space 172864K, 71% used [0x00000000d0000000,0x00000000d784c878,0x00000000da8d0000)
 PSPermGen       total 94016K, used 77175K [0x00000000c0000000, 0x00000000c5bd0000, 0x00000000d0000000)
  object space 94016K, 82% used [0x00000000c0000000,0x00000000c4b5de98,0x00000000c5bd0000)
Event: 27.101 GC heap after
Heap after GC invocations=51 (full 6):
 PSYoungGen      total 238656K, used 8086K [0x00000000f0000000, 0x00000000ffeb0000, 0x0000000100000000)
  eden space 217216K, 0% used [0x00000000f0000000,0x00000000f0000000,0x00000000fd420000)
  from space 21440K, 37% used [0x00000000fd420000,0x00000000fdc058e8,0x00000000fe910000)
  to   space 20160K, 0% used [0x00000000feb00000,0x00000000feb00000,0x00000000ffeb0000)
 ParOldGen       total 172864K, used 123186K [0x00000000d0000000, 0x00000000da8d0000, 0x00000000f0000000)
  object space 172864K, 71% used [0x00000000d0000000,0x00000000d784c878,0x00000000da8d0000)
 PSPermGen       total 94016K, used 77175K [0x00000000c0000000, 0x00000000c5bd0000, 0x00000000d0000000)
  object space 94016K, 82% used [0x00000000c0000000,0x00000000c4b5de98,0x00000000c5bd0000)
}
Event: 27.567 GC heap before
{Heap before GC invocations=52 (full 6):
 PSYoungGen      total 238656K, used 224661K [0x00000000f0000000, 0x00000000ffeb0000, 0x0000000100000000)
  eden space 217216K, 99% used [0x00000000f0000000,0x00000000fd37fcd0,0x00000000fd420000)
  from space 21440K, 37% used [0x00000000fd420000,0x00000000fdc058e8,0x00000000fe910000)
  to   space 20160K, 0% used [0x00000000feb00000,0x00000000feb00000,0x00000000ffeb0000)
 ParOldGen       total 172864K, used 123186K [0x00000000d0000000, 0x00000000da8d0000, 0x00000000f0000000)
  object space 172864K, 71% used [0x00000000d0000000,0x00000000d784c878,0x00000000da8d0000)
 PSPermGen       total 94016K, used 78958K [0x00000000c0000000, 0x00000000c5bd0000, 0x00000000d0000000)
  object space 94016K, 83% used [0x00000000c0000000,0x00000000c4d1b800,0x00000000c5bd0000)

Deoptimization events (10 events):
Event: 26.054 Thread 0x00000000119a1000 Uncommon trap -34 fr.pc 0x00000000026d8444
Event: 26.055 Thread 0x00000000119a1000 Uncommon trap -34 fr.pc 0x00000000026d8444
Event: 26.056 Thread 0x00000000119a1000 Uncommon trap -34 fr.pc 0x0000000002ab2258
Event: 26.077 Thread 0x00000000119a1000 Uncommon trap -34 fr.pc 0x0000000002ab2258
Event: 26.511 Thread 0x00000000119a1000 Uncommon trap -83 fr.pc 0x000000000284d434
Event: 26.820 Thread 0x00000000119a1000 Uncommon trap -58 fr.pc 0x00000000028ff734
Event: 26.820 Thread 0x00000000119a1000 Uncommon trap -58 fr.pc 0x00000000028ff734
Event: 27.035 Thread 0x00000000119a1000 Uncommon trap -58 fr.pc 0x00000000027fbe3c
Event: 27.110 Thread 0x00000000119a1000 Uncommon trap -34 fr.pc 0x0000000002ab2258
Event: 27.193 Thread 0x00000000119a1000 Uncommon trap -34 fr.pc 0x0000000002ab2258

Internal exceptions (10 events):
Event: 27.258 Thread 0x00000000119a1000 Threw 0x00000000f82782a8 at C:\jdk7u2_64p\jdk7u17\hotspot\src\share\vm\prims\jvm.cpp:1166
Event: 27.258 Thread 0x00000000119a1000 Threw 0x00000000f82795b8 at C:\jdk7u2_64p\jdk7u17\hotspot\src\share\vm\prims\jvm.cpp:1166
Event: 27.258 Thread 0x00000000119a1000 Threw 0x00000000f828d610 at C:\jdk7u2_64p\jdk7u17\hotspot\src\share\vm\prims\jvm.cpp:1166
Event: 27.258 Thread 0x00000000119a1000 Threw 0x00000000f828e2b0 at C:\jdk7u2_64p\jdk7u17\hotspot\src\share\vm\prims\jvm.cpp:1166
Event: 27.258 Thread 0x00000000119a1000 Threw 0x00000000f828f5c0 at C:\jdk7u2_64p\jdk7u17\hotspot\src\share\vm\prims\jvm.cpp:1166
Event: 27.259 Thread 0x00000000119a1000 Threw 0x00000000f82957e0 at C:\jdk7u2_64p\jdk7u17\hotspot\src\share\vm\prims\jvm.cpp:1166
Event: 27.259 Thread 0x00000000119a1000 Threw 0x00000000f829b6a0 at C:\jdk7u2_64p\jdk7u17\hotspot\src\share\vm\prims\jvm.cpp:1166
Event: 27.259 Thread 0x00000000119a1000 Threw 0x00000000f829c900 at C:\jdk7u2_64p\jdk7u17\hotspot\src\share\vm\prims\jvm.cpp:1166
Event: 27.259 Thread 0x00000000119a1000 Threw 0x00000000f829d1f8 at C:\jdk7u2_64p\jdk7u17\hotspot\src\share\vm\classfile\systemDictionary.cpp:179
Event: 27.274 Thread 0x00000000119a1000 Threw 0x00000000f8427208 at C:\jdk7u2_64p\jdk7u17\hotspot\src\share\vm\prims\jvm.cpp:1166

Events (10 events):
Event: 27.257 loading class 0x000000000d9e8ad0 done
Event: 27.258 loading class 0x000000000d9e8ad0
Event: 27.258 loading class 0x000000000d9e8ad0 done
Event: 27.258 loading class 0x000000000d9e8b40
Event: 27.258 loading class 0x000000000d9e8b40 done
Event: 27.258 loading class 0x000000000d9e8b40
Event: 27.258 loading class 0x000000000d9e8b40 done
Event: 27.259 loading class 0x000000000d9e8b40
Event: 27.259 loading class 0x000000000d9e8b40 done
Event: 27.567 Executing VM operation: ParallelGCFailedAllocation


Dynamic libraries:
0x000000013faa0000 - 0x000000013fad3000 	C:\Program Files\Java\jdk1.7.0_17\bin\javaw.exe
0x0000000077890000 - 0x0000000077a39000 	C:\Windows\SYSTEM32\ntdll.dll
0x0000000077770000 - 0x000000007788f000 	C:\Windows\system32\kernel32.dll
0x000007fefccd0000 - 0x000007fefcd3b000 	C:\Windows\system32\KERNELBASE.dll
0x000007fefd680000 - 0x000007fefd75b000 	C:\Windows\system32\ADVAPI32.dll
0x000007fefd810000 - 0x000007fefd8af000 	C:\Windows\system32\msvcrt.dll
0x000007fefee60000 - 0x000007fefee7f000 	C:\Windows\SYSTEM32\sechost.dll
0x000007fefd170000 - 0x000007fefd29d000 	C:\Windows\system32\RPCRT4.dll
0x0000000077670000 - 0x000000007776a000 	C:\Windows\system32\USER32.dll
0x000007fefee90000 - 0x000007fefeef7000 	C:\Windows\system32\GDI32.dll
0x000007fefee80000 - 0x000007fefee8e000 	C:\Windows\system32\LPK.dll
0x000007fefe000000 - 0x000007fefe0c9000 	C:\Windows\system32\USP10.dll
0x000007fefb5c0000 - 0x000007fefb7b4000 	C:\Windows\WinSxS\amd64_microsoft.windows.common-controls_6595b64144ccf1df_6.0.7601.17514_none_fa396087175ac9ac\COMCTL32.dll
0x000007fefde50000 - 0x000007fefdec1000 	C:\Windows\system32\SHLWAPI.dll
0x000007fefd8b0000 - 0x000007fefd8de000 	C:\Windows\system32\IMM32.DLL
0x000007fefdc80000 - 0x000007fefdd89000 	C:\Windows\system32\MSCTF.dll
0x0000000074d80000 - 0x0000000074e51000 	C:\Program Files\Java\jdk1.7.0_17\jre\bin\msvcr100.dll
0x000000006b5a0000 - 0x000000006bcbf000 	C:\Program Files\Java\jdk1.7.0_17\jre\bin\server\jvm.dll
0x000007fefa470000 - 0x000007fefa479000 	C:\Windows\system32\WSOCK32.dll
0x000007fefcf10000 - 0x000007fefcf5d000 	C:\Windows\system32\WS2_32.dll
0x000007fefd800000 - 0x000007fefd808000 	C:\Windows\system32\NSI.dll
0x000007fefaaf0000 - 0x000007fefab2b000 	C:\Windows\system32\WINMM.dll
0x0000000077a60000 - 0x0000000077a67000 	C:\Windows\system32\PSAPI.DLL
0x00000000754f0000 - 0x00000000754ff000 	C:\Program Files\Java\jdk1.7.0_17\jre\bin\verify.dll
0x00000000754c0000 - 0x00000000754e8000 	C:\Program Files\Java\jdk1.7.0_17\jre\bin\java.dll
0x0000000071d20000 - 0x0000000071d43000 	C:\Program Files\Java\jdk1.7.0_17\jre\bin\instrument.dll
0x0000000074d60000 - 0x0000000074d75000 	C:\Program Files\Java\jdk1.7.0_17\jre\bin\zip.dll
0x000007fefc410000 - 0x000007fefc427000 	C:\Windows\system32\CRYPTSP.dll
0x000007fefc100000 - 0x000007fefc147000 	C:\Windows\system32\rsaenh.dll
0x000007fefbe80000 - 0x000007fefbe9e000 	C:\Windows\system32\USERENV.dll
0x000007fefcb40000 - 0x000007fefcb4f000 	C:\Windows\system32\profapi.dll
0x000007fefca70000 - 0x000007fefca7f000 	C:\Windows\system32\CRYPTBASE.dll
0x0000000074d40000 - 0x0000000074d59000 	C:\Program Files\Java\jdk1.7.0_17\jre\bin\net.dll
0x000007fefc300000 - 0x000007fefc355000 	C:\Windows\system32\mswsock.dll
0x000007fefc400000 - 0x000007fefc407000 	C:\Windows\System32\wship6.dll
0x000007fefaab0000 - 0x000007fefaac5000 	C:\Windows\system32\NLAapi.dll
0x000007fef8160000 - 0x000007fef8175000 	C:\Windows\system32\napinsp.dll
0x000007fef8140000 - 0x000007fef8159000 	C:\Windows\system32\pnrpnsp.dll
0x000007fefc1f0000 - 0x000007fefc24b000 	C:\Windows\system32\DNSAPI.dll
0x000007fef8130000 - 0x000007fef813b000 	C:\Windows\System32\winrnr.dll
0x000007fefbd70000 - 0x000007fefbd77000 	C:\Windows\System32\wshtcpip.dll
0x000007fefa6f0000 - 0x000007fefa717000 	C:\Windows\system32\IPHLPAPI.DLL
0x000007fefa6c0000 - 0x000007fefa6cb000 	C:\Windows\system32\WINNSI.DLL
0x000007fef85a0000 - 0x000007fef85a8000 	C:\Windows\system32\rasadhlp.dll
0x000007fefa4c0000 - 0x000007fefa513000 	C:\Windows\System32\fwpuclnt.dll
0x0000000074d20000 - 0x0000000074d31000 	C:\Program Files\Java\jdk1.7.0_17\jre\bin\nio.dll
0x0000000180000000 - 0x0000000180037000 	C:\Users\romeo\AppData\Local\Temp\jna7917856533132331042.dll
0x00000000003a0000 - 0x00000000003b0000 	C:\Users\romeo\AppData\Local\Temp\jline_.dll
0x0000000069980000 - 0x00000000699a4000 	C:\Program Files\Java\jdk1.7.0_17\jre\bin\sunec.dll
0x0000000067910000 - 0x000000006791b000 	C:\Program Files\Java\jdk1.7.0_17\jre\bin\sunmscapi.dll
0x000007fefcd40000 - 0x000007fefceaa000 	C:\Windows\system32\CRYPT32.dll
0x000007fefcbe0000 - 0x000007fefcbef000 	C:\Windows\system32\MSASN1.dll
0x0000000071d10000 - 0x0000000071d1b000 	C:\Program Files\Java\jdk1.7.0_17\jre\bin\management.dll

VM Arguments:
jvm_args: -Xmx768M -XX:MaxPermSize=256m -Dbase.dir=F:\DEV\git\grails\trieranantes -Djline.terminal=jline.UnsupportedTerminal -Dgrails.home=F:\DEV\resources\grails\grails-2.1.0 -javaagent:F:\DEV\resources\grails\grails-2.1.0\lib\com.springsource.springloaded\springloaded-core\jars\springloaded-core-1.0.6.jar -Xverify:none -Dspringloaded=profile=grails;cacheDir=F:\DEV\workspace_ggts\.metadata\.plugins\org.grails.ide.eclipse.core\2.1.0 -Dfile.encoding=Cp1252 
java_command: org.codehaus.groovy.grails.cli.support.GrailsStarter --conf F:\DEV\resources\grails\grails-2.1.0\conf\groovy-starter.conf --main org.codehaus.groovy.grails.cli.GrailsScriptRunner run-app
Launcher Type: SUN_STANDARD

Environment Variables:
JAVA_HOME=C:\Program Files\Java\jdk1.7.0_17
PATH=C:\Program Files (x86)\NVIDIA Corporation\PhysX\Common;C:\Program Files (x86)\AMD APP\bin\x86_64;C:\Program Files (x86)\AMD APP\bin\x86;C:\Windows\system32;C:\Windows;C:\Windows\System32\Wbem;C:\Windows\System32\WindowsPowerShell\v1.0\;C:\Program Files (x86)\ATI Technologies\ATI.ACE\Core-Static;C:\Program Files\TortoiseGit\bin
USERNAME=romeo
OS=Windows_NT
PROCESSOR_IDENTIFIER=Intel64 Family 6 Model 30 Stepping 5, GenuineIntel



---------------  S Y S T E M  ---------------

OS: Windows 7 , 64 bit Build 7601 Service Pack 1

CPU:total 4 (4 cores per cpu, 1 threads per core) family 6 model 30 stepping 5, cmov, cx8, fxsr, mmx, sse, sse2, sse3, ssse3, sse4.1, sse4.2, popcnt, tsc, tscinvbit

Memory: 4k page, physical 2095156k(89924k free), swap 4143156k(1004164k free)

vm_info: Java HotSpot(TM) 64-Bit Server VM (23.7-b01) for windows-amd64 JRE (1.7.0_17-b02), built on Mar  1 2013 03:38:30 by "java_re" with unknown MS VC++:1600

time: Tue May 21 18:36:02 2013
elapsed time: 27 seconds

