#
# A fatal error has been detected by the Java Runtime Environment:
#
#  Internal Error (signature.cpp:53), pid=9584, tid=9576
#  fatal error: expecting (
#
# JRE version: 7.0_17-b02
# Java VM: Java HotSpot(TM) 64-Bit Server VM (23.7-b01 mixed mode windows-amd64 compressed oops)
# Failed to write core dump. Minidumps are not enabled by default on client versions of Windows
#
# If you would like to submit a bug report, please visit:
#   http://bugreport.sun.com/bugreport/crash.jsp
#

---------------  T H R E A D  ---------------

Current thread (0x0000000002188000):  GCTaskThread [stack: 0x0000000005db0000,0x0000000005eb0000] [id=9576]

Stack: [0x0000000005db0000,0x0000000005eb0000]
JavaThread 0x000000000a4a0000 (nid = 4448) was being processed
Java frames: (J=compiled Java code, j=interpreted, Vv=VM code)
j  com.springsource.loaded.Utils.loadBytesFromStream(Ljava/io/InputStream;)[B+12
j  com.springsource.loaded.Utils.loadClassAsBytes2(Ljava/lang/ClassLoader;Ljava/lang/String;)[B+39
j  com.springsource.loaded.TypeRegistry.getDescriptorFor(Ljava/lang/String;)Lcom/springsource/loaded/TypeDescriptor;+23
j  com.springsource.loaded.TypeDescriptorExtractor$ExtractionVisitor.getTypeDescriptorFor(Ljava/lang/String;)Lcom/springsource/loaded/TypeDescriptor;+8
j  com.springsource.loaded.TypeDescriptorExtractor$ExtractionVisitor.findTypeDescriptor(Lcom/springsource/loaded/TypeRegistry;Ljava/lang/String;)Lcom/springsource/loaded/TypeDescriptor;+43
j  com.springsource.loaded.TypeDescriptorExtractor$ExtractionVisitor.computeFieldsRequiringAccessors()V+17
j  com.springsource.loaded.TypeDescriptorExtractor$ExtractionVisitor.getTypeDescriptor()Lcom/springsource/loaded/TypeDescriptor;+12
j  com.springsource.loaded.TypeDescriptorExtractor.extract([BZ)Lcom/springsource/loaded/TypeDescriptor;+29
j  com.springsource.loaded.TypeRegistry.getDescriptorFor(Ljava/lang/String;)Lcom/springsource/loaded/TypeDescriptor;+41
j  com.springsource.loaded.TypeDescriptorExtractor$ExtractionVisitor.getTypeDescriptorFor(Ljava/lang/String;)Lcom/springsource/loaded/TypeDescriptor;+8
j  com.springsource.loaded.TypeDescriptorExtractor$ExtractionVisitor.findTypeDescriptor(Lcom/springsource/loaded/TypeRegistry;Ljava/lang/String;)Lcom/springsource/loaded/TypeDescriptor;+43
j  com.springsource.loaded.TypeDescriptorExtractor$ExtractionVisitor.computeFieldsRequiringAccessors()V+17
j  com.springsource.loaded.TypeDescriptorExtractor$ExtractionVisitor.getTypeDescriptor()Lcom/springsource/loaded/TypeDescriptor;+12
j  com.springsource.loaded.TypeDescriptorExtractor.extract([BZ)Lcom/springsource/loaded/TypeDescriptor;+29
j  com.springsource.loaded.TypeRegistry.getDescriptorFor(Ljava/lang/String;)Lcom/springsource/loaded/TypeDescriptor;+41
j  com.springsource.loaded.TypeDescriptorExtractor$ExtractionVisitor.getTypeDescriptorFor(Ljava/lang/String;)Lcom/springsource/loaded/TypeDescriptor;+8
j  com.springsource.loaded.TypeDescriptorExtractor$ExtractionVisitor.findTypeDescriptor(Lcom/springsource/loaded/TypeRegistry;Ljava/lang/String;)Lcom/springsource/loaded/TypeDescriptor;+43
J  com.springsource.loaded.TypeDescriptorExtractor$ExtractionVisitor.computeCatchers()V
j  com.springsource.loaded.TypeDescriptorExtractor$ExtractionVisitor.getTypeDescriptor()Lcom/springsource/loaded/TypeDescriptor;+8
j  com.springsource.loaded.TypeDescriptorExtractor.extract([BZ)Lcom/springsource/loaded/TypeDescriptor;+29
j  com.springsource.loaded.TypeRegistry.addType(Ljava/lang/String;[B)Lcom/springsource/loaded/ReloadableType;+50
J  com.springsource.loaded.agent.SpringLoadedPreProcessor.preProcess(Ljava/lang/ClassLoader;Ljava/lang/String;Ljava/security/ProtectionDomain;[B)[B
J  sun.instrument.TransformerManager.transform(Ljava/lang/ClassLoader;Ljava/lang/String;Ljava/lang/Class;Ljava/security/ProtectionDomain;[B)[B
j  sun.instrument.InstrumentationImpl.transform(Ljava/lang/ClassLoader;Ljava/lang/String;Ljava/lang/Class;Ljava/security/ProtectionDomain;[BZ)[B+34
v  ~StubRoutines::call_stub
j  java.lang.ClassLoader.defineClass1(Ljava/lang/String;[BIILjava/security/ProtectionDomain;Ljava/lang/String;)Ljava/lang/Class;+0
j  java.lang.ClassLoader.defineClass(Ljava/lang/String;[BIILjava/security/ProtectionDomain;)Ljava/lang/Class;+30
j  org.codehaus.groovy.reflection.ClassLoaderForClassArtifacts.define(Ljava/lang/String;[B)Ljava/lang/Class;+26
j  org.codehaus.groovy.reflection.ClassLoaderForClassArtifacts$1.run()Ljava/lang/Class;+12
j  org.codehaus.groovy.reflection.ClassLoaderForClassArtifacts$1.run()Ljava/lang/Object;+1
v  ~StubRoutines::call_stub
J  java.security.AccessController.doPrivileged(Ljava/security/PrivilegedAction;)Ljava/lang/Object;
j  org.codehaus.groovy.reflection.ClassLoaderForClassArtifacts.defineClassAndGetConstructor(Ljava/lang/String;[B)Ljava/lang/reflect/Constructor;+10
j  org.codehaus.groovy.runtime.callsite.CallSiteGenerator.compilePogoMethod(Lorg/codehaus/groovy/reflection/CachedMethod;)Ljava/lang/reflect/Constructor;+43
j  org.codehaus.groovy.reflection.CachedMethod.createPogoMetaMethodSite(Lorg/codehaus/groovy/runtime/callsite/CallSite;Lgroovy/lang/MetaClassImpl;[Ljava/lang/Class;)Lorg/codehaus/groovy/runtime/callsite/CallSite;+30
j  org.codehaus.groovy.runtime.callsite.PogoMetaMethodSite.createCachedMethodSite(Lorg/codehaus/groovy/runtime/callsite/CallSite;Lgroovy/lang/MetaClassImpl;Lorg/codehaus/groovy/reflection/CachedMethod;[Ljava/lang/Class;[Ljava/lang/Object;)Lorg/codehaus/groovy/runtime/callsite/CallSite;+44
j  org.codehaus.groovy.runtime.callsite.PogoMetaMethodSite.createPogoMetaMethodSite(Lorg/codehaus/groovy/runtime/callsite/CallSite;Lgroovy/lang/MetaClassImpl;Lgroovy/lang/MetaMethod;[Ljava/lang/Class;[Ljava/lang/Object;)Lorg/codehaus/groovy/runtime/callsite/CallSite;+18
j  groovy.lang.MetaClassImpl.createPogoCallSite(Lorg/codehaus/groovy/runtime/callsite/CallSite;[Ljava/lang/Object;)Lorg/codehaus/groovy/runtime/callsite/CallSite;+41
j  groovy.lang.ExpandoMetaClass.createPogoCallSite(Lorg/codehaus/groovy/runtime/callsite/CallSite;[Ljava/lang/Object;)Lorg/codehaus/groovy/runtime/callsite/CallSite;+20
j  org.codehaus.groovy.runtime.callsite.CallSiteArray.createPogoSite(Lorg/codehaus/groovy/runtime/callsite/CallSite;Ljava/lang/Object;[Ljava/lang/Object;)Lorg/codehaus/groovy/runtime/callsite/CallSite;+39
j  org.codehaus.groovy.runtime.callsite.CallSiteArray.createCallSite(Lorg/codehaus/groovy/runtime/callsite/CallSite;Ljava/lang/Object;[Ljava/lang/Object;)Lorg/codehaus/groovy/runtime/callsite/CallSite;+43
j  org.codehaus.groovy.runtime.callsite.CallSiteArray.defaultCall(Lorg/codehaus/groovy/runtime/callsite/CallSite;Ljava/lang/Object;[Ljava/lang/Object;)Ljava/lang/Object;+3
j  org.codehaus.groovy.runtime.callsite.AbstractCallSite.call(Ljava/lang/Object;[Ljava/lang/Object;)Ljava/lang/Object;+3
j  org.codehaus.groovy.runtime.callsite.AbstractCallSite.call(Ljava/lang/Object;)Ljava/lang/Object;+5
j  com.van.trieranantes.dechet.BootstrapService.creerCollecte()Ljava/lang/Object;+9495
j  com.van.trieranantes.dechet.BootstrapService$creerCollecte.callCurrent(Lgroovy/lang/GroovyObject;[Ljava/lang/Object;)Ljava/lang/Object;+82
j  org.codehaus.groovy.runtime.callsite.CallSiteArray.defaultCallCurrent(Lorg/codehaus/groovy/runtime/callsite/CallSite;Lgroovy/lang/GroovyObject;[Ljava/lang/Object;)Ljava/lang/Object;+17
j  org.codehaus.groovy.runtime.callsite.AbstractCallSite.callCurrent(Lgroovy/lang/GroovyObject;[Ljava/lang/Object;)Ljava/lang/Object;+3
j  org.codehaus.groovy.runtime.callsite.AbstractCallSite.callCurrent(Lgroovy/lang/GroovyObject;)Ljava/lang/Object;+5
j  com.van.trieranantes.dechet.BootstrapService.initDonneesDeveloppement()Ljava/lang/Object;+141
j  com.van.trieranantes.dechet.BootstrapService$$FastClassByCGLIB$$7572f17a.invoke(ILjava/lang/Object;[Ljava/lang/Object;)Ljava/lang/Object;+221
j  net.sf.cglib.proxy.MethodProxy.invoke(Ljava/lang/Object;[Ljava/lang/Object;)Ljava/lang/Object;+19
j  org.springframework.aop.framework.Cglib2AopProxy$CglibMethodInvocation.invokeJoinpoint()Ljava/lang/Object;+24
j  org.springframework.aop.framework.ReflectiveMethodInvocation.proceed()Ljava/lang/Object;+19
j  org.springframework.transaction.interceptor.TransactionInterceptor.invoke(Lorg/aopalliance/intercept/MethodInvocation;)Ljava/lang/Object;+87
j  org.springframework.aop.framework.ReflectiveMethodInvocation.proceed()Ljava/lang/Object;+101
j  org.springframework.aop.framework.Cglib2AopProxy$DynamicAdvisedInterceptor.intercept(Ljava/lang/Object;Ljava/lang/reflect/Method;[Ljava/lang/Object;Lnet/sf/cglib/proxy/MethodProxy;)Ljava/lang/Object;+112
j  com.van.trieranantes.dechet.BootstrapService$$EnhancerByCGLIB$$8f3b3d22.initDonneesDeveloppement()Ljava/lang/Object;+304
j  com.van.trieranantes.dechet.BootstrapService$initDonneesDeveloppement.call(Ljava/lang/Object;[Ljava/lang/Object;)Ljava/lang/Object;+82
j  org.codehaus.groovy.runtime.callsite.CallSiteArray.defaultCall(Lorg/codehaus/groovy/runtime/callsite/CallSite;Ljava/lang/Object;[Ljava/lang/Object;)Ljava/lang/Object;+8
j  org.codehaus.groovy.runtime.callsite.AbstractCallSite.call(Ljava/lang/Object;[Ljava/lang/Object;)Ljava/lang/Object;+3
j  org.codehaus.groovy.runtime.callsite.AbstractCallSite.call(Ljava/lang/Object;)Ljava/lang/Object;+5
j  BootStrap$_closure1.doCall(Ljava/lang/Object;)Ljava/lang/Object;+65
v  ~StubRoutines::call_stub
j  sun.reflect.NativeMethodAccessorImpl.invoke0(Ljava/lang/reflect/Method;Ljava/lang/Object;[Ljava/lang/Object;)Ljava/lang/Object;+0
j  sun.reflect.NativeMethodAccessorImpl.invoke(Ljava/lang/Object;[Ljava/lang/Object;)Ljava/lang/Object;+87
J  com.springsource.loaded.ri.ReflectiveInterceptor.jlrMethodInvoke(Ljava/lang/reflect/Method;Ljava/lang/Object;[Ljava/lang/Object;)Ljava/lang/Object;
J  org.codehaus.groovy.reflection.CachedMethod.invoke(Ljava/lang/Object;[Ljava/lang/Object;)Ljava/lang/Object;
j  groovy.lang.MetaMethod.doMethodInvoke(Ljava/lang/Object;[Ljava/lang/Object;)Ljava/lang/Object;+9
j  groovy.lang.MetaClassImpl.invokeMethod(Ljava/lang/Class;Ljava/lang/Object;Ljava/lang/String;[Ljava/lang/Object;ZZ)Ljava/lang/Object;+1036
J  groovy.lang.ExpandoMetaClass.invokeMethod(Ljava/lang/Class;Ljava/lang/Object;Ljava/lang/String;[Ljava/lang/Object;ZZ)Ljava/lang/Object;
j  groovy.lang.MetaClassImpl.invokeMethod(Ljava/lang/Object;Ljava/lang/String;[Ljava/lang/Object;)Ljava/lang/Object;+10
j  groovy.lang.MetaClassImpl.invokeMethod(Ljava/lang/Class;Ljava/lang/Object;Ljava/lang/String;[Ljava/lang/Object;ZZ)Ljava/lang/Object;+278
J  groovy.lang.ExpandoMetaClass.invokeMethod(Ljava/lang/Class;Ljava/lang/Object;Ljava/lang/String;[Ljava/lang/Object;ZZ)Ljava/lang/Object;
j  groovy.lang.MetaClassImpl.invokeMethod(Ljava/lang/Object;Ljava/lang/String;[Ljava/lang/Object;)Ljava/lang/Object;+10
j  groovy.lang.Closure.call([Ljava/lang/Object;)Ljava/lang/Object;+8
j  groovy.lang.Closure.call()Ljava/lang/Object;+6
j  grails.util.Environment.evaluateEnvironmentSpecificBlock(Lgrails/util/Environment;Lgroovy/lang/Closure;)Lgrails/util/Environment$EnvironmentBlockEvaluator;+16
j  grails.util.Environment.executeForEnvironment(Lgrails/util/Environment;Lgroovy/lang/Closure;)Ljava/lang/Object;+8
j  grails.util.Environment.executeForCurrentEnvironment(Lgroovy/lang/Closure;)Ljava/lang/Object;+6
j  org.codehaus.groovy.grails.commons.DefaultGrailsBootstrapClass.callInit(Ljavax/servlet/ServletContext;)V+23
j  org.codehaus.groovy.grails.web.context.GrailsConfigUtils.executeGrailsBootstraps(Lorg/codehaus/groovy/grails/commons/GrailsApplication;Lorg/springframework/web/context/WebApplicationContext;Ljavax/servlet/ServletContext;)V+113
j  org.codehaus.groovy.grails.web.context.GrailsContextLoader.initWebApplicationContext(Ljavax/servlet/ServletContext;)Lorg/springframework/web/context/WebApplicationContext;+131
j  org.springframework.web.context.ContextLoaderListener.contextInitialized(Ljavax/servlet/ServletContextEvent;)V+28
j  org.apache.catalina.core.StandardContext.listenerStart()Z+530
j  org.apache.catalina.core.StandardContext.startInternal()V+1187
j  org.apache.catalina.util.LifecycleBase.start()V+210
j  org.apache.catalina.core.ContainerBase$StartChild.call()Ljava/lang/Void;+4
j  org.apache.catalina.core.ContainerBase$StartChild.call()Ljava/lang/Object;+1
j  java.util.concurrent.FutureTask$Sync.innerRun()V+29
j  java.util.concurrent.FutureTask.run()V+4
j  java.util.concurrent.ThreadPoolExecutor.runWorker(Ljava/util/concurrent/ThreadPoolExecutor$Worker;)V+95
j  java.util.concurrent.ThreadPoolExecutor$Worker.run()V+5
j  java.lang.Thread.run()V+11
v  ~StubRoutines::call_stub

---------------  P R O C E S S  ---------------

Java Threads: ( => current thread )
  0x000000000a4a1000 JavaThread "net.sf.ehcache.CacheManager@423d3983" daemon [_thread_blocked, id=10076, stack(0x000000000cdd0000,0x000000000ced0000)]
  0x000000000a4a0000 JavaThread "pool-5-thread-1" [_thread_blocked, id=4448, stack(0x00000000143f0000,0x00000000144f0000)]
  0x000000000a49b800 JavaThread "pool-4-thread-1" [_thread_blocked, id=10052, stack(0x0000000011250000,0x0000000011350000)]
  0x000000000a49f800 JavaThread "pool-2-thread-5" [_thread_blocked, id=9312, stack(0x00000000142b0000,0x00000000143b0000)]
  0x000000000a49e800 JavaThread "pool-2-thread-4" [_thread_blocked, id=3184, stack(0x0000000013ca0000,0x0000000013da0000)]
  0x000000000a49e000 JavaThread "pool-2-thread-3" [_thread_blocked, id=8020, stack(0x0000000014040000,0x0000000014140000)]
  0x000000000a49d000 JavaThread "pool-2-thread-2" [_thread_blocked, id=1880, stack(0x0000000013e40000,0x0000000013f40000)]
  0x000000000a49c800 JavaThread "pool-2-thread-1" [_thread_blocked, id=8500, stack(0x0000000013b80000,0x0000000013c80000)]
  0x000000000a49b000 JavaThread "pool-1-thread-5" [_thread_blocked, id=5348, stack(0x0000000013830000,0x0000000013930000)]
  0x000000000a49a000 JavaThread "pool-1-thread-4" [_thread_blocked, id=9196, stack(0x000000000e030000,0x000000000e130000)]
  0x000000000a499800 JavaThread "pool-1-thread-3" [_thread_blocked, id=9552, stack(0x0000000012440000,0x0000000012540000)]
  0x000000000a498800 JavaThread "pool-1-thread-2" [_thread_blocked, id=2708, stack(0x0000000013650000,0x0000000013750000)]
  0x000000000a498000 JavaThread "pool-1-thread-1" [_thread_blocked, id=9468, stack(0x000000000e170000,0x000000000e270000)]
  0x000000000a497000 JavaThread "FileSystemWatcher: files=#248 cl=java.net.URLClassLoader@733f6c53" daemon [_thread_blocked, id=1204, stack(0x00000000139e0000,0x0000000013ae0000)]
  0x000000000a496800 JavaThread "FileSystemWatcher: files=#6 cl=groovy.lang.GroovyClassLoader@49b0cd6e" daemon [_thread_blocked, id=8712, stack(0x000000000df20000,0x000000000e020000)]
  0x000000000a495800 JavaThread "Synchronizer (Spring UAA/1.0.1)" daemon [_thread_blocked, id=9996, stack(0x000000000cbe0000,0x000000000cce0000)]
  0x000000000a17e000 JavaThread "Service Thread" daemon [_thread_blocked, id=8940, stack(0x000000000a8c0000,0x000000000a9c0000)]
  0x000000000a183800 JavaThread "C2 CompilerThread1" daemon [_thread_blocked, id=9252, stack(0x000000000a4f0000,0x000000000a5f0000)]
  0x000000000a15e000 JavaThread "C2 CompilerThread0" daemon [_thread_blocked, id=9652, stack(0x000000000a630000,0x000000000a730000)]
  0x0000000008bb7800 JavaThread "Attach Listener" daemon [_thread_blocked, id=10048, stack(0x0000000009eb0000,0x0000000009fb0000)]
  0x0000000008bb0800 JavaThread "Signal Dispatcher" daemon [_thread_blocked, id=9536, stack(0x0000000009fc0000,0x000000000a0c0000)]
  0x0000000002236800 JavaThread "Finalizer" daemon [_thread_blocked, id=9472, stack(0x0000000009d30000,0x0000000009e30000)]
  0x0000000008b33800 JavaThread "Reference Handler" daemon [_thread_blocked, id=9564, stack(0x0000000009c30000,0x0000000009d30000)]
  0x000000000038d000 JavaThread "main" [_thread_blocked, id=9744, stack(0x0000000002470000,0x0000000002570000)]

Other Threads:
  0x0000000008b32800 VMThread [stack: 0x0000000009a40000,0x0000000009b40000] [id=8376]
  0x000000000a17e800 WatcherThread [stack: 0x000000000aab0000,0x000000000abb0000] [id=9568]

=>0x0000000002188000 (exited) GCTaskThread [stack: 0x0000000005db0000,0x0000000005eb0000] [id=9576]

VM state:at safepoint (normal execution)

VM Mutex/Monitor currently owned by a thread:  ([mutex/lock_event])
[0x000000000038b850] Threads_lock - owner thread: 0x0000000008b32800
[0x000000000038bd50] Heap_lock - owner thread: 0x000000000a4a0000

Heap
 PSYoungGen      total 235008K, used 223305K [0x00000000f0000000, 0x0000000100000000, 0x0000000100000000)
  eden space 210688K, 97% used [0x00000000f0000000,0x00000000fc87ef60,0x00000000fcdc0000)
  from space 24320K, 74% used [0x00000000fe840000,0x00000000ff9d34b8,0x0000000100000000)
  to   space 25728K, 71% used [0x00000000fcdc0000,0x00000000fdfaa730,0x00000000fe6e0000)
 ParOldGen       total 161728K, used 112467K [0x00000000d0000000, 0x00000000d9df0000, 0x00000000f0000000)
  object space 161728K, 69% used [0x00000000d0000000,0x00000000d6dd4fd8,0x00000000d9df0000)
 PSPermGen       total 94528K, used 78943K [0x00000000c0000000, 0x00000000c5c50000, 0x00000000d0000000)
  object space 94528K, 83% used [0x00000000c0000000,0x00000000c4d17e10,0x00000000c5c50000)

Card table byte_map: [0x0000000005720000,0x0000000005930000] byte_map_base: 0x0000000005120000

Polling page: 0x0000000000320000

Code Cache  [0x0000000002720000, 0x0000000002ec0000, 0x0000000005720000)
 total_blobs=2212 nmethods=1529 adapters=633 free_code_cache=42541Kb largest_free_block=42349824

Compilation events (10 events):
Event: 23.033 Thread 0x000000000a15e000 nmethod 1688 0x0000000002ce04d0 code [0x0000000002ce07c0, 0x0000000002ce1ab8]
Event: 23.050 Thread 0x000000000a183800 1691             org.h2.result.Row::getValue (22 bytes)
Event: 23.051 Thread 0x000000000a183800 nmethod 1691 0x0000000002e80790 code [0x0000000002e808e0, 0x0000000002e80988]
Event: 23.054 Thread 0x000000000a15e000 1692             java.lang.String::compareTo (9 bytes)
Event: 23.054 Thread 0x000000000a15e000 nmethod 1692 0x0000000002ce0150 code [0x0000000002ce02a0, 0x0000000002ce03f8]
Event: 23.062 Thread 0x000000000a183800 1693             org.h2.table.TableFilter::isOk (21 bytes)
Event: 23.062 Thread 0x000000000a183800 nmethod 1693 0x0000000002b56350 code [0x0000000002b56480, 0x0000000002b564f8]
Event: 23.118 Thread 0x000000000a15e000 1694   !         org.h2.table.MetaTable::generateRows (7899 bytes)
Event: 23.123 Thread 0x000000000a183800 1695             org.h2.value.Value::getHigherOrder (75 bytes)
Event: 23.124 Thread 0x000000000a183800 nmethod 1695 0x0000000002b55e50 code [0x0000000002b55fe0, 0x0000000002b56160]

GC Heap History (10 events):
Event: 21.759 GC heap after
Heap after GC invocations=47 (full 5):
 PSYoungGen      total 233664K, used 9170K [0x00000000f0000000, 0x00000000ffc40000, 0x0000000100000000)
  eden space 211584K, 0% used [0x00000000f0000000,0x00000000f0000000,0x00000000fcea0000)
  from space 22080K, 41% used [0x00000000fe6b0000,0x00000000fefa4b60,0x00000000ffc40000)
  to   space 23360K, 0% used [0x00000000fcea0000,0x00000000fcea0000,0x00000000fe570000)
 ParOldGen       total 161728K, used 112459K [0x00000000d0000000, 0x00000000d9df0000, 0x00000000f0000000)
  object space 161728K, 69% used [0x00000000d0000000,0x00000000d6dd2fd8,0x00000000d9df0000)
 PSPermGen       total 94528K, used 72134K [0x00000000c0000000, 0x00000000c5c50000, 0x00000000d0000000)
  object space 94528K, 76% used [0x00000000c0000000,0x00000000c46719e0,0x00000000c5c50000)
}
Event: 22.001 GC heap before
{Heap before GC invocations=48 (full 5):
 PSYoungGen      total 233664K, used 218801K [0x00000000f0000000, 0x00000000ffc40000, 0x0000000100000000)
  eden space 211584K, 99% used [0x00000000f0000000,0x00000000fccb7958,0x00000000fcea0000)
  from space 22080K, 41% used [0x00000000fe6b0000,0x00000000fefa4b60,0x00000000ffc40000)
  to   space 23360K, 0% used [0x00000000fcea0000,0x00000000fcea0000,0x00000000fe570000)
 ParOldGen       total 161728K, used 112459K [0x00000000d0000000, 0x00000000d9df0000, 0x00000000f0000000)
  object space 161728K, 69% used [0x00000000d0000000,0x00000000d6dd2fd8,0x00000000d9df0000)
 PSPermGen       total 94528K, used 73642K [0x00000000c0000000, 0x00000000c5c50000, 0x00000000d0000000)
  object space 94528K, 77% used [0x00000000c0000000,0x00000000c47eabe0,0x00000000c5c50000)
Event: 22.012 GC heap after
Heap after GC invocations=48 (full 5):
 PSYoungGen      total 234944K, used 11918K [0x00000000f0000000, 0x0000000100000000, 0x0000000100000000)
  eden space 211584K, 0% used [0x00000000f0000000,0x00000000f0000000,0x00000000fcea0000)
  from space 23360K, 51% used [0x00000000fcea0000,0x00000000fda439c8,0x00000000fe570000)
  to   space 22976K, 0% used [0x00000000fe990000,0x00000000fe990000,0x0000000100000000)
 ParOldGen       total 161728K, used 112459K [0x00000000d0000000, 0x00000000d9df0000, 0x00000000f0000000)
  object space 161728K, 69% used [0x00000000d0000000,0x00000000d6dd2fd8,0x00000000d9df0000)
 PSPermGen       total 94528K, used 73642K [0x00000000c0000000, 0x00000000c5c50000, 0x00000000d0000000)
  object space 94528K, 77% used [0x00000000c0000000,0x00000000c47eabe0,0x00000000c5c50000)
}
Event: 22.254 GC heap before
{Heap before GC invocations=49 (full 5):
 PSYoungGen      total 234944K, used 218960K [0x00000000f0000000, 0x0000000100000000, 0x0000000100000000)
  eden space 211584K, 97% used [0x00000000f0000000,0x00000000fca30788,0x00000000fcea0000)
  from space 23360K, 51% used [0x00000000fcea0000,0x00000000fda439c8,0x00000000fe570000)
  to   space 22976K, 0% used [0x00000000fe990000,0x00000000fe990000,0x0000000100000000)
 ParOldGen       total 161728K, used 112459K [0x00000000d0000000, 0x00000000d9df0000, 0x00000000f0000000)
  object space 161728K, 69% used [0x00000000d0000000,0x00000000d6dd2fd8,0x00000000d9df0000)
 PSPermGen       total 94528K, used 74915K [0x00000000c0000000, 0x00000000c5c50000, 0x00000000d0000000)
  object space 94528K, 79% used [0x00000000c0000000,0x00000000c4928d58,0x00000000c5c50000)
Event: 22.267 GC heap after
Heap after GC invocations=49 (full 5):
 PSYoungGen      total 238528K, used 13226K [0x00000000f0000000, 0x00000000fffc0000, 0x0000000100000000)
  eden space 215808K, 0% used [0x00000000f0000000,0x00000000f0000000,0x00000000fd2c0000)
  from space 22720K, 58% used [0x00000000fe990000,0x00000000ff67a878,0x00000000fffc0000)
  to   space 23040K, 0% used [0x00000000fd2c0000,0x00000000fd2c0000,0x00000000fe940000)
 ParOldGen       total 161728K, used 112459K [0x00000000d0000000, 0x00000000d9df0000, 0x00000000f0000000)
  object space 161728K, 69% used [0x00000000d0000000,0x00000000d6dd2fd8,0x00000000d9df0000)
 PSPermGen       total 94528K, used 74915K [0x00000000c0000000, 0x00000000c5c50000, 0x00000000d0000000)
  object space 94528K, 79% used [0x00000000c0000000,0x00000000c4928d58,0x00000000c5c50000)
}
Event: 22.557 GC heap before
{Heap before GC invocations=50 (full 5):
 PSYoungGen      total 238528K, used 221099K [0x00000000f0000000, 0x00000000fffc0000, 0x0000000100000000)
  eden space 215808K, 96% used [0x00000000f0000000,0x00000000fcb00730,0x00000000fd2c0000)
  from space 22720K, 58% used [0x00000000fe990000,0x00000000ff67a878,0x00000000fffc0000)
  to   space 23040K, 0% used [0x00000000fd2c0000,0x00000000fd2c0000,0x00000000fe940000)
 ParOldGen       total 161728K, used 112459K [0x00000000d0000000, 0x00000000d9df0000, 0x00000000f0000000)
  object space 161728K, 69% used [0x00000000d0000000,0x00000000d6dd2fd8,0x00000000d9df0000)
 PSPermGen       total 94528K, used 76309K [0x00000000c0000000, 0x00000000c5c50000, 0x00000000d0000000)
  object space 94528K, 80% used [0x00000000c0000000,0x00000000c4a85460,0x00000000c5c50000)
Event: 22.572 GC heap after
Heap after GC invocations=50 (full 5):
 PSYoungGen      total 232448K, used 16602K [0x00000000f0000000, 0x0000000100000000, 0x0000000100000000)
  eden space 215808K, 0% used [0x00000000f0000000,0x00000000f0000000,0x00000000fd2c0000)
  from space 16640K, 99% used [0x00000000fd2c0000,0x00000000fe2f6960,0x00000000fe300000)
  to   space 24320K, 0% used [0x00000000fe840000,0x00000000fe840000,0x0000000100000000)
 ParOldGen       total 161728K, used 112467K [0x00000000d0000000, 0x00000000d9df0000, 0x00000000f0000000)
  object space 161728K, 69% used [0x00000000d0000000,0x00000000d6dd4fd8,0x00000000d9df0000)
 PSPermGen       total 94528K, used 76309K [0x00000000c0000000, 0x00000000c5c50000, 0x00000000d0000000)
  object space 94528K, 80% used [0x00000000c0000000,0x00000000c4a85460,0x00000000c5c50000)
}
Event: 22.722 GC heap before
{Heap before GC invocations=51 (full 5):
 PSYoungGen      total 232448K, used 230520K [0x00000000f0000000, 0x0000000100000000, 0x0000000100000000)
  eden space 215808K, 99% used [0x00000000f0000000,0x00000000fd0e7748,0x00000000fd2c0000)
  from space 16640K, 99% used [0x00000000fd2c0000,0x00000000fe2f6960,0x00000000fe300000)
  to   space 24320K, 0% used [0x00000000fe840000,0x00000000fe840000,0x0000000100000000)
 ParOldGen       total 161728K, used 112467K [0x00000000d0000000, 0x00000000d9df0000, 0x00000000f0000000)
  object space 161728K, 69% used [0x00000000d0000000,0x00000000d6dd4fd8,0x00000000d9df0000)
 PSPermGen       total 94528K, used 77247K [0x00000000c0000000, 0x00000000c5c50000, 0x00000000d0000000)
  object space 94528K, 81% used [0x00000000c0000000,0x00000000c4b6fd68,0x00000000c5c50000)
Event: 22.736 GC heap after
Heap after GC invocations=51 (full 5):
 PSYoungGen      total 235008K, used 17997K [0x00000000f0000000, 0x0000000100000000, 0x0000000100000000)
  eden space 210688K, 0% used [0x00000000f0000000,0x00000000f0000000,0x00000000fcdc0000)
  from space 24320K, 74% used [0x00000000fe840000,0x00000000ff9d34b8,0x0000000100000000)
  to   space 25728K, 0% used [0x00000000fcdc0000,0x00000000fcdc0000,0x00000000fe6e0000)
 ParOldGen       total 161728K, used 112467K [0x00000000d0000000, 0x00000000d9df0000, 0x00000000f0000000)
  object space 161728K, 69% used [0x00000000d0000000,0x00000000d6dd4fd8,0x00000000d9df0000)
 PSPermGen       total 94528K, used 77247K [0x00000000c0000000, 0x00000000c5c50000, 0x00000000d0000000)
  object space 94528K, 81% used [0x00000000c0000000,0x00000000c4b6fd68,0x00000000c5c50000)
}
Event: 23.146 GC heap before
{Heap before GC invocations=52 (full 5):
 PSYoungGen      total 235008K, used 223305K [0x00000000f0000000, 0x0000000100000000, 0x0000000100000000)
  eden space 210688K, 97% used [0x00000000f0000000,0x00000000fc87ef60,0x00000000fcdc0000)
  from space 24320K, 74% used [0x00000000fe840000,0x00000000ff9d34b8,0x0000000100000000)
  to   space 25728K, 0% used [0x00000000fcdc0000,0x00000000fcdc0000,0x00000000fe6e0000)
 ParOldGen       total 161728K, used 112467K [0x00000000d0000000, 0x00000000d9df0000, 0x00000000f0000000)
  object space 161728K, 69% used [0x00000000d0000000,0x00000000d6dd4fd8,0x00000000d9df0000)
 PSPermGen       total 94528K, used 78943K [0x00000000c0000000, 0x00000000c5c50000, 0x00000000d0000000)
  object space 94528K, 83% used [0x00000000c0000000,0x00000000c4d17e10,0x00000000c5c50000)

Deoptimization events (10 events):
Event: 21.728 Thread 0x000000000a4a0000 Uncommon trap -34 fr.pc 0x000000000292ef80
Event: 21.734 Thread 0x000000000a4a0000 Uncommon trap -34 fr.pc 0x000000000292ef80
Event: 21.792 Thread 0x000000000a4a0000 Uncommon trap -34 fr.pc 0x000000000297e784
Event: 21.793 Thread 0x000000000a4a0000 Uncommon trap -34 fr.pc 0x000000000297e784
Event: 21.793 Thread 0x000000000a4a0000 Uncommon trap -34 fr.pc 0x000000000297e784
Event: 21.793 Thread 0x000000000a4a0000 Uncommon trap -34 fr.pc 0x000000000297e784
Event: 22.200 Thread 0x000000000a4a0000 Uncommon trap -83 fr.pc 0x0000000002a48df4
Event: 22.486 Thread 0x000000000a4a0000 Uncommon trap -58 fr.pc 0x0000000002aa5234
Event: 22.486 Thread 0x000000000a4a0000 Uncommon trap -58 fr.pc 0x0000000002aa5234
Event: 22.656 Thread 0x000000000a4a0000 Uncommon trap -58 fr.pc 0x0000000002bb27ac

Internal exceptions (10 events):
Event: 22.849 Thread 0x000000000a4a0000 Threw 0x00000000f6dbbe80 at C:\jdk7u2_64p\jdk7u17\hotspot\src\share\vm\prims\jvm.cpp:1166
Event: 22.849 Thread 0x000000000a4a0000 Threw 0x00000000f6dbd190 at C:\jdk7u2_64p\jdk7u17\hotspot\src\share\vm\prims\jvm.cpp:1166
Event: 22.849 Thread 0x000000000a4a0000 Threw 0x00000000f6dd11e8 at C:\jdk7u2_64p\jdk7u17\hotspot\src\share\vm\prims\jvm.cpp:1166
Event: 22.849 Thread 0x000000000a4a0000 Threw 0x00000000f6dd1e88 at C:\jdk7u2_64p\jdk7u17\hotspot\src\share\vm\prims\jvm.cpp:1166
Event: 22.849 Thread 0x000000000a4a0000 Threw 0x00000000f6dd3198 at C:\jdk7u2_64p\jdk7u17\hotspot\src\share\vm\prims\jvm.cpp:1166
Event: 22.850 Thread 0x000000000a4a0000 Threw 0x00000000f6dd93b8 at C:\jdk7u2_64p\jdk7u17\hotspot\src\share\vm\prims\jvm.cpp:1166
Event: 22.850 Thread 0x000000000a4a0000 Threw 0x00000000f6ddf208 at C:\jdk7u2_64p\jdk7u17\hotspot\src\share\vm\prims\jvm.cpp:1166
Event: 22.850 Thread 0x000000000a4a0000 Threw 0x00000000f6de0468 at C:\jdk7u2_64p\jdk7u17\hotspot\src\share\vm\prims\jvm.cpp:1166
Event: 22.850 Thread 0x000000000a4a0000 Threw 0x00000000f6de0d60 at C:\jdk7u2_64p\jdk7u17\hotspot\src\share\vm\classfile\systemDictionary.cpp:179
Event: 22.863 Thread 0x000000000a4a0000 Threw 0x00000000f6f6aa08 at C:\jdk7u2_64p\jdk7u17\hotspot\src\share\vm\prims\jvm.cpp:1166

Events (10 events):
Event: 22.849 loading class 0x000000000c5312a0 done
Event: 22.849 loading class 0x000000000c5312a0
Event: 22.849 loading class 0x000000000c5312a0 done
Event: 22.850 loading class 0x000000000c5312a0
Event: 22.850 loading class 0x000000000c5312a0 done
Event: 22.893 Thread 0x000000000a15e000 flushing nmethod 0x0000000002cc9f90
Event: 22.893 Thread 0x000000000a15e000 flushing nmethod 0x0000000002ce0010
Event: 22.896 Thread 0x000000000a183800 flushing nmethod 0x0000000002e4b310
Event: 22.896 Thread 0x000000000a183800 flushing nmethod 0x0000000002e72c90
Event: 23.146 Executing VM operation: ParallelGCFailedAllocation


Dynamic libraries:
0x000000013fd50000 - 0x000000013fd83000 	C:\Program Files\Java\jdk1.7.0_17\bin\javaw.exe
0x0000000076d10000 - 0x0000000076eb9000 	C:\Windows\SYSTEM32\ntdll.dll
0x0000000076af0000 - 0x0000000076c0f000 	C:\Windows\system32\kernel32.dll
0x000007fefc320000 - 0x000007fefc38b000 	C:\Windows\system32\KERNELBASE.dll
0x000007fefdd60000 - 0x000007fefde3b000 	C:\Windows\system32\ADVAPI32.dll
0x000007fefccd0000 - 0x000007fefcd6f000 	C:\Windows\system32\msvcrt.dll
0x000007fefe120000 - 0x000007fefe13f000 	C:\Windows\SYSTEM32\sechost.dll
0x000007fefc6d0000 - 0x000007fefc7fd000 	C:\Windows\system32\RPCRT4.dll
0x0000000076c10000 - 0x0000000076d0a000 	C:\Windows\system32\USER32.dll
0x000007fefdcf0000 - 0x000007fefdd57000 	C:\Windows\system32\GDI32.dll
0x000007fefe140000 - 0x000007fefe14e000 	C:\Windows\system32\LPK.dll
0x000007fefe150000 - 0x000007fefe219000 	C:\Windows\system32\USP10.dll
0x000007fefa760000 - 0x000007fefa954000 	C:\Windows\WinSxS\amd64_microsoft.windows.common-controls_6595b64144ccf1df_6.0.7601.17514_none_fa396087175ac9ac\COMCTL32.dll
0x000007fefde40000 - 0x000007fefdeb1000 	C:\Windows\system32\SHLWAPI.dll
0x000007fefcba0000 - 0x000007fefcbce000 	C:\Windows\system32\IMM32.DLL
0x000007fefc5c0000 - 0x000007fefc6c9000 	C:\Windows\system32\MSCTF.dll
0x0000000067bd0000 - 0x0000000067ca1000 	C:\Program Files\Java\jdk1.7.0_17\jre\bin\msvcr100.dll
0x00000000674b0000 - 0x0000000067bcf000 	C:\Program Files\Java\jdk1.7.0_17\jre\bin\server\jvm.dll
0x000007feea4b0000 - 0x000007feea4b9000 	C:\Windows\system32\WSOCK32.dll
0x000007fefc570000 - 0x000007fefc5bd000 	C:\Windows\system32\WS2_32.dll
0x000007fefcb90000 - 0x000007fefcb98000 	C:\Windows\system32\NSI.dll
0x000007fef9f80000 - 0x000007fef9fbb000 	C:\Windows\system32\WINMM.dll
0x0000000076ed0000 - 0x0000000076ed7000 	C:\Windows\system32\PSAPI.DLL
0x00000000674a0000 - 0x00000000674af000 	C:\Program Files\Java\jdk1.7.0_17\jre\bin\verify.dll
0x0000000067470000 - 0x0000000067498000 	C:\Program Files\Java\jdk1.7.0_17\jre\bin\java.dll
0x0000000071b20000 - 0x0000000071b43000 	C:\Program Files\Java\jdk1.7.0_17\jre\bin\instrument.dll
0x0000000067450000 - 0x0000000067465000 	C:\Program Files\Java\jdk1.7.0_17\jre\bin\zip.dll
0x000007fefb890000 - 0x000007fefb8a7000 	C:\Windows\system32\CRYPTSP.dll
0x000007fefb590000 - 0x000007fefb5d7000 	C:\Windows\system32\rsaenh.dll
0x000007fefb300000 - 0x000007fefb31e000 	C:\Windows\system32\USERENV.dll
0x000007fefbfc0000 - 0x000007fefbfcf000 	C:\Windows\system32\profapi.dll
0x000007fefbef0000 - 0x000007fefbeff000 	C:\Windows\system32\CRYPTBASE.dll
0x0000000067430000 - 0x0000000067449000 	C:\Program Files\Java\jdk1.7.0_17\jre\bin\net.dll
0x000007fefb830000 - 0x000007fefb885000 	C:\Windows\system32\mswsock.dll
0x000007fefb820000 - 0x000007fefb827000 	C:\Windows\System32\wship6.dll
0x000007fef9f60000 - 0x000007fef9f75000 	C:\Windows\system32\NLAapi.dll
0x000007fef75e0000 - 0x000007fef75f5000 	C:\Windows\system32\napinsp.dll
0x000007fef75c0000 - 0x000007fef75d9000 	C:\Windows\system32\pnrpnsp.dll
0x000007fefb6b0000 - 0x000007fefb70b000 	C:\Windows\system32\DNSAPI.dll
0x000007fef75b0000 - 0x000007fef75bb000 	C:\Windows\System32\winrnr.dll
0x000007fefb1f0000 - 0x000007fefb1f7000 	C:\Windows\System32\wshtcpip.dll
0x000007fef9be0000 - 0x000007fef9c07000 	C:\Windows\system32\IPHLPAPI.DLL
0x000007fef9bd0000 - 0x000007fef9bdb000 	C:\Windows\system32\WINNSI.DLL
0x000007fef81c0000 - 0x000007fef81c8000 	C:\Windows\system32\rasadhlp.dll
0x000007fef9a90000 - 0x000007fef9ae3000 	C:\Windows\System32\fwpuclnt.dll
0x0000000067410000 - 0x0000000067421000 	C:\Program Files\Java\jdk1.7.0_17\jre\bin\nio.dll
0x0000000180000000 - 0x0000000180037000 	C:\Users\romeo\AppData\Local\Temp\jna5225834587516665673.dll
0x0000000000370000 - 0x0000000000380000 	C:\Users\romeo\AppData\Local\Temp\jline_.dll
0x00000000673e0000 - 0x0000000067404000 	C:\Program Files\Java\jdk1.7.0_17\jre\bin\sunec.dll
0x00000000673d0000 - 0x00000000673db000 	C:\Program Files\Java\jdk1.7.0_17\jre\bin\sunmscapi.dll
0x000007fefc0b0000 - 0x000007fefc21a000 	C:\Windows\system32\CRYPT32.dll
0x000007fefc060000 - 0x000007fefc06f000 	C:\Windows\system32\MSASN1.dll
0x0000000071b10000 - 0x0000000071b1b000 	C:\Program Files\Java\jdk1.7.0_17\jre\bin\management.dll

VM Arguments:
jvm_args: -Xmx768M -XX:MaxPermSize=256m -Dbase.dir=F:\DEV\git\grails\trieranantes -Djline.terminal=jline.UnsupportedTerminal -Dgrails.home=F:\DEV\resources\grails\grails-2.1.0 -javaagent:F:\DEV\resources\grails\grails-2.1.0\lib\com.springsource.springloaded\springloaded-core\jars\springloaded-core-1.0.6.jar -Xverify:none -Dspringloaded=profile=grails;cacheDir=F:\DEV\workspace_ggts\.metadata\.plugins\org.grails.ide.eclipse.core\2.1.0 -Dfile.encoding=Cp1252 
java_command: org.codehaus.groovy.grails.cli.support.GrailsStarter --conf F:\DEV\resources\grails\grails-2.1.0\conf\groovy-starter.conf --main org.codehaus.groovy.grails.cli.GrailsScriptRunner run-app
Launcher Type: SUN_STANDARD

Environment Variables:
JAVA_HOME=C:\Program Files\Java\jdk1.7.0_17
PATH=C:\Program Files (x86)\NVIDIA Corporation\PhysX\Common;C:\Program Files (x86)\AMD APP\bin\x86_64;C:\Program Files (x86)\AMD APP\bin\x86;C:\Windows\system32;C:\Windows;C:\Windows\System32\Wbem;C:\Windows\System32\WindowsPowerShell\v1.0\;C:\Program Files (x86)\ATI Technologies\ATI.ACE\Core-Static;C:\Program Files\TortoiseGit\bin
USERNAME=romeo
OS=Windows_NT
PROCESSOR_IDENTIFIER=Intel64 Family 6 Model 30 Stepping 5, GenuineIntel



---------------  S Y S T E M  ---------------

OS: Windows 7 , 64 bit Build 7601 Service Pack 1

CPU:total 4 (4 cores per cpu, 1 threads per core) family 6 model 30 stepping 5, cmov, cx8, fxsr, mmx, sse, sse2, sse3, ssse3, sse4.1, sse4.2, popcnt, tsc, tscinvbit

Memory: 4k page, physical 2095156k(136680k free), swap 4143156k(918036k free)

vm_info: Java HotSpot(TM) 64-Bit Server VM (23.7-b01) for windows-amd64 JRE (1.7.0_17-b02), built on Mar  1 2013 03:38:30 by "java_re" with unknown MS VC++:1600

time: Fri May 17 19:52:37 2013
elapsed time: 23 seconds

