#
# A fatal error has been detected by the Java Runtime Environment:
#
#  Internal Error (os_windows_x86.cpp:149), pid=2040, tid=3104
#  guarantee(result == EXCEPTION_CONTINUE_EXECUTION) failed: Unexpected result from topLevelExceptionFilter
#
# JRE version: 7.0_17-b02
# Java VM: Java HotSpot(TM) 64-Bit Server VM (23.7-b01 mixed mode windows-amd64 compressed oops)
# Failed to write core dump. Minidumps are not enabled by default on client versions of Windows
#
# If you would like to submit a bug report, please visit:
#   http://bugreport.sun.com/bugreport/crash.jsp
#

---------------  T H R E A D  ---------------

Current thread (0x000000000dc48000):  JavaThread "pool-5-thread-1" [_thread_in_Java, id=3104, stack(0x0000000014220000,0x0000000014320000)]

Stack: [0x0000000014220000,0x0000000014320000]

---------------  P R O C E S S  ---------------

Java Threads: ( => current thread )
  0x000000000dc49000 JavaThread "net.sf.ehcache.CacheManager@5886d762" daemon [_thread_blocked, id=2448, stack(0x00000000148c0000,0x00000000149c0000)]
=>0x000000000dc48000 JavaThread "pool-5-thread-1" [_thread_in_Java, id=3104, stack(0x0000000014220000,0x0000000014320000)]
  0x000000000dc47800 JavaThread "pool-4-thread-1" [_thread_blocked, id=4632, stack(0x0000000014020000,0x0000000014120000)]
  0x000000000dc46000 JavaThread "pool-2-thread-5" [_thread_blocked, id=5580, stack(0x0000000013e30000,0x0000000013f30000)]
  0x000000000dc45000 JavaThread "pool-2-thread-4" [_thread_blocked, id=2988, stack(0x0000000013c00000,0x0000000013d00000)]
  0x000000000dc44800 JavaThread "pool-2-thread-3" [_thread_blocked, id=4628, stack(0x0000000013d10000,0x0000000013e10000)]
  0x000000000dc43800 JavaThread "pool-2-thread-2" [_thread_blocked, id=4892, stack(0x000000000cd00000,0x000000000ce00000)]
  0x000000000c431800 JavaThread "pool-2-thread-1" [_thread_blocked, id=4408, stack(0x000000000e030000,0x000000000e130000)]
  0x000000000b39f000 JavaThread "pool-1-thread-5" [_thread_blocked, id=5720, stack(0x00000000136e0000,0x00000000137e0000)]
  0x000000000daad000 JavaThread "pool-1-thread-4" [_thread_blocked, id=1152, stack(0x0000000013890000,0x0000000013990000)]
  0x000000000da74000 JavaThread "pool-1-thread-3" [_thread_blocked, id=3668, stack(0x0000000011450000,0x0000000011550000)]
  0x000000000dd6e800 JavaThread "pool-1-thread-2" [_thread_blocked, id=5932, stack(0x00000000125b0000,0x00000000126b0000)]
  0x000000000b260000 JavaThread "pool-1-thread-1" [_thread_blocked, id=4912, stack(0x000000000e2d0000,0x000000000e3d0000)]
  0x000000000f057000 JavaThread "FileSystemWatcher: files=#250 cl=java.net.URLClassLoader@2a383a99" daemon [_thread_blocked, id=4928, stack(0x0000000013aa0000,0x0000000013ba0000)]
  0x00000000103f9000 JavaThread "FileSystemWatcher: files=#6 cl=groovy.lang.GroovyClassLoader@32c6a74b" daemon [_thread_blocked, id=4128, stack(0x000000000e1b0000,0x000000000e2b0000)]
  0x0000000011824800 JavaThread "Synchronizer (Spring UAA/1.0.1)" daemon [_thread_blocked, id=5208, stack(0x000000000ceb0000,0x000000000cfb0000)]
  0x000000000a20e000 JavaThread "Service Thread" daemon [_thread_blocked, id=5452, stack(0x000000000aa60000,0x000000000ab60000)]
  0x000000000a213800 JavaThread "C2 CompilerThread1" daemon [_thread_in_native, id=5596, stack(0x000000000a850000,0x000000000a950000)]
  0x000000000a1ee000 JavaThread "C2 CompilerThread0" daemon [_thread_blocked, id=4216, stack(0x000000000a600000,0x000000000a700000)]
  0x0000000008ca7800 JavaThread "Attach Listener" daemon [_thread_blocked, id=2588, stack(0x000000000a050000,0x000000000a150000)]
  0x0000000008ca0800 JavaThread "Signal Dispatcher" daemon [_thread_blocked, id=3708, stack(0x0000000009e70000,0x0000000009f70000)]
  0x0000000002126800 JavaThread "Finalizer" daemon [_thread_blocked, id=5112, stack(0x0000000009d50000,0x0000000009e50000)]
  0x0000000008c23800 JavaThread "Reference Handler" daemon [_thread_blocked, id=3480, stack(0x0000000009c50000,0x0000000009d50000)]
  0x00000000021fd000 JavaThread "main" [_thread_blocked, id=1980, stack(0x0000000002450000,0x0000000002550000)]

Other Threads:
  0x0000000008c22800 VMThread [stack: 0x0000000009b40000,0x0000000009c40000] [id=2584]
  0x000000000a20e800 WatcherThread [stack: 0x000000000ac20000,0x000000000ad20000] [id=6116]

VM state:not at safepoint (normal execution)

VM Mutex/Monitor currently owned by a thread: None

Heap
 PSYoungGen      total 220672K, used 219813K [0x00000000f0000000, 0x0000000100000000, 0x0000000100000000)
  eden space 195584K, 99% used [0x00000000f0000000,0x00000000fbe31c50,0x00000000fbf00000)
  from space 25088K, 99% used [0x00000000fbf00000,0x00000000fd777980,0x00000000fd780000)
  to   space 35520K, 0% used [0x00000000fdd50000,0x00000000fdd50000,0x0000000100000000)
 ParOldGen       total 157632K, used 105495K [0x00000000d0000000, 0x00000000d99f0000, 0x00000000f0000000)
  object space 157632K, 66% used [0x00000000d0000000,0x00000000d6705f08,0x00000000d99f0000)
 PSPermGen       total 91712K, used 78939K [0x00000000c0000000, 0x00000000c5990000, 0x00000000d0000000)
  object space 91712K, 86% used [0x00000000c0000000,0x00000000c4d16e58,0x00000000c5990000)

Card table byte_map: [0x0000000005650000,0x0000000005860000] byte_map_base: 0x0000000005050000

Polling page: 0x0000000000230000

Code Cache  [0x0000000002650000, 0x0000000002e40000, 0x0000000005650000)
 total_blobs=2225 nmethods=1541 adapters=633 free_code_cache=42367Kb largest_free_block=42020864

Compilation events (10 events):
Event: 23.417 Thread 0x000000000a213800 nmethod 1697 0x0000000002af4b10 code [0x0000000002af4e00, 0x0000000002af60b8]
Event: 23.442 Thread 0x000000000a1ee000 1700             org.h2.table.TableFilter::isOk (21 bytes)
Event: 23.442 Thread 0x000000000a1ee000 nmethod 1700 0x00000000028b2b50 code [0x00000000028b2c80, 0x00000000028b2cf8]
Event: 23.446 Thread 0x000000000a213800 1701             java.beans.PropertyDescriptor::getPropertyEditorClass (22 bytes)
Event: 23.446 Thread 0x000000000a213800 nmethod 1701 0x0000000002d5edd0 code [0x0000000002d5ef00, 0x0000000002d5ef78]
Event: 23.453 Thread 0x000000000a1ee000 1702             org.h2.result.Row::getValue (22 bytes)
Event: 23.454 Thread 0x000000000a1ee000 nmethod 1702 0x0000000002d5eb10 code [0x0000000002d5ec60, 0x0000000002d5ed08]
Event: 23.499 Thread 0x000000000a213800 1703   !         org.h2.table.MetaTable::generateRows (7899 bytes)
Event: 23.505 Thread 0x000000000a1ee000 1704             org.h2.value.Value::getHigherOrder (75 bytes)
Event: 23.506 Thread 0x000000000a1ee000 nmethod 1704 0x0000000002d5e610 code [0x0000000002d5e7a0, 0x0000000002d5e920]

GC Heap History (10 events):
Event: 21.965 GC heap before
{Heap before GC invocations=52 (full 5):
 PSYoungGen      total 229888K, used 208627K [0x00000000f0000000, 0x00000000ffc60000, 0x0000000100000000)
  eden space 203648K, 96% used [0x00000000f0000000,0x00000000fbfc01b0,0x00000000fc6e0000)
  from space 26240K, 46% used [0x00000000fe2c0000,0x00000000feebce08,0x00000000ffc60000)
  to   space 27392K, 0% used [0x00000000fc6e0000,0x00000000fc6e0000,0x00000000fe1a0000)
 ParOldGen       total 157632K, used 105495K [0x00000000d0000000, 0x00000000d99f0000, 0x00000000f0000000)
  object space 157632K, 66% used [0x00000000d0000000,0x00000000d6705f08,0x00000000d99f0000)
 PSPermGen       total 91712K, used 72265K [0x00000000c0000000, 0x00000000c5990000, 0x00000000d0000000)
  object space 91712K, 78% used [0x00000000c0000000,0x00000000c4692660,0x00000000c5990000)
Event: 21.980 GC heap after
Heap after GC invocations=52 (full 5):
 PSYoungGen      total 231040K, used 16891K [0x00000000f0000000, 0x0000000100000000, 0x0000000100000000)
  eden space 203648K, 0% used [0x00000000f0000000,0x00000000f0000000,0x00000000fc6e0000)
  from space 27392K, 61% used [0x00000000fc6e0000,0x00000000fd75edb8,0x00000000fe1a0000)
  to   space 28160K, 0% used [0x00000000fe480000,0x00000000fe480000,0x0000000100000000)
 ParOldGen       total 157632K, used 105495K [0x00000000d0000000, 0x00000000d99f0000, 0x00000000f0000000)
  object space 157632K, 66% used [0x00000000d0000000,0x00000000d6705f08,0x00000000d99f0000)
 PSPermGen       total 91712K, used 72265K [0x00000000c0000000, 0x00000000c5990000, 0x00000000d0000000)
  object space 91712K, 78% used [0x00000000c0000000,0x00000000c4692660,0x00000000c5990000)
}
Event: 22.280 GC heap before
{Heap before GC invocations=53 (full 5):
 PSYoungGen      total 231040K, used 213198K [0x00000000f0000000, 0x0000000100000000, 0x0000000100000000)
  eden space 203648K, 96% used [0x00000000f0000000,0x00000000fbfb4cf8,0x00000000fc6e0000)
  from space 27392K, 61% used [0x00000000fc6e0000,0x00000000fd75edb8,0x00000000fe1a0000)
  to   space 28160K, 0% used [0x00000000fe480000,0x00000000fe480000,0x0000000100000000)
 ParOldGen       total 157632K, used 105495K [0x00000000d0000000, 0x00000000d99f0000, 0x00000000f0000000)
  object space 157632K, 66% used [0x00000000d0000000,0x00000000d6705f08,0x00000000d99f0000)
 PSPermGen       total 91712K, used 74141K [0x00000000c0000000, 0x00000000c5990000, 0x00000000d0000000)
  object space 91712K, 80% used [0x00000000c0000000,0x00000000c4867650,0x00000000c5990000)
Event: 22.296 GC heap after
Heap after GC invocations=53 (full 5):
 PSYoungGen      total 230912K, used 19800K [0x00000000f0000000, 0x0000000100000000, 0x0000000100000000)
  eden space 202752K, 0% used [0x00000000f0000000,0x00000000f0000000,0x00000000fc600000)
  from space 28160K, 70% used [0x00000000fe480000,0x00000000ff7d60d8,0x0000000100000000)
  to   space 29696K, 0% used [0x00000000fc600000,0x00000000fc600000,0x00000000fe300000)
 ParOldGen       total 157632K, used 105495K [0x00000000d0000000, 0x00000000d99f0000, 0x00000000f0000000)
  object space 157632K, 66% used [0x00000000d0000000,0x00000000d6705f08,0x00000000d99f0000)
 PSPermGen       total 91712K, used 74141K [0x00000000c0000000, 0x00000000c5990000, 0x00000000d0000000)
  object space 91712K, 80% used [0x00000000c0000000,0x00000000c4867650,0x00000000c5990000)
}
Event: 22.501 GC heap before
{Heap before GC invocations=54 (full 5):
 PSYoungGen      total 230912K, used 217410K [0x00000000f0000000, 0x0000000100000000, 0x0000000100000000)
  eden space 202752K, 97% used [0x00000000f0000000,0x00000000fc0faab8,0x00000000fc600000)
  from space 28160K, 70% used [0x00000000fe480000,0x00000000ff7d60d8,0x0000000100000000)
  to   space 29696K, 0% used [0x00000000fc600000,0x00000000fc600000,0x00000000fe300000)
 ParOldGen       total 157632K, used 105495K [0x00000000d0000000, 0x00000000d99f0000, 0x00000000f0000000)
  object space 157632K, 66% used [0x00000000d0000000,0x00000000d6705f08,0x00000000d99f0000)
 PSPermGen       total 91712K, used 74912K [0x00000000c0000000, 0x00000000c5990000, 0x00000000d0000000)
  object space 91712K, 81% used [0x00000000c0000000,0x00000000c4928120,0x00000000c5990000)
Event: 22.517 GC heap after
Heap after GC invocations=54 (full 5):
 PSYoungGen      total 222720K, used 19949K [0x00000000f0000000, 0x0000000100000000, 0x0000000100000000)
  eden space 202752K, 0% used [0x00000000f0000000,0x00000000f0000000,0x00000000fc600000)
  from space 19968K, 99% used [0x00000000fc600000,0x00000000fd97b5e8,0x00000000fd980000)
  to   space 30912K, 0% used [0x00000000fe1d0000,0x00000000fe1d0000,0x0000000100000000)
 ParOldGen       total 157632K, used 105495K [0x00000000d0000000, 0x00000000d99f0000, 0x00000000f0000000)
  object space 157632K, 66% used [0x00000000d0000000,0x00000000d6705f08,0x00000000d99f0000)
 PSPermGen       total 91712K, used 74912K [0x00000000c0000000, 0x00000000c5990000, 0x00000000d0000000)
  object space 91712K, 81% used [0x00000000c0000000,0x00000000c4928120,0x00000000c5990000)
}
Event: 22.859 GC heap before
{Heap before GC invocations=55 (full 5):
 PSYoungGen      total 222720K, used 219452K [0x00000000f0000000, 0x0000000100000000, 0x0000000100000000)
  eden space 202752K, 98% used [0x00000000f0000000,0x00000000fc2d3b98,0x00000000fc600000)
  from space 19968K, 99% used [0x00000000fc600000,0x00000000fd97b5e8,0x00000000fd980000)
  to   space 30912K, 0% used [0x00000000fe1d0000,0x00000000fe1d0000,0x0000000100000000)
 ParOldGen       total 157632K, used 105495K [0x00000000d0000000, 0x00000000d99f0000, 0x00000000f0000000)
  object space 157632K, 66% used [0x00000000d0000000,0x00000000d6705f08,0x00000000d99f0000)
 PSPermGen       total 91712K, used 76458K [0x00000000c0000000, 0x00000000c5990000, 0x00000000d0000000)
  object space 91712K, 83% used [0x00000000c0000000,0x00000000c4aaa948,0x00000000c5990000)
Event: 22.879 GC heap after
Heap after GC invocations=55 (full 5):
 PSYoungGen      total 226496K, used 23936K [0x00000000f0000000, 0x0000000100000000, 0x0000000100000000)
  eden space 195584K, 0% used [0x00000000f0000000,0x00000000f0000000,0x00000000fbf00000)
  from space 30912K, 77% used [0x00000000fe1d0000,0x00000000ff9303e0,0x0000000100000000)
  to   space 33280K, 0% used [0x00000000fbf00000,0x00000000fbf00000,0x00000000fdf80000)
 ParOldGen       total 157632K, used 105495K [0x00000000d0000000, 0x00000000d99f0000, 0x00000000f0000000)
  object space 157632K, 66% used [0x00000000d0000000,0x00000000d6705f08,0x00000000d99f0000)
 PSPermGen       total 91712K, used 76458K [0x00000000c0000000, 0x00000000c5990000, 0x00000000d0000000)
  object space 91712K, 83% used [0x00000000c0000000,0x00000000c4aaa948,0x00000000c5990000)
}
Event: 23.051 GC heap before
{Heap before GC invocations=56 (full 5):
 PSYoungGen      total 226496K, used 216783K [0x00000000f0000000, 0x0000000100000000, 0x0000000100000000)
  eden space 195584K, 98% used [0x00000000f0000000,0x00000000fbc53b38,0x00000000fbf00000)
  from space 30912K, 77% used [0x00000000fe1d0000,0x00000000ff9303e0,0x0000000100000000)
  to   space 33280K, 0% used [0x00000000fbf00000,0x00000000fbf00000,0x00000000fdf80000)
 ParOldGen       total 157632K, used 105495K [0x00000000d0000000, 0x00000000d99f0000, 0x00000000f0000000)
  object space 157632K, 66% used [0x00000000d0000000,0x00000000d6705f08,0x00000000d99f0000)
 PSPermGen       total 91712K, used 77233K [0x00000000c0000000, 0x00000000c5990000, 0x00000000d0000000)
  object space 91712K, 84% used [0x00000000c0000000,0x00000000c4b6c6c0,0x00000000c5990000)
Event: 23.071 GC heap after
Heap after GC invocations=56 (full 5):
 PSYoungGen      total 220672K, used 25054K [0x00000000f0000000, 0x0000000100000000, 0x0000000100000000)
  eden space 195584K, 0% used [0x00000000f0000000,0x00000000f0000000,0x00000000fbf00000)
  from space 25088K, 99% used [0x00000000fbf00000,0x00000000fd777980,0x00000000fd780000)
  to   space 35520K, 0% used [0x00000000fdd50000,0x00000000fdd50000,0x0000000100000000)
 ParOldGen       total 157632K, used 105495K [0x00000000d0000000, 0x00000000d99f0000, 0x00000000f0000000)
  object space 157632K, 66% used [0x00000000d0000000,0x00000000d6705f08,0x00000000d99f0000)
 PSPermGen       total 91712K, used 77233K [0x00000000c0000000, 0x00000000c5990000, 0x00000000d0000000)
  object space 91712K, 84% used [0x00000000c0000000,0x00000000c4b6c6c0,0x00000000c5990000)
}

Deoptimization events (10 events):
Event: 22.005 Thread 0x000000000dc48000 Uncommon trap -34 fr.pc 0x00000000028ac484
Event: 22.005 Thread 0x000000000dc48000 Uncommon trap -34 fr.pc 0x00000000028ac484
Event: 22.006 Thread 0x000000000dc48000 Uncommon trap -34 fr.pc 0x0000000002b14cf4
Event: 22.025 Thread 0x000000000dc48000 Uncommon trap -34 fr.pc 0x0000000002b14cf4
Event: 22.443 Thread 0x000000000dc48000 Uncommon trap -83 fr.pc 0x0000000002974fb4
Event: 22.748 Thread 0x000000000dc48000 Uncommon trap -58 fr.pc 0x00000000029eb974
Event: 22.749 Thread 0x000000000dc48000 Uncommon trap -58 fr.pc 0x00000000029eb974
Event: 22.984 Thread 0x000000000dc48000 Uncommon trap -58 fr.pc 0x00000000029250f8
Event: 23.050 Thread 0x000000000dc48000 Uncommon trap -34 fr.pc 0x0000000002b14cf4
Event: 23.154 Thread 0x000000000dc48000 Uncommon trap -34 fr.pc 0x0000000002b14cf4

Internal exceptions (10 events):
Event: 23.215 Thread 0x000000000dc48000 Threw 0x00000000f77a4888 at C:\jdk7u2_64p\jdk7u17\hotspot\src\share\vm\prims\jvm.cpp:1166
Event: 23.215 Thread 0x000000000dc48000 Threw 0x00000000f77a5b98 at C:\jdk7u2_64p\jdk7u17\hotspot\src\share\vm\prims\jvm.cpp:1166
Event: 23.215 Thread 0x000000000dc48000 Threw 0x00000000f77b9bf0 at C:\jdk7u2_64p\jdk7u17\hotspot\src\share\vm\prims\jvm.cpp:1166
Event: 23.215 Thread 0x000000000dc48000 Threw 0x00000000f77ba890 at C:\jdk7u2_64p\jdk7u17\hotspot\src\share\vm\prims\jvm.cpp:1166
Event: 23.215 Thread 0x000000000dc48000 Threw 0x00000000f77bbba0 at C:\jdk7u2_64p\jdk7u17\hotspot\src\share\vm\prims\jvm.cpp:1166
Event: 23.215 Thread 0x000000000dc48000 Threw 0x00000000f77c1dc0 at C:\jdk7u2_64p\jdk7u17\hotspot\src\share\vm\prims\jvm.cpp:1166
Event: 23.215 Thread 0x000000000dc48000 Threw 0x00000000f77c7bd0 at C:\jdk7u2_64p\jdk7u17\hotspot\src\share\vm\prims\jvm.cpp:1166
Event: 23.215 Thread 0x000000000dc48000 Threw 0x00000000f77c8e30 at C:\jdk7u2_64p\jdk7u17\hotspot\src\share\vm\prims\jvm.cpp:1166
Event: 23.216 Thread 0x000000000dc48000 Threw 0x00000000f77c9728 at C:\jdk7u2_64p\jdk7u17\hotspot\src\share\vm\classfile\systemDictionary.cpp:179
Event: 23.232 Thread 0x000000000dc48000 Threw 0x00000000f7954358 at C:\jdk7u2_64p\jdk7u17\hotspot\src\share\vm\prims\jvm.cpp:1166

Events (10 events):
Event: 23.215 loading class 0x000000001309c3f0 done
Event: 23.215 loading class 0x000000001309c3f0
Event: 23.215 loading class 0x000000001309c3f0 done
Event: 23.215 loading class 0x000000001309c3f0
Event: 23.215 loading class 0x000000001309c3f0 done
Event: 23.238 Thread 0x000000000a213800 flushing nmethod 0x0000000002c6e290
Event: 23.238 Thread 0x000000000a213800 flushing nmethod 0x0000000002cd3850
Event: 23.265 Thread 0x000000000a213800 flushing nmethod 0x0000000002d51d90
Event: 23.265 Thread 0x000000000a213800 flushing nmethod 0x0000000002d533d0
Event: 23.265 Thread 0x000000000a213800 flushing nmethod 0x0000000002d5e450


Dynamic libraries:
0x000000013f9f0000 - 0x000000013fa23000 	C:\Program Files\Java\jdk1.7.0_17\bin\javaw.exe
0x0000000077890000 - 0x0000000077a39000 	C:\Windows\SYSTEM32\ntdll.dll
0x0000000077770000 - 0x000000007788f000 	C:\Windows\system32\kernel32.dll
0x000007fefccd0000 - 0x000007fefcd3b000 	C:\Windows\system32\KERNELBASE.dll
0x000007fefd680000 - 0x000007fefd75b000 	C:\Windows\system32\ADVAPI32.dll
0x000007fefd810000 - 0x000007fefd8af000 	C:\Windows\system32\msvcrt.dll
0x000007fefee60000 - 0x000007fefee7f000 	C:\Windows\SYSTEM32\sechost.dll
0x000007fefd170000 - 0x000007fefd29d000 	C:\Windows\system32\RPCRT4.dll
0x0000000077670000 - 0x000000007776a000 	C:\Windows\system32\USER32.dll
0x000007fefee90000 - 0x000007fefeef7000 	C:\Windows\system32\GDI32.dll
0x000007fefee80000 - 0x000007fefee8e000 	C:\Windows\system32\LPK.dll
0x000007fefe000000 - 0x000007fefe0c9000 	C:\Windows\system32\USP10.dll
0x000007fefb5c0000 - 0x000007fefb7b4000 	C:\Windows\WinSxS\amd64_microsoft.windows.common-controls_6595b64144ccf1df_6.0.7601.17514_none_fa396087175ac9ac\COMCTL32.dll
0x000007fefde50000 - 0x000007fefdec1000 	C:\Windows\system32\SHLWAPI.dll
0x000007fefd8b0000 - 0x000007fefd8de000 	C:\Windows\system32\IMM32.DLL
0x000007fefdc80000 - 0x000007fefdd89000 	C:\Windows\system32\MSCTF.dll
0x00000000719e0000 - 0x0000000071ab1000 	C:\Program Files\Java\jdk1.7.0_17\jre\bin\msvcr100.dll
0x00000000668f0000 - 0x000000006700f000 	C:\Program Files\Java\jdk1.7.0_17\jre\bin\server\jvm.dll
0x000007fefa470000 - 0x000007fefa479000 	C:\Windows\system32\WSOCK32.dll
0x000007fefcf10000 - 0x000007fefcf5d000 	C:\Windows\system32\WS2_32.dll
0x000007fefd800000 - 0x000007fefd808000 	C:\Windows\system32\NSI.dll
0x000007fefaaf0000 - 0x000007fefab2b000 	C:\Windows\system32\WINMM.dll
0x0000000077a60000 - 0x0000000077a67000 	C:\Windows\system32\PSAPI.DLL
0x00000000754e0000 - 0x00000000754ef000 	C:\Program Files\Java\jdk1.7.0_17\jre\bin\verify.dll
0x0000000074e30000 - 0x0000000074e58000 	C:\Program Files\Java\jdk1.7.0_17\jre\bin\java.dll
0x0000000074d90000 - 0x0000000074db3000 	C:\Program Files\Java\jdk1.7.0_17\jre\bin\instrument.dll
0x00000000754c0000 - 0x00000000754d5000 	C:\Program Files\Java\jdk1.7.0_17\jre\bin\zip.dll
0x000007fefc410000 - 0x000007fefc427000 	C:\Windows\system32\CRYPTSP.dll
0x000007fefc100000 - 0x000007fefc147000 	C:\Windows\system32\rsaenh.dll
0x000007fefbe80000 - 0x000007fefbe9e000 	C:\Windows\system32\USERENV.dll
0x000007fefcb40000 - 0x000007fefcb4f000 	C:\Windows\system32\profapi.dll
0x000007fefca70000 - 0x000007fefca7f000 	C:\Windows\system32\CRYPTBASE.dll
0x0000000074e10000 - 0x0000000074e29000 	C:\Program Files\Java\jdk1.7.0_17\jre\bin\net.dll
0x000007fefc300000 - 0x000007fefc355000 	C:\Windows\system32\mswsock.dll
0x000007fefc400000 - 0x000007fefc407000 	C:\Windows\System32\wship6.dll
0x000007fefaab0000 - 0x000007fefaac5000 	C:\Windows\system32\NLAapi.dll
0x000007fef8160000 - 0x000007fef8175000 	C:\Windows\system32\napinsp.dll
0x000007fef8140000 - 0x000007fef8159000 	C:\Windows\system32\pnrpnsp.dll
0x000007fefc1f0000 - 0x000007fefc24b000 	C:\Windows\system32\DNSAPI.dll
0x000007fef8130000 - 0x000007fef813b000 	C:\Windows\System32\winrnr.dll
0x000007fefbd70000 - 0x000007fefbd77000 	C:\Windows\System32\wshtcpip.dll
0x000007fefa6f0000 - 0x000007fefa717000 	C:\Windows\system32\IPHLPAPI.DLL
0x000007fefa6c0000 - 0x000007fefa6cb000 	C:\Windows\system32\WINNSI.DLL
0x000007fef85a0000 - 0x000007fef85a8000 	C:\Windows\system32\rasadhlp.dll
0x000007fefa4c0000 - 0x000007fefa513000 	C:\Windows\System32\fwpuclnt.dll
0x0000000074df0000 - 0x0000000074e01000 	C:\Program Files\Java\jdk1.7.0_17\jre\bin\nio.dll
0x0000000180000000 - 0x0000000180037000 	C:\Users\romeo\AppData\Local\Temp\jna8658279591834575088.dll
0x0000000000280000 - 0x0000000000290000 	C:\Users\romeo\AppData\Local\Temp\jline_.dll
0x0000000074dc0000 - 0x0000000074de4000 	C:\Program Files\Java\jdk1.7.0_17\jre\bin\sunec.dll
0x00000000754f0000 - 0x00000000754fb000 	C:\Program Files\Java\jdk1.7.0_17\jre\bin\sunmscapi.dll
0x000007fefcd40000 - 0x000007fefceaa000 	C:\Windows\system32\CRYPT32.dll
0x000007fefcbe0000 - 0x000007fefcbef000 	C:\Windows\system32\MSASN1.dll
0x0000000074d80000 - 0x0000000074d8b000 	C:\Program Files\Java\jdk1.7.0_17\jre\bin\management.dll

VM Arguments:
jvm_args: -Xmx768M -XX:MaxPermSize=256m -Dbase.dir=F:\DEV\git\grails\trieranantes -Djline.terminal=jline.UnsupportedTerminal -Dgrails.home=F:\DEV\resources\grails\grails-2.1.0 -javaagent:F:\DEV\resources\grails\grails-2.1.0\lib\com.springsource.springloaded\springloaded-core\jars\springloaded-core-1.0.6.jar -Xverify:none -Dspringloaded=profile=grails;cacheDir=F:\DEV\workspace_ggts\.metadata\.plugins\org.grails.ide.eclipse.core\2.1.0 -Dfile.encoding=Cp1252 
java_command: org.codehaus.groovy.grails.cli.support.GrailsStarter --conf F:\DEV\resources\grails\grails-2.1.0\conf\groovy-starter.conf --main org.codehaus.groovy.grails.cli.GrailsScriptRunner run-app
Launcher Type: SUN_STANDARD

Environment Variables:
JAVA_HOME=C:\Program Files\Java\jdk1.7.0_17
PATH=C:\Program Files (x86)\NVIDIA Corporation\PhysX\Common;C:\Program Files (x86)\AMD APP\bin\x86_64;C:\Program Files (x86)\AMD APP\bin\x86;C:\Windows\system32;C:\Windows;C:\Windows\System32\Wbem;C:\Windows\System32\WindowsPowerShell\v1.0\;C:\Program Files (x86)\ATI Technologies\ATI.ACE\Core-Static;C:\Program Files\TortoiseGit\bin
USERNAME=romeo
OS=Windows_NT
PROCESSOR_IDENTIFIER=Intel64 Family 6 Model 30 Stepping 5, GenuineIntel



---------------  S Y S T E M  ---------------

OS: Windows 7 , 64 bit Build 7601 Service Pack 1

CPU:total 4 (4 cores per cpu, 1 threads per core) family 6 model 30 stepping 5, cmov, cx8, fxsr, mmx, sse, sse2, sse3, ssse3, sse4.1, sse4.2, popcnt, tsc, tscinvbit

Memory: 4k page, physical 2095156k(32164k free), swap 4143156k(944420k free)

vm_info: Java HotSpot(TM) 64-Bit Server VM (23.7-b01) for windows-amd64 JRE (1.7.0_17-b02), built on Mar  1 2013 03:38:30 by "java_re" with unknown MS VC++:1600

time: Tue May 21 18:40:53 2013
elapsed time: 23 seconds

